<?xml version="1.0" encoding="UTF-8"?>
<!-- Generated by org.testng.reporters.JUnitXMLReporter -->
<testsuite ignored="12" hostname="Praveenas-MacBook-Pro.local" failures="5" tests="38" name="Test" time="973.958" errors="0" timestamp="2022-02-09T16:34:39 PST">
  <testcase classname="com.salesforce.tests.Login.LoginTest" name="CheckRememberMe" time="7.368"/>
  <testcase classname="com.salesforce.tests.Login.LoginTest" name="ForgotPassword" time="1.096"/>
  <testcase classname="com.salesforce.tests.Login.LoginTest" name="LoginErrorMessage" time="2.33"/>
  <testcase classname="com.salesforce.tests.Login.LoginTest" name="LoginSFDC" time="5.833"/>
  <testcase classname="com.salesforce.tests.Login.LoginTest" name="WrongUserNamePwd" time="1.233"/>
  <testcase classname="com.salesforce.tests.Home.UserMenuDropDownTest" name="DeveloperConsoleSetting" time="7.45"/>
  <testcase classname="com.salesforce.tests.Home.UserMenuDropDownTest" name="Logout" time="10.721"/>
  <testcase classname="com.salesforce.tests.Home.UserMenuDropDownTest" name="MyProfileSetting" time="7.103"/>
  <testcase classname="com.salesforce.tests.Home.UserMenuDropDownTest" name="MyProfileSettingSetting" time="40.276">
    <failure type="org.openqa.selenium.TimeoutException" message="Expected condition failed: waiting for visibility of [[ChromeDriver: chrome on MAC (e90e29c3312d9be8986641051cdef059)] -&amp;gt; xpath: //h2[@id=&amp;apos;contactInfoTitle&amp;apos;]] (tried for 30 second(s) with 500 milliseconds interval)
Build info: version: &amp;apos;3.141.59&amp;apos;, revision: &amp;apos;e82be7d358&amp;apos;, time: &amp;apos;2018-11-14T08:17:03&amp;apos;
System info: host: &amp;apos;Praveenas-MacBook-Pro.local&amp;apos;, ip: &amp;apos;2601:641:c101:8f10:3494:68bb:417e:4b98%en0&amp;apos;, os.name: &amp;apos;Mac OS X&amp;apos;, os.arch: &amp;apos;x86_64&amp;apos;, os.version: &amp;apos;10.13.6&amp;apos;, java.version: &amp;apos;17.0.2&amp;apos;
Driver info: org.openqa.selenium.chrome.ChromeDriver
Capabilities {acceptInsecureCerts: false, browserName: chrome, browserVersion: 98.0.4758.80, chrome: {chromedriverVersion: 98.0.4758.80 (7f0488e8ba0d8..., userDataDir: /var/folders/6z/txc6fts57ns...}, goog:chromeOptions: {debuggerAddress: localhost:56383}, javascriptEnabled: true, networkConnectionEnabled: false, pageLoadStrategy: normal, platform: MAC, platformName: MAC, proxy: Proxy(), setWindowRect: true, strictFileInteractability: false, timeouts: {implicit: 0, pageLoad: 300000, script: 30000}, unhandledPromptBehavior: dismiss and notify, webauthn:extension:credBlob: true, webauthn:extension:largeBlob: true, webauthn:virtualAuthenticators: true}
Session ID: e90e29c3312d9be8986641051cdef059">
      <![CDATA[org.openqa.selenium.TimeoutException: Expected condition failed: waiting for visibility of [[ChromeDriver: chrome on MAC (e90e29c3312d9be8986641051cdef059)] -> xpath: //h2[@id='contactInfoTitle']] (tried for 30 second(s) with 500 milliseconds interval)
Build info: version: '3.141.59', revision: 'e82be7d358', time: '2018-11-14T08:17:03'
System info: host: 'Praveenas-MacBook-Pro.local', ip: '2601:641:c101:8f10:3494:68bb:417e:4b98%en0', os.name: 'Mac OS X', os.arch: 'x86_64', os.version: '10.13.6', java.version: '17.0.2'
Driver info: org.openqa.selenium.chrome.ChromeDriver
Capabilities {acceptInsecureCerts: false, browserName: chrome, browserVersion: 98.0.4758.80, chrome: {chromedriverVersion: 98.0.4758.80 (7f0488e8ba0d8..., userDataDir: /var/folders/6z/txc6fts57ns...}, goog:chromeOptions: {debuggerAddress: localhost:56383}, javascriptEnabled: true, networkConnectionEnabled: false, pageLoadStrategy: normal, platform: MAC, platformName: MAC, proxy: Proxy(), setWindowRect: true, strictFileInteractability: false, timeouts: {implicit: 0, pageLoad: 300000, script: 30000}, unhandledPromptBehavior: dismiss and notify, webauthn:extension:credBlob: true, webauthn:extension:largeBlob: true, webauthn:virtualAuthenticators: true}
Session ID: e90e29c3312d9be8986641051cdef059
at org.openqa.selenium.support.ui.WebDriverWait.timeoutException(WebDriverWait.java:95)
at org.openqa.selenium.support.ui.FluentWait.until(FluentWait.java:272)
at com.salesforce.Base.BasePage.waitUntilVisible(BasePage.java:118)
at com.salesforce.Base.BasePage.dialogBoxCheck(BasePage.java:227)
at com.salesforce.pages.UserMenuSettingsPages.EditProfilePage.editProfileDialogBoxCheck(EditProfilePage.java:33)
at com.salesforce.tests.Home.UserMenuDropDownTest.profileLastNameChange(UserMenuDropDownTest.java:90)
at com.salesforce.tests.Home.UserMenuDropDownTest.MyProfileSettingSetting(UserMenuDropDownTest.java:104)
at java.base/java.util.ArrayList.forEach(ArrayList.java:1511)
... Removed 27 stack frames]]>
    </failure>
  </testcase> <!-- MyProfileSettingSetting -->
  <testcase classname="com.salesforce.tests.Home.UserMenuDropDownTest" name="MySettingsSetting" time="20.423"/>
  <testcase classname="com.salesforce.tests.Home.UserMenuDropDownTest" name="userMenuDropDownCheck" time="6.654"/>
  <testcase classname="com.salesforce.tests.Accounts.AccountsTest" name="accountsMerge" time="6.409">
    <failure type="org.openqa.selenium.WebDriverException" message="disconnected: Unable to receive message from renderer
  (Session info: chrome=98.0.4758.80)
Build info: version: &amp;apos;3.141.59&amp;apos;, revision: &amp;apos;e82be7d358&amp;apos;, time: &amp;apos;2018-11-14T08:17:03&amp;apos;
System info: host: &amp;apos;Praveenas-MacBook-Pro.local&amp;apos;, ip: &amp;apos;2601:641:c101:8f10:3494:68bb:417e:4b98%en0&amp;apos;, os.name: &amp;apos;Mac OS X&amp;apos;, os.arch: &amp;apos;x86_64&amp;apos;, os.version: &amp;apos;10.13.6&amp;apos;, java.version: &amp;apos;17.0.2&amp;apos;
Driver info: org.openqa.selenium.chrome.ChromeDriver
Capabilities {acceptInsecureCerts: false, browserName: chrome, browserVersion: 98.0.4758.80, chrome: {chromedriverVersion: 98.0.4758.80 (7f0488e8ba0d8..., userDataDir: /var/folders/6z/txc6fts57ns...}, goog:chromeOptions: {debuggerAddress: localhost:56536}, javascriptEnabled: true, networkConnectionEnabled: false, pageLoadStrategy: normal, platform: MAC, platformName: MAC, proxy: Proxy(), setWindowRect: true, strictFileInteractability: false, timeouts: {implicit: 0, pageLoad: 300000, script: 30000}, unhandledPromptBehavior: dismiss and notify, webauthn:extension:credBlob: true, webauthn:extension:largeBlob: true, webauthn:virtualAuthenticators: true}
Session ID: 0c5830f54b75c73445893517b2c60843
*** Element info: {Using=class name, value=dialogClose}">
      <![CDATA[org.openqa.selenium.WebDriverException: disconnected: Unable to receive message from renderer
  (Session info: chrome=98.0.4758.80)
Build info: version: '3.141.59', revision: 'e82be7d358', time: '2018-11-14T08:17:03'
System info: host: 'Praveenas-MacBook-Pro.local', ip: '2601:641:c101:8f10:3494:68bb:417e:4b98%en0', os.name: 'Mac OS X', os.arch: 'x86_64', os.version: '10.13.6', java.version: '17.0.2'
Driver info: org.openqa.selenium.chrome.ChromeDriver
Capabilities {acceptInsecureCerts: false, browserName: chrome, browserVersion: 98.0.4758.80, chrome: {chromedriverVersion: 98.0.4758.80 (7f0488e8ba0d8..., userDataDir: /var/folders/6z/txc6fts57ns...}, goog:chromeOptions: {debuggerAddress: localhost:56536}, javascriptEnabled: true, networkConnectionEnabled: false, pageLoadStrategy: normal, platform: MAC, platformName: MAC, proxy: Proxy(), setWindowRect: true, strictFileInteractability: false, timeouts: {implicit: 0, pageLoad: 300000, script: 30000}, unhandledPromptBehavior: dismiss and notify, webauthn:extension:credBlob: true, webauthn:extension:largeBlob: true, webauthn:virtualAuthenticators: true}
Session ID: 0c5830f54b75c73445893517b2c60843
*** Element info: {Using=class name, value=dialogClose}
at org.openqa.selenium.remote.http.W3CHttpResponseCodec.createException(W3CHttpResponseCodec.java:187)
at org.openqa.selenium.remote.http.W3CHttpResponseCodec.decode(W3CHttpResponseCodec.java:122)
at org.openqa.selenium.remote.http.W3CHttpResponseCodec.decode(W3CHttpResponseCodec.java:49)
at org.openqa.selenium.remote.HttpCommandExecutor.execute(HttpCommandExecutor.java:158)
at org.openqa.selenium.remote.service.DriverCommandExecutor.execute(DriverCommandExecutor.java:83)
at org.openqa.selenium.remote.RemoteWebDriver.execute(RemoteWebDriver.java:552)
at org.openqa.selenium.remote.RemoteWebDriver.findElement(RemoteWebDriver.java:323)
at org.openqa.selenium.remote.RemoteWebDriver.findElementByClassName(RemoteWebDriver.java:412)
at org.openqa.selenium.By$ByClassName.findElement(By.java:389)
at org.openqa.selenium.remote.RemoteWebDriver.findElement(RemoteWebDriver.java:315)
at org.openqa.selenium.support.pagefactory.DefaultElementLocator.findElement(DefaultElementLocator.java:69)
at org.openqa.selenium.support.pagefactory.internal.LocatingElementHandler.invoke(LocatingElementHandler.java:38)
at jdk.proxy2/jdk.proxy2.$Proxy16.isDisplayed(Unknown Source)
at com.salesforce.Base.BasePage.clickElement(BasePage.java:257)
at com.salesforce.pages.homepages.HomePage.closeDialogBox(HomePage.java:54)
at com.salesforce.tests.Login.LoginTest.LoginSFDC(LoginTest.java:32)
at com.salesforce.tests.Accounts.AccountsTest.accountsMerge(AccountsTest.java:92)
at java.base/java.util.ArrayList.forEach(ArrayList.java:1511)
... Removed 32 stack frames]]>
    </failure>
  </testcase> <!-- accountsMerge -->
  <testcase classname="com.salesforce.tests.Accounts.AccountsTest" name="createAccount" time="10.141"/>
  <testcase classname="com.salesforce.tests.Accounts.AccountsTest" name="createAccountReport" time="13.108"/>
  <testcase classname="com.salesforce.tests.Accounts.AccountsTest" name="createView" time="9.227"/>
  <testcase classname="com.salesforce.tests.Accounts.AccountsTest" name="editView" time="10.587"/>
  <testcase classname="com.salesforce.tests.Opportunities.OpportunitiesTest" name="checkOpportunityPipelineReport" time="9.092"/>
  <testcase classname="com.salesforce.tests.Opportunities.OpportunitiesTest" name="checkOpportunityStuckReport" time="9.328"/>
  <testcase classname="com.salesforce.tests.Opportunities.OpportunitiesTest" name="checkQuaterlySummaryReport" time="8.923"/>
  <testcase classname="com.salesforce.tests.Opportunities.OpportunitiesTest" name="createNewOpportunity" time="11.981"/>
  <testcase classname="com.salesforce.tests.Opportunities.OpportunitiesTest" name="verifyOpportunitiesMenu" time="7.419"/>
  <testcase classname="com.salesforce.tests.Leads.LeadsTest" name="checkDefaultView" time="13.63"/>
  <testcase classname="com.salesforce.tests.Leads.LeadsTest" name="checkLeadsMenu" time="6.127"/>
  <testcase classname="com.salesforce.tests.Leads.LeadsTest" name="checkNewLead" time="8.09"/>
  <testcase classname="com.salesforce.tests.Leads.LeadsTest" name="verifyLeadsPage" time="7.583"/>
  <testcase classname="com.salesforce.tests.Contacts.ContactsTest" name="cancelNewView" time="7.555"/>
  <testcase classname="com.salesforce.tests.Contacts.ContactsTest" name="checkMyContactsView" time="36.244">
    <failure type="org.openqa.selenium.NoSuchElementException" message="no such element: Unable to locate element: {&amp;quot;method&amp;quot;:&amp;quot;xpath&amp;quot;,&amp;quot;selector&amp;quot;:&amp;quot;//input[@title=&amp;apos;Go!&amp;apos;]&amp;quot;}
  (Session info: chrome=98.0.4758.80)
For documentation on this error, please visit: https://www.seleniumhq.org/exceptions/no_such_element.html
Build info: version: &amp;apos;3.141.59&amp;apos;, revision: &amp;apos;e82be7d358&amp;apos;, time: &amp;apos;2018-11-14T08:17:03&amp;apos;
System info: host: &amp;apos;Praveenas-MacBook-Pro.local&amp;apos;, ip: &amp;apos;2601:641:c101:8f10:3494:68bb:417e:4b98%en0&amp;apos;, os.name: &amp;apos;Mac OS X&amp;apos;, os.arch: &amp;apos;x86_64&amp;apos;, os.version: &amp;apos;10.13.6&amp;apos;, java.version: &amp;apos;17.0.2&amp;apos;
Driver info: org.openqa.selenium.chrome.ChromeDriver
Capabilities {acceptInsecureCerts: false, browserName: chrome, browserVersion: 98.0.4758.80, chrome: {chromedriverVersion: 98.0.4758.80 (7f0488e8ba0d8..., userDataDir: /var/folders/6z/txc6fts57ns...}, goog:chromeOptions: {debuggerAddress: localhost:57307}, javascriptEnabled: true, networkConnectionEnabled: false, pageLoadStrategy: normal, platform: MAC, platformName: MAC, proxy: Proxy(), setWindowRect: true, strictFileInteractability: false, timeouts: {implicit: 0, pageLoad: 300000, script: 30000}, unhandledPromptBehavior: dismiss and notify, webauthn:extension:credBlob: true, webauthn:extension:largeBlob: true, webauthn:virtualAuthenticators: true}
Session ID: d0db4a0f5c26f0263378f951d7f54fcc
*** Element info: {Using=xpath, value=//input[@title=&amp;apos;Go!&amp;apos;]}">
      <![CDATA[org.openqa.selenium.NoSuchElementException: no such element: Unable to locate element: {"method":"xpath","selector":"//input[@title='Go!']"}
  (Session info: chrome=98.0.4758.80)
For documentation on this error, please visit: https://www.seleniumhq.org/exceptions/no_such_element.html
Build info: version: '3.141.59', revision: 'e82be7d358', time: '2018-11-14T08:17:03'
System info: host: 'Praveenas-MacBook-Pro.local', ip: '2601:641:c101:8f10:3494:68bb:417e:4b98%en0', os.name: 'Mac OS X', os.arch: 'x86_64', os.version: '10.13.6', java.version: '17.0.2'
Driver info: org.openqa.selenium.chrome.ChromeDriver
Capabilities {acceptInsecureCerts: false, browserName: chrome, browserVersion: 98.0.4758.80, chrome: {chromedriverVersion: 98.0.4758.80 (7f0488e8ba0d8..., userDataDir: /var/folders/6z/txc6fts57ns...}, goog:chromeOptions: {debuggerAddress: localhost:57307}, javascriptEnabled: true, networkConnectionEnabled: false, pageLoadStrategy: normal, platform: MAC, platformName: MAC, proxy: Proxy(), setWindowRect: true, strictFileInteractability: false, timeouts: {implicit: 0, pageLoad: 300000, script: 30000}, unhandledPromptBehavior: dismiss and notify, webauthn:extension:credBlob: true, webauthn:extension:largeBlob: true, webauthn:virtualAuthenticators: true}
Session ID: d0db4a0f5c26f0263378f951d7f54fcc
*** Element info: {Using=xpath, value=//input[@title='Go!']}
at org.openqa.selenium.remote.http.W3CHttpResponseCodec.createException(W3CHttpResponseCodec.java:187)
at org.openqa.selenium.remote.http.W3CHttpResponseCodec.decode(W3CHttpResponseCodec.java:122)
at org.openqa.selenium.remote.http.W3CHttpResponseCodec.decode(W3CHttpResponseCodec.java:49)
at org.openqa.selenium.remote.HttpCommandExecutor.execute(HttpCommandExecutor.java:158)
at org.openqa.selenium.remote.service.DriverCommandExecutor.execute(DriverCommandExecutor.java:83)
at org.openqa.selenium.remote.RemoteWebDriver.execute(RemoteWebDriver.java:552)
at org.openqa.selenium.remote.RemoteWebDriver.findElement(RemoteWebDriver.java:323)
at org.openqa.selenium.remote.RemoteWebDriver.findElementByXPath(RemoteWebDriver.java:428)
at org.openqa.selenium.By$ByXPath.findElement(By.java:353)
at org.openqa.selenium.remote.RemoteWebDriver.findElement(RemoteWebDriver.java:315)
at org.openqa.selenium.support.pagefactory.DefaultElementLocator.findElement(DefaultElementLocator.java:69)
at org.openqa.selenium.support.pagefactory.internal.LocatingElementHandler.invoke(LocatingElementHandler.java:38)
at jdk.proxy2/jdk.proxy2.$Proxy16.isDisplayed(Unknown Source)
at com.salesforce.tests.Contacts.ContactsPage.selectMyContacts(ContactsPage.java:62)
at com.salesforce.tests.Contacts.ContactsTest.checkMyContactsView(ContactsTest.java:62)
at java.base/java.util.ArrayList.forEach(ArrayList.java:1511)
... Removed 32 stack frames]]>
    </failure>
  </testcase> <!-- checkMyContactsView -->
  <testcase classname="com.salesforce.tests.Contacts.ContactsTest" name="checkRecentlyCreatedContact" time="5.746"/>
  <testcase classname="com.salesforce.tests.Contacts.ContactsTest" name="checkSaveAndNewView" time="9.782"/>
  <testcase classname="com.salesforce.tests.Contacts.ContactsTest" name="createNewContact" time="9.78"/>
  <testcase classname="com.salesforce.tests.Contacts.ContactsTest" name="createNewContactView" time="7.12"/>
  <testcase classname="com.salesforce.tests.Contacts.ContactsTest" name="newContactViewError" time="7.189"/>
  <testcase classname="com.salesforce.tests.Contacts.ContactsTest" name="viewContact" time="7.122"/>
  <testcase classname="com.salesforce.tests.RandomScenarios.RandomScenarioTest" name="blockEventInCalendar" time="39.192">
    <failure type="org.openqa.selenium.NoSuchElementException" message="no such element: Unable to locate element: {&amp;quot;method&amp;quot;:&amp;quot;xpath&amp;quot;,&amp;quot;selector&amp;quot;:&amp;quot;//td[contains(text(),&amp;apos;8:00 PM&amp;apos;)]&amp;quot;}
  (Session info: chrome=98.0.4758.80)
For documentation on this error, please visit: https://www.seleniumhq.org/exceptions/no_such_element.html
Build info: version: &amp;apos;3.141.59&amp;apos;, revision: &amp;apos;e82be7d358&amp;apos;, time: &amp;apos;2018-11-14T08:17:03&amp;apos;
System info: host: &amp;apos;Praveenas-MacBook-Pro.local&amp;apos;, ip: &amp;apos;2601:641:c101:8f10:3494:68bb:417e:4b98%en0&amp;apos;, os.name: &amp;apos;Mac OS X&amp;apos;, os.arch: &amp;apos;x86_64&amp;apos;, os.version: &amp;apos;10.13.6&amp;apos;, java.version: &amp;apos;17.0.2&amp;apos;
Driver info: org.openqa.selenium.chrome.ChromeDriver
Capabilities {acceptInsecureCerts: false, browserName: chrome, browserVersion: 98.0.4758.80, chrome: {chromedriverVersion: 98.0.4758.80 (7f0488e8ba0d8..., userDataDir: /var/folders/6z/txc6fts57ns...}, goog:chromeOptions: {debuggerAddress: localhost:57647}, javascriptEnabled: true, networkConnectionEnabled: false, pageLoadStrategy: normal, platform: MAC, platformName: MAC, proxy: Proxy(), setWindowRect: true, strictFileInteractability: false, timeouts: {implicit: 0, pageLoad: 300000, script: 30000}, unhandledPromptBehavior: dismiss and notify, webauthn:extension:credBlob: true, webauthn:extension:largeBlob: true, webauthn:virtualAuthenticators: true}
Session ID: 13513c41c09debe05af1ef3a04269d81
*** Element info: {Using=xpath, value=//td[contains(text(),&amp;apos;8:00 PM&amp;apos;)]}">
      <![CDATA[org.openqa.selenium.NoSuchElementException: no such element: Unable to locate element: {"method":"xpath","selector":"//td[contains(text(),'8:00 PM')]"}
  (Session info: chrome=98.0.4758.80)
For documentation on this error, please visit: https://www.seleniumhq.org/exceptions/no_such_element.html
Build info: version: '3.141.59', revision: 'e82be7d358', time: '2018-11-14T08:17:03'
System info: host: 'Praveenas-MacBook-Pro.local', ip: '2601:641:c101:8f10:3494:68bb:417e:4b98%en0', os.name: 'Mac OS X', os.arch: 'x86_64', os.version: '10.13.6', java.version: '17.0.2'
Driver info: org.openqa.selenium.chrome.ChromeDriver
Capabilities {acceptInsecureCerts: false, browserName: chrome, browserVersion: 98.0.4758.80, chrome: {chromedriverVersion: 98.0.4758.80 (7f0488e8ba0d8..., userDataDir: /var/folders/6z/txc6fts57ns...}, goog:chromeOptions: {debuggerAddress: localhost:57647}, javascriptEnabled: true, networkConnectionEnabled: false, pageLoadStrategy: normal, platform: MAC, platformName: MAC, proxy: Proxy(), setWindowRect: true, strictFileInteractability: false, timeouts: {implicit: 0, pageLoad: 300000, script: 30000}, unhandledPromptBehavior: dismiss and notify, webauthn:extension:credBlob: true, webauthn:extension:largeBlob: true, webauthn:virtualAuthenticators: true}
Session ID: 13513c41c09debe05af1ef3a04269d81
*** Element info: {Using=xpath, value=//td[contains(text(),'8:00 PM')]}
at org.openqa.selenium.remote.http.W3CHttpResponseCodec.createException(W3CHttpResponseCodec.java:187)
at org.openqa.selenium.remote.http.W3CHttpResponseCodec.decode(W3CHttpResponseCodec.java:122)
at org.openqa.selenium.remote.http.W3CHttpResponseCodec.decode(W3CHttpResponseCodec.java:49)
at org.openqa.selenium.remote.HttpCommandExecutor.execute(HttpCommandExecutor.java:158)
at org.openqa.selenium.remote.service.DriverCommandExecutor.execute(DriverCommandExecutor.java:83)
at org.openqa.selenium.remote.RemoteWebDriver.execute(RemoteWebDriver.java:552)
at org.openqa.selenium.remote.RemoteWebDriver.findElement(RemoteWebDriver.java:323)
at org.openqa.selenium.remote.RemoteWebDriver.findElementByXPath(RemoteWebDriver.java:428)
at org.openqa.selenium.By$ByXPath.findElement(By.java:353)
at org.openqa.selenium.remote.RemoteWebDriver.findElement(RemoteWebDriver.java:315)
at org.openqa.selenium.support.pagefactory.DefaultElementLocator.findElement(DefaultElementLocator.java:69)
at org.openqa.selenium.support.pagefactory.internal.LocatingElementHandler.invoke(LocatingElementHandler.java:38)
at jdk.proxy2/jdk.proxy2.$Proxy16.isDisplayed(Unknown Source)
at com.salesforce.pages.calendarpages.CalendarPage.validateOtherEventSchedule(CalendarPage.java:87)
at com.salesforce.tests.RandomScenarios.RandomScenarioTest.blockEventInCalendar(RandomScenarioTest.java:103)
at java.base/java.util.ArrayList.forEach(ArrayList.java:1511)
... Removed 32 stack frames]]>
    </failure>
  </testcase> <!-- blockEventInCalendar -->
  <testcase classname="com.salesforce.tests.RandomScenarios.RandomScenarioTest" name="checkCalendarWeeklyRecurrence" time="10.55"/>
  <testcase classname="com.salesforce.tests.RandomScenarios.RandomScenarioTest" name="editedUserName" time="37.672">
    <failure type="org.openqa.selenium.TimeoutException" message="Expected condition failed: waiting for visibility of [[ChromeDriver: chrome on MAC (42e621a894db40bef65e14ac4c4d9618)] -&amp;gt; xpath: //h2[@id=&amp;apos;contactInfoTitle&amp;apos;]] (tried for 30 second(s) with 500 milliseconds interval)
Build info: version: &amp;apos;3.141.59&amp;apos;, revision: &amp;apos;e82be7d358&amp;apos;, time: &amp;apos;2018-11-14T08:17:03&amp;apos;
System info: host: &amp;apos;Praveenas-MacBook-Pro.local&amp;apos;, ip: &amp;apos;2601:641:c101:8f10:3494:68bb:417e:4b98%en0&amp;apos;, os.name: &amp;apos;Mac OS X&amp;apos;, os.arch: &amp;apos;x86_64&amp;apos;, os.version: &amp;apos;10.13.6&amp;apos;, java.version: &amp;apos;17.0.2&amp;apos;
Driver info: org.openqa.selenium.chrome.ChromeDriver
Capabilities {acceptInsecureCerts: false, browserName: chrome, browserVersion: 98.0.4758.80, chrome: {chromedriverVersion: 98.0.4758.80 (7f0488e8ba0d8..., userDataDir: /var/folders/6z/txc6fts57ns...}, goog:chromeOptions: {debuggerAddress: localhost:57753}, javascriptEnabled: true, networkConnectionEnabled: false, pageLoadStrategy: normal, platform: MAC, platformName: MAC, proxy: Proxy(), setWindowRect: true, strictFileInteractability: false, timeouts: {implicit: 0, pageLoad: 300000, script: 30000}, unhandledPromptBehavior: dismiss and notify, webauthn:extension:credBlob: true, webauthn:extension:largeBlob: true, webauthn:virtualAuthenticators: true}
Session ID: 42e621a894db40bef65e14ac4c4d9618">
      <![CDATA[org.openqa.selenium.TimeoutException: Expected condition failed: waiting for visibility of [[ChromeDriver: chrome on MAC (42e621a894db40bef65e14ac4c4d9618)] -> xpath: //h2[@id='contactInfoTitle']] (tried for 30 second(s) with 500 milliseconds interval)
Build info: version: '3.141.59', revision: 'e82be7d358', time: '2018-11-14T08:17:03'
System info: host: 'Praveenas-MacBook-Pro.local', ip: '2601:641:c101:8f10:3494:68bb:417e:4b98%en0', os.name: 'Mac OS X', os.arch: 'x86_64', os.version: '10.13.6', java.version: '17.0.2'
Driver info: org.openqa.selenium.chrome.ChromeDriver
Capabilities {acceptInsecureCerts: false, browserName: chrome, browserVersion: 98.0.4758.80, chrome: {chromedriverVersion: 98.0.4758.80 (7f0488e8ba0d8..., userDataDir: /var/folders/6z/txc6fts57ns...}, goog:chromeOptions: {debuggerAddress: localhost:57753}, javascriptEnabled: true, networkConnectionEnabled: false, pageLoadStrategy: normal, platform: MAC, platformName: MAC, proxy: Proxy(), setWindowRect: true, strictFileInteractability: false, timeouts: {implicit: 0, pageLoad: 300000, script: 30000}, unhandledPromptBehavior: dismiss and notify, webauthn:extension:credBlob: true, webauthn:extension:largeBlob: true, webauthn:virtualAuthenticators: true}
Session ID: 42e621a894db40bef65e14ac4c4d9618
at org.openqa.selenium.support.ui.WebDriverWait.timeoutException(WebDriverWait.java:95)
at org.openqa.selenium.support.ui.FluentWait.until(FluentWait.java:272)
at com.salesforce.Base.BasePage.waitUntilVisible(BasePage.java:118)
at com.salesforce.Base.BasePage.dialogBoxCheck(BasePage.java:227)
at com.salesforce.pages.UserMenuSettingsPages.EditProfilePage.editProfileDialogBoxCheck(EditProfilePage.java:33)
at com.salesforce.tests.UserMenuSettings.MyProfileTest.profileLastNameChange(MyProfileTest.java:20)
at com.salesforce.tests.RandomScenarios.RandomScenarioTest.editedUserName(RandomScenarioTest.java:38)
at java.base/java.util.ArrayList.forEach(ArrayList.java:1511)
... Removed 27 stack frames]]>
    </failure>
  </testcase> <!-- editedUserName -->
  <testcase classname="com.salesforce.tests.RandomScenarios.RandomScenarioTest" name="verifyFirstAndLastName" time="7.492"/>
  <testcase classname="com.salesforce.tests.RandomScenarios.RandomScenarioTest" name="verifyTabCustomization" time="17.105"/>
  <testcase classname="com.salesforce.base.BaseTest" name="@AfterTest endUp" time="0.0">
    <ignored/>
  </testcase> <!-- @AfterTest endUp -->
  <testcase classname="com.salesforce.base.BaseTest" name="@AfterTest endUp" time="0.0">
    <ignored/>
  </testcase> <!-- @AfterTest endUp -->
  <testcase classname="com.salesforce.base.BaseTest" name="@AfterTest endUp" time="0.0">
    <ignored/>
  </testcase> <!-- @AfterTest endUp -->
  <testcase classname="com.salesforce.base.BaseTest" name="@AfterTest endUp" time="0.0">
    <ignored/>
  </testcase> <!-- @AfterTest endUp -->
  <testcase classname="com.salesforce.base.BaseTest" name="@AfterTest endUp" time="0.0">
    <ignored/>
  </testcase> <!-- @AfterTest endUp -->
  <testcase classname="com.salesforce.base.BaseTest" name="@AfterTest endUp" time="0.0">
    <ignored/>
  </testcase> <!-- @AfterTest endUp -->
  <testcase classname="com.salesforce.base.BaseTest" name="@BeforeTest setUp" time="0.0">
    <ignored/>
  </testcase> <!-- @BeforeTest setUp -->
  <testcase classname="com.salesforce.base.BaseTest" name="@BeforeTest setUp" time="0.0">
    <ignored/>
  </testcase> <!-- @BeforeTest setUp -->
  <testcase classname="com.salesforce.base.BaseTest" name="@BeforeTest setUp" time="0.0">
    <ignored/>
  </testcase> <!-- @BeforeTest setUp -->
  <testcase classname="com.salesforce.base.BaseTest" name="@BeforeTest setUp" time="0.0">
    <ignored/>
  </testcase> <!-- @BeforeTest setUp -->
  <testcase classname="com.salesforce.base.BaseTest" name="@BeforeTest setUp" time="0.0">
    <ignored/>
  </testcase> <!-- @BeforeTest setUp -->
  <testcase classname="com.salesforce.base.BaseTest" name="@BeforeTest setUp" time="0.0">
    <ignored/>
  </testcase> <!-- @BeforeTest setUp -->
</testsuite> <!-- Test -->
