<html>
<head>
<title>TestNG:  Test</title>
<link href="../testng.css" rel="stylesheet" type="text/css" />
<link href="../my-testng.css" rel="stylesheet" type="text/css" />

<style type="text/css">
.log { display: none;} 
.stack-trace { display: none;} 
</style>
<script type="text/javascript">
<!--
function flip(e) {
  current = e.style.display;
  if (current == 'block') {
    e.style.display = 'none';
    return 0;
  }
  else {
    e.style.display = 'block';
    return 1;
  }
}

function toggleBox(szDivId, elem, msg1, msg2)
{
  var res = -1;  if (document.getElementById) {
    res = flip(document.getElementById(szDivId));
  }
  else if (document.all) {
    // this is the way old msie versions work
    res = flip(document.all[szDivId]);
  }
  if(elem) {
    if(res == 0) elem.innerHTML = msg1; else elem.innerHTML = msg2;
  }

}

function toggleAllBoxes() {
  if (document.getElementsByTagName) {
    d = document.getElementsByTagName('div');
    for (i = 0; i < d.length; i++) {
      if (d[i].className == 'log') {
        flip(d[i]);
      }
    }
  }
}

// -->
</script>

</head>
<body>
<h2 align='center'>Test</h2><table border='1' align="center">
<tr>
<td>Tests passed/Failed/Skipped:</td><td>33/5/0</td>
</tr><tr>
<td>Started on:</td><td>Wed Feb 09 16:18:25 PST 2022</td>
</tr>
<tr><td>Total time:</td><td>973 seconds (973958 ms)</td>
</tr><tr>
<td>Included groups:</td><td></td>
</tr><tr>
<td>Excluded groups:</td><td></td>
</tr>
</table><p/>
<small><i>(Hover the method name to see the test class name)</i></small><p/>
<table width='100%' border='1' class='invocation-failed'>
<tr><td colspan='4' align='center'><b>FAILED TESTS</b></td></tr>
<tr><td><b>Test method</b></td>
<td width="30%"><b>Exception</b></td>
<td width="10%"><b>Time (seconds)</b></td>
<td><b>Instance</b></td>
</tr>
<tr>
<td title='com.salesforce.tests.Accounts.AccountsTest.accountsMerge()'><b>accountsMerge</b><br>Test class: com.salesforce.tests.Accounts.AccountsTest</td>
<td><div><pre>org.openqa.selenium.WebDriverException: disconnected: Unable to receive message from renderer
  (Session info: chrome=98.0.4758.80)
Build info: version: &apos;3.141.59&apos;, revision: &apos;e82be7d358&apos;, time: &apos;2018-11-14T08:17:03&apos;
System info: host: &apos;Praveenas-MacBook-Pro.local&apos;, ip: &apos;2601:641:c101:8f10:3494:68bb:417e:4b98%en0&apos;, os.name: &apos;Mac OS X&apos;, os.arch: &apos;x86_64&apos;, os.version: &apos;10.13.6&apos;, java.version: &apos;17.0.2&apos;
Driver info: org.openqa.selenium.chrome.ChromeDriver
Capabilities {acceptInsecureCerts: false, browserName: chrome, browserVersion: 98.0.4758.80, chrome: {chromedriverVersion: 98.0.4758.80 (7f0488e8ba0d8..., userDataDir: /var/folders/6z/txc6fts57ns...}, goog:chromeOptions: {debuggerAddress: localhost:56536}, javascriptEnabled: true, networkConnectionEnabled: false, pageLoadStrategy: normal, platform: MAC, platformName: MAC, proxy: Proxy(), setWindowRect: true, strictFileInteractability: false, timeouts: {implicit: 0, pageLoad: 300000, script: 30000}, unhandledPromptBehavior: dismiss and notify, webauthn:extension:credBlob: true, webauthn:extension:largeBlob: true, webauthn:virtualAuthenticators: true}
Session ID: 0c5830f54b75c73445893517b2c60843
*** Element info: {Using=class name, value=dialogClose}
	at org.openqa.selenium.remote.http.W3CHttpResponseCodec.createException(W3CHttpResponseCodec.java:187)
	at org.openqa.selenium.remote.http.W3CHttpResponseCodec.decode(W3CHttpResponseCodec.java:122)
	at org.openqa.selenium.remote.http.W3CHttpResponseCodec.decode(W3CHttpResponseCodec.java:49)
	at org.openqa.selenium.remote.HttpCommandExecutor.execute(HttpCommandExecutor.java:158)
	at org.openqa.selenium.remote.service.DriverCommandExecutor.execute(DriverCommandExecutor.java:83)
	at org.openqa.selenium.remote.RemoteWebDriver.execute(RemoteWebDriver.java:552)
	at org.openqa.selenium.remote.RemoteWebDriver.findElement(RemoteWebDriver.java:323)
	at org.openqa.selenium.remote.RemoteWebDriver.findElementByClassName(RemoteWebDriver.java:412)
	at org.openqa.selenium.By$ByClassName.findElement(By.java:389)
	at org.openqa.selenium.remote.RemoteWebDriver.findElement(RemoteWebDriver.java:315)
	at org.openqa.selenium.support.pagefactory.DefaultElementLocator.findElement(DefaultElementLocator.java:69)
	at org.openqa.selenium.support.pagefactory.internal.LocatingElementHandler.invoke(LocatingElementHandler.java:38)
	at jdk.proxy2/jdk.proxy2.$Proxy16.isDisplayed(Unknown Source)
	at com.salesforce.Base.BasePage.clickElement(BasePage.java:257)
	at com.salesforce.pages.homepages.HomePage.closeDialogBox(HomePage.java:54)
	at com.salesforce.tests.Login.LoginTest.LoginSFDC(LoginTest.java:32)
	at com.salesforce.tests.Accounts.AccountsTest.accountsMerge(AccountsTest.java:92)
	at java.base/java.util.ArrayList.forEach(ArrayList.java:1511)
... Removed 32 stack frames</pre></div><a href='#' onClick='toggleBox("stack-trace1795368400", this, "Click to show all stack frames", "Click to hide stack frames")'>Click to show all stack frames</a>
<div class='stack-trace' id='stack-trace1795368400'><pre>org.openqa.selenium.WebDriverException: disconnected: Unable to receive message from renderer
  (Session info: chrome=98.0.4758.80)
Build info: version: &apos;3.141.59&apos;, revision: &apos;e82be7d358&apos;, time: &apos;2018-11-14T08:17:03&apos;
System info: host: &apos;Praveenas-MacBook-Pro.local&apos;, ip: &apos;2601:641:c101:8f10:3494:68bb:417e:4b98%en0&apos;, os.name: &apos;Mac OS X&apos;, os.arch: &apos;x86_64&apos;, os.version: &apos;10.13.6&apos;, java.version: &apos;17.0.2&apos;
Driver info: org.openqa.selenium.chrome.ChromeDriver
Capabilities {acceptInsecureCerts: false, browserName: chrome, browserVersion: 98.0.4758.80, chrome: {chromedriverVersion: 98.0.4758.80 (7f0488e8ba0d8..., userDataDir: /var/folders/6z/txc6fts57ns...}, goog:chromeOptions: {debuggerAddress: localhost:56536}, javascriptEnabled: true, networkConnectionEnabled: false, pageLoadStrategy: normal, platform: MAC, platformName: MAC, proxy: Proxy(), setWindowRect: true, strictFileInteractability: false, timeouts: {implicit: 0, pageLoad: 300000, script: 30000}, unhandledPromptBehavior: dismiss and notify, webauthn:extension:credBlob: true, webauthn:extension:largeBlob: true, webauthn:virtualAuthenticators: true}
Session ID: 0c5830f54b75c73445893517b2c60843
*** Element info: {Using=class name, value=dialogClose}
	at java.base/jdk.internal.reflect.NativeConstructorAccessorImpl.newInstance0(Native Method)
	at java.base/jdk.internal.reflect.NativeConstructorAccessorImpl.newInstance(NativeConstructorAccessorImpl.java:77)
	at java.base/jdk.internal.reflect.DelegatingConstructorAccessorImpl.newInstance(DelegatingConstructorAccessorImpl.java:45)
	at java.base/java.lang.reflect.Constructor.newInstanceWithCaller(Constructor.java:499)
	at java.base/java.lang.reflect.Constructor.newInstance(Constructor.java:480)
	at org.openqa.selenium.remote.http.W3CHttpResponseCodec.createException(W3CHttpResponseCodec.java:187)
	at org.openqa.selenium.remote.http.W3CHttpResponseCodec.decode(W3CHttpResponseCodec.java:122)
	at org.openqa.selenium.remote.http.W3CHttpResponseCodec.decode(W3CHttpResponseCodec.java:49)
	at org.openqa.selenium.remote.HttpCommandExecutor.execute(HttpCommandExecutor.java:158)
	at org.openqa.selenium.remote.service.DriverCommandExecutor.execute(DriverCommandExecutor.java:83)
	at org.openqa.selenium.remote.RemoteWebDriver.execute(RemoteWebDriver.java:552)
	at org.openqa.selenium.remote.RemoteWebDriver.findElement(RemoteWebDriver.java:323)
	at org.openqa.selenium.remote.RemoteWebDriver.findElementByClassName(RemoteWebDriver.java:412)
	at org.openqa.selenium.By$ByClassName.findElement(By.java:389)
	at org.openqa.selenium.remote.RemoteWebDriver.findElement(RemoteWebDriver.java:315)
	at org.openqa.selenium.support.pagefactory.DefaultElementLocator.findElement(DefaultElementLocator.java:69)
	at org.openqa.selenium.support.pagefactory.internal.LocatingElementHandler.invoke(LocatingElementHandler.java:38)
	at jdk.proxy2/jdk.proxy2.$Proxy16.isDisplayed(Unknown Source)
	at com.salesforce.Base.BasePage.clickElement(BasePage.java:257)
	at com.salesforce.pages.homepages.HomePage.closeDialogBox(HomePage.java:54)
	at com.salesforce.tests.Login.LoginTest.LoginSFDC(LoginTest.java:32)
	at com.salesforce.tests.Accounts.AccountsTest.accountsMerge(AccountsTest.java:92)
	at java.base/jdk.internal.reflect.NativeMethodAccessorImpl.invoke0(Native Method)
	at java.base/jdk.internal.reflect.NativeMethodAccessorImpl.invoke(NativeMethodAccessorImpl.java:77)
	at java.base/jdk.internal.reflect.DelegatingMethodAccessorImpl.invoke(DelegatingMethodAccessorImpl.java:43)
	at java.base/java.lang.reflect.Method.invoke(Method.java:568)
	at org.testng.internal.MethodInvocationHelper.invokeMethod(MethodInvocationHelper.java:133)
	at org.testng.internal.TestInvoker.invokeMethod(TestInvoker.java:598)
	at org.testng.internal.TestInvoker.invokeTestMethod(TestInvoker.java:173)
	at org.testng.internal.MethodRunner.runInSequence(MethodRunner.java:46)
	at org.testng.internal.TestInvoker$MethodInvocationAgent.invoke(TestInvoker.java:824)
	at org.testng.internal.TestInvoker.invokeTestMethods(TestInvoker.java:146)
	at org.testng.internal.TestMethodWorker.invokeTestMethods(TestMethodWorker.java:146)
	at org.testng.internal.TestMethodWorker.run(TestMethodWorker.java:128)
	at java.base/java.util.ArrayList.forEach(ArrayList.java:1511)
	at org.testng.TestRunner.privateRun(TestRunner.java:794)
	at org.testng.TestRunner.run(TestRunner.java:596)
	at org.testng.SuiteRunner.runTest(SuiteRunner.java:377)
	at org.testng.SuiteRunner.runSequentially(SuiteRunner.java:371)
	at org.testng.SuiteRunner.privateRun(SuiteRunner.java:332)
	at org.testng.SuiteRunner.run(SuiteRunner.java:276)
	at org.testng.SuiteRunnerWorker.runSuite(SuiteRunnerWorker.java:53)
	at org.testng.SuiteRunnerWorker.run(SuiteRunnerWorker.java:96)
	at org.testng.TestNG.runSuitesSequentially(TestNG.java:1212)
	at org.testng.TestNG.runSuitesLocally(TestNG.java:1134)
	at org.testng.TestNG.runSuites(TestNG.java:1063)
	at org.testng.TestNG.run(TestNG.java:1031)
	at org.testng.remote.AbstractRemoteTestNG.run(AbstractRemoteTestNG.java:115)
	at org.testng.remote.RemoteTestNG.initAndRun(RemoteTestNG.java:251)
	at org.testng.remote.RemoteTestNG.main(RemoteTestNG.java:77)
</pre></div></td>
<td>6</td>
<td>com.salesforce.tests.Accounts.AccountsTest@5ccddd20</td></tr>
<tr>
<td title='com.salesforce.tests.Contacts.ContactsTest.checkMyContactsView()'><b>checkMyContactsView</b><br>Test class: com.salesforce.tests.Contacts.ContactsTest</td>
<td><div><pre>org.openqa.selenium.NoSuchElementException: no such element: Unable to locate element: {&quot;method&quot;:&quot;xpath&quot;,&quot;selector&quot;:&quot;//input[@title=&apos;Go!&apos;]&quot;}
  (Session info: chrome=98.0.4758.80)
For documentation on this error, please visit: https://www.seleniumhq.org/exceptions/no_such_element.html
Build info: version: &apos;3.141.59&apos;, revision: &apos;e82be7d358&apos;, time: &apos;2018-11-14T08:17:03&apos;
System info: host: &apos;Praveenas-MacBook-Pro.local&apos;, ip: &apos;2601:641:c101:8f10:3494:68bb:417e:4b98%en0&apos;, os.name: &apos;Mac OS X&apos;, os.arch: &apos;x86_64&apos;, os.version: &apos;10.13.6&apos;, java.version: &apos;17.0.2&apos;
Driver info: org.openqa.selenium.chrome.ChromeDriver
Capabilities {acceptInsecureCerts: false, browserName: chrome, browserVersion: 98.0.4758.80, chrome: {chromedriverVersion: 98.0.4758.80 (7f0488e8ba0d8..., userDataDir: /var/folders/6z/txc6fts57ns...}, goog:chromeOptions: {debuggerAddress: localhost:57307}, javascriptEnabled: true, networkConnectionEnabled: false, pageLoadStrategy: normal, platform: MAC, platformName: MAC, proxy: Proxy(), setWindowRect: true, strictFileInteractability: false, timeouts: {implicit: 0, pageLoad: 300000, script: 30000}, unhandledPromptBehavior: dismiss and notify, webauthn:extension:credBlob: true, webauthn:extension:largeBlob: true, webauthn:virtualAuthenticators: true}
Session ID: d0db4a0f5c26f0263378f951d7f54fcc
*** Element info: {Using=xpath, value=//input[@title=&apos;Go!&apos;]}
	at org.openqa.selenium.remote.http.W3CHttpResponseCodec.createException(W3CHttpResponseCodec.java:187)
	at org.openqa.selenium.remote.http.W3CHttpResponseCodec.decode(W3CHttpResponseCodec.java:122)
	at org.openqa.selenium.remote.http.W3CHttpResponseCodec.decode(W3CHttpResponseCodec.java:49)
	at org.openqa.selenium.remote.HttpCommandExecutor.execute(HttpCommandExecutor.java:158)
	at org.openqa.selenium.remote.service.DriverCommandExecutor.execute(DriverCommandExecutor.java:83)
	at org.openqa.selenium.remote.RemoteWebDriver.execute(RemoteWebDriver.java:552)
	at org.openqa.selenium.remote.RemoteWebDriver.findElement(RemoteWebDriver.java:323)
	at org.openqa.selenium.remote.RemoteWebDriver.findElementByXPath(RemoteWebDriver.java:428)
	at org.openqa.selenium.By$ByXPath.findElement(By.java:353)
	at org.openqa.selenium.remote.RemoteWebDriver.findElement(RemoteWebDriver.java:315)
	at org.openqa.selenium.support.pagefactory.DefaultElementLocator.findElement(DefaultElementLocator.java:69)
	at org.openqa.selenium.support.pagefactory.internal.LocatingElementHandler.invoke(LocatingElementHandler.java:38)
	at jdk.proxy2/jdk.proxy2.$Proxy16.isDisplayed(Unknown Source)
	at com.salesforce.tests.Contacts.ContactsPage.selectMyContacts(ContactsPage.java:62)
	at com.salesforce.tests.Contacts.ContactsTest.checkMyContactsView(ContactsTest.java:62)
	at java.base/java.util.ArrayList.forEach(ArrayList.java:1511)
... Removed 32 stack frames</pre></div><a href='#' onClick='toggleBox("stack-trace1773063098", this, "Click to show all stack frames", "Click to hide stack frames")'>Click to show all stack frames</a>
<div class='stack-trace' id='stack-trace1773063098'><pre>org.openqa.selenium.NoSuchElementException: no such element: Unable to locate element: {&quot;method&quot;:&quot;xpath&quot;,&quot;selector&quot;:&quot;//input[@title=&apos;Go!&apos;]&quot;}
  (Session info: chrome=98.0.4758.80)
For documentation on this error, please visit: https://www.seleniumhq.org/exceptions/no_such_element.html
Build info: version: &apos;3.141.59&apos;, revision: &apos;e82be7d358&apos;, time: &apos;2018-11-14T08:17:03&apos;
System info: host: &apos;Praveenas-MacBook-Pro.local&apos;, ip: &apos;2601:641:c101:8f10:3494:68bb:417e:4b98%en0&apos;, os.name: &apos;Mac OS X&apos;, os.arch: &apos;x86_64&apos;, os.version: &apos;10.13.6&apos;, java.version: &apos;17.0.2&apos;
Driver info: org.openqa.selenium.chrome.ChromeDriver
Capabilities {acceptInsecureCerts: false, browserName: chrome, browserVersion: 98.0.4758.80, chrome: {chromedriverVersion: 98.0.4758.80 (7f0488e8ba0d8..., userDataDir: /var/folders/6z/txc6fts57ns...}, goog:chromeOptions: {debuggerAddress: localhost:57307}, javascriptEnabled: true, networkConnectionEnabled: false, pageLoadStrategy: normal, platform: MAC, platformName: MAC, proxy: Proxy(), setWindowRect: true, strictFileInteractability: false, timeouts: {implicit: 0, pageLoad: 300000, script: 30000}, unhandledPromptBehavior: dismiss and notify, webauthn:extension:credBlob: true, webauthn:extension:largeBlob: true, webauthn:virtualAuthenticators: true}
Session ID: d0db4a0f5c26f0263378f951d7f54fcc
*** Element info: {Using=xpath, value=//input[@title=&apos;Go!&apos;]}
	at java.base/jdk.internal.reflect.NativeConstructorAccessorImpl.newInstance0(Native Method)
	at java.base/jdk.internal.reflect.NativeConstructorAccessorImpl.newInstance(NativeConstructorAccessorImpl.java:77)
	at java.base/jdk.internal.reflect.DelegatingConstructorAccessorImpl.newInstance(DelegatingConstructorAccessorImpl.java:45)
	at java.base/java.lang.reflect.Constructor.newInstanceWithCaller(Constructor.java:499)
	at java.base/java.lang.reflect.Constructor.newInstance(Constructor.java:480)
	at org.openqa.selenium.remote.http.W3CHttpResponseCodec.createException(W3CHttpResponseCodec.java:187)
	at org.openqa.selenium.remote.http.W3CHttpResponseCodec.decode(W3CHttpResponseCodec.java:122)
	at org.openqa.selenium.remote.http.W3CHttpResponseCodec.decode(W3CHttpResponseCodec.java:49)
	at org.openqa.selenium.remote.HttpCommandExecutor.execute(HttpCommandExecutor.java:158)
	at org.openqa.selenium.remote.service.DriverCommandExecutor.execute(DriverCommandExecutor.java:83)
	at org.openqa.selenium.remote.RemoteWebDriver.execute(RemoteWebDriver.java:552)
	at org.openqa.selenium.remote.RemoteWebDriver.findElement(RemoteWebDriver.java:323)
	at org.openqa.selenium.remote.RemoteWebDriver.findElementByXPath(RemoteWebDriver.java:428)
	at org.openqa.selenium.By$ByXPath.findElement(By.java:353)
	at org.openqa.selenium.remote.RemoteWebDriver.findElement(RemoteWebDriver.java:315)
	at org.openqa.selenium.support.pagefactory.DefaultElementLocator.findElement(DefaultElementLocator.java:69)
	at org.openqa.selenium.support.pagefactory.internal.LocatingElementHandler.invoke(LocatingElementHandler.java:38)
	at jdk.proxy2/jdk.proxy2.$Proxy16.isDisplayed(Unknown Source)
	at com.salesforce.tests.Contacts.ContactsPage.selectMyContacts(ContactsPage.java:62)
	at com.salesforce.tests.Contacts.ContactsTest.checkMyContactsView(ContactsTest.java:62)
	at java.base/jdk.internal.reflect.NativeMethodAccessorImpl.invoke0(Native Method)
	at java.base/jdk.internal.reflect.NativeMethodAccessorImpl.invoke(NativeMethodAccessorImpl.java:77)
	at java.base/jdk.internal.reflect.DelegatingMethodAccessorImpl.invoke(DelegatingMethodAccessorImpl.java:43)
	at java.base/java.lang.reflect.Method.invoke(Method.java:568)
	at org.testng.internal.MethodInvocationHelper.invokeMethod(MethodInvocationHelper.java:133)
	at org.testng.internal.TestInvoker.invokeMethod(TestInvoker.java:598)
	at org.testng.internal.TestInvoker.invokeTestMethod(TestInvoker.java:173)
	at org.testng.internal.MethodRunner.runInSequence(MethodRunner.java:46)
	at org.testng.internal.TestInvoker$MethodInvocationAgent.invoke(TestInvoker.java:824)
	at org.testng.internal.TestInvoker.invokeTestMethods(TestInvoker.java:146)
	at org.testng.internal.TestMethodWorker.invokeTestMethods(TestMethodWorker.java:146)
	at org.testng.internal.TestMethodWorker.run(TestMethodWorker.java:128)
	at java.base/java.util.ArrayList.forEach(ArrayList.java:1511)
	at org.testng.TestRunner.privateRun(TestRunner.java:794)
	at org.testng.TestRunner.run(TestRunner.java:596)
	at org.testng.SuiteRunner.runTest(SuiteRunner.java:377)
	at org.testng.SuiteRunner.runSequentially(SuiteRunner.java:371)
	at org.testng.SuiteRunner.privateRun(SuiteRunner.java:332)
	at org.testng.SuiteRunner.run(SuiteRunner.java:276)
	at org.testng.SuiteRunnerWorker.runSuite(SuiteRunnerWorker.java:53)
	at org.testng.SuiteRunnerWorker.run(SuiteRunnerWorker.java:96)
	at org.testng.TestNG.runSuitesSequentially(TestNG.java:1212)
	at org.testng.TestNG.runSuitesLocally(TestNG.java:1134)
	at org.testng.TestNG.runSuites(TestNG.java:1063)
	at org.testng.TestNG.run(TestNG.java:1031)
	at org.testng.remote.AbstractRemoteTestNG.run(AbstractRemoteTestNG.java:115)
	at org.testng.remote.RemoteTestNG.initAndRun(RemoteTestNG.java:251)
	at org.testng.remote.RemoteTestNG.main(RemoteTestNG.java:77)
</pre></div></td>
<td>36</td>
<td>com.salesforce.tests.Contacts.ContactsTest@794cb805</td></tr>
<tr>
<td title='com.salesforce.tests.RandomScenarios.RandomScenarioTest.blockEventInCalendar()'><b>blockEventInCalendar</b><br>Test class: com.salesforce.tests.RandomScenarios.RandomScenarioTest</td>
<td><div><pre>org.openqa.selenium.NoSuchElementException: no such element: Unable to locate element: {&quot;method&quot;:&quot;xpath&quot;,&quot;selector&quot;:&quot;//td[contains(text(),&apos;8:00 PM&apos;)]&quot;}
  (Session info: chrome=98.0.4758.80)
For documentation on this error, please visit: https://www.seleniumhq.org/exceptions/no_such_element.html
Build info: version: &apos;3.141.59&apos;, revision: &apos;e82be7d358&apos;, time: &apos;2018-11-14T08:17:03&apos;
System info: host: &apos;Praveenas-MacBook-Pro.local&apos;, ip: &apos;2601:641:c101:8f10:3494:68bb:417e:4b98%en0&apos;, os.name: &apos;Mac OS X&apos;, os.arch: &apos;x86_64&apos;, os.version: &apos;10.13.6&apos;, java.version: &apos;17.0.2&apos;
Driver info: org.openqa.selenium.chrome.ChromeDriver
Capabilities {acceptInsecureCerts: false, browserName: chrome, browserVersion: 98.0.4758.80, chrome: {chromedriverVersion: 98.0.4758.80 (7f0488e8ba0d8..., userDataDir: /var/folders/6z/txc6fts57ns...}, goog:chromeOptions: {debuggerAddress: localhost:57647}, javascriptEnabled: true, networkConnectionEnabled: false, pageLoadStrategy: normal, platform: MAC, platformName: MAC, proxy: Proxy(), setWindowRect: true, strictFileInteractability: false, timeouts: {implicit: 0, pageLoad: 300000, script: 30000}, unhandledPromptBehavior: dismiss and notify, webauthn:extension:credBlob: true, webauthn:extension:largeBlob: true, webauthn:virtualAuthenticators: true}
Session ID: 13513c41c09debe05af1ef3a04269d81
*** Element info: {Using=xpath, value=//td[contains(text(),&apos;8:00 PM&apos;)]}
	at org.openqa.selenium.remote.http.W3CHttpResponseCodec.createException(W3CHttpResponseCodec.java:187)
	at org.openqa.selenium.remote.http.W3CHttpResponseCodec.decode(W3CHttpResponseCodec.java:122)
	at org.openqa.selenium.remote.http.W3CHttpResponseCodec.decode(W3CHttpResponseCodec.java:49)
	at org.openqa.selenium.remote.HttpCommandExecutor.execute(HttpCommandExecutor.java:158)
	at org.openqa.selenium.remote.service.DriverCommandExecutor.execute(DriverCommandExecutor.java:83)
	at org.openqa.selenium.remote.RemoteWebDriver.execute(RemoteWebDriver.java:552)
	at org.openqa.selenium.remote.RemoteWebDriver.findElement(RemoteWebDriver.java:323)
	at org.openqa.selenium.remote.RemoteWebDriver.findElementByXPath(RemoteWebDriver.java:428)
	at org.openqa.selenium.By$ByXPath.findElement(By.java:353)
	at org.openqa.selenium.remote.RemoteWebDriver.findElement(RemoteWebDriver.java:315)
	at org.openqa.selenium.support.pagefactory.DefaultElementLocator.findElement(DefaultElementLocator.java:69)
	at org.openqa.selenium.support.pagefactory.internal.LocatingElementHandler.invoke(LocatingElementHandler.java:38)
	at jdk.proxy2/jdk.proxy2.$Proxy16.isDisplayed(Unknown Source)
	at com.salesforce.pages.calendarpages.CalendarPage.validateOtherEventSchedule(CalendarPage.java:87)
	at com.salesforce.tests.RandomScenarios.RandomScenarioTest.blockEventInCalendar(RandomScenarioTest.java:103)
	at java.base/java.util.ArrayList.forEach(ArrayList.java:1511)
... Removed 32 stack frames</pre></div><a href='#' onClick='toggleBox("stack-trace1755103898", this, "Click to show all stack frames", "Click to hide stack frames")'>Click to show all stack frames</a>
<div class='stack-trace' id='stack-trace1755103898'><pre>org.openqa.selenium.NoSuchElementException: no such element: Unable to locate element: {&quot;method&quot;:&quot;xpath&quot;,&quot;selector&quot;:&quot;//td[contains(text(),&apos;8:00 PM&apos;)]&quot;}
  (Session info: chrome=98.0.4758.80)
For documentation on this error, please visit: https://www.seleniumhq.org/exceptions/no_such_element.html
Build info: version: &apos;3.141.59&apos;, revision: &apos;e82be7d358&apos;, time: &apos;2018-11-14T08:17:03&apos;
System info: host: &apos;Praveenas-MacBook-Pro.local&apos;, ip: &apos;2601:641:c101:8f10:3494:68bb:417e:4b98%en0&apos;, os.name: &apos;Mac OS X&apos;, os.arch: &apos;x86_64&apos;, os.version: &apos;10.13.6&apos;, java.version: &apos;17.0.2&apos;
Driver info: org.openqa.selenium.chrome.ChromeDriver
Capabilities {acceptInsecureCerts: false, browserName: chrome, browserVersion: 98.0.4758.80, chrome: {chromedriverVersion: 98.0.4758.80 (7f0488e8ba0d8..., userDataDir: /var/folders/6z/txc6fts57ns...}, goog:chromeOptions: {debuggerAddress: localhost:57647}, javascriptEnabled: true, networkConnectionEnabled: false, pageLoadStrategy: normal, platform: MAC, platformName: MAC, proxy: Proxy(), setWindowRect: true, strictFileInteractability: false, timeouts: {implicit: 0, pageLoad: 300000, script: 30000}, unhandledPromptBehavior: dismiss and notify, webauthn:extension:credBlob: true, webauthn:extension:largeBlob: true, webauthn:virtualAuthenticators: true}
Session ID: 13513c41c09debe05af1ef3a04269d81
*** Element info: {Using=xpath, value=//td[contains(text(),&apos;8:00 PM&apos;)]}
	at java.base/jdk.internal.reflect.NativeConstructorAccessorImpl.newInstance0(Native Method)
	at java.base/jdk.internal.reflect.NativeConstructorAccessorImpl.newInstance(NativeConstructorAccessorImpl.java:77)
	at java.base/jdk.internal.reflect.DelegatingConstructorAccessorImpl.newInstance(DelegatingConstructorAccessorImpl.java:45)
	at java.base/java.lang.reflect.Constructor.newInstanceWithCaller(Constructor.java:499)
	at java.base/java.lang.reflect.Constructor.newInstance(Constructor.java:480)
	at org.openqa.selenium.remote.http.W3CHttpResponseCodec.createException(W3CHttpResponseCodec.java:187)
	at org.openqa.selenium.remote.http.W3CHttpResponseCodec.decode(W3CHttpResponseCodec.java:122)
	at org.openqa.selenium.remote.http.W3CHttpResponseCodec.decode(W3CHttpResponseCodec.java:49)
	at org.openqa.selenium.remote.HttpCommandExecutor.execute(HttpCommandExecutor.java:158)
	at org.openqa.selenium.remote.service.DriverCommandExecutor.execute(DriverCommandExecutor.java:83)
	at org.openqa.selenium.remote.RemoteWebDriver.execute(RemoteWebDriver.java:552)
	at org.openqa.selenium.remote.RemoteWebDriver.findElement(RemoteWebDriver.java:323)
	at org.openqa.selenium.remote.RemoteWebDriver.findElementByXPath(RemoteWebDriver.java:428)
	at org.openqa.selenium.By$ByXPath.findElement(By.java:353)
	at org.openqa.selenium.remote.RemoteWebDriver.findElement(RemoteWebDriver.java:315)
	at org.openqa.selenium.support.pagefactory.DefaultElementLocator.findElement(DefaultElementLocator.java:69)
	at org.openqa.selenium.support.pagefactory.internal.LocatingElementHandler.invoke(LocatingElementHandler.java:38)
	at jdk.proxy2/jdk.proxy2.$Proxy16.isDisplayed(Unknown Source)
	at com.salesforce.pages.calendarpages.CalendarPage.validateOtherEventSchedule(CalendarPage.java:87)
	at com.salesforce.tests.RandomScenarios.RandomScenarioTest.blockEventInCalendar(RandomScenarioTest.java:103)
	at java.base/jdk.internal.reflect.NativeMethodAccessorImpl.invoke0(Native Method)
	at java.base/jdk.internal.reflect.NativeMethodAccessorImpl.invoke(NativeMethodAccessorImpl.java:77)
	at java.base/jdk.internal.reflect.DelegatingMethodAccessorImpl.invoke(DelegatingMethodAccessorImpl.java:43)
	at java.base/java.lang.reflect.Method.invoke(Method.java:568)
	at org.testng.internal.MethodInvocationHelper.invokeMethod(MethodInvocationHelper.java:133)
	at org.testng.internal.TestInvoker.invokeMethod(TestInvoker.java:598)
	at org.testng.internal.TestInvoker.invokeTestMethod(TestInvoker.java:173)
	at org.testng.internal.MethodRunner.runInSequence(MethodRunner.java:46)
	at org.testng.internal.TestInvoker$MethodInvocationAgent.invoke(TestInvoker.java:824)
	at org.testng.internal.TestInvoker.invokeTestMethods(TestInvoker.java:146)
	at org.testng.internal.TestMethodWorker.invokeTestMethods(TestMethodWorker.java:146)
	at org.testng.internal.TestMethodWorker.run(TestMethodWorker.java:128)
	at java.base/java.util.ArrayList.forEach(ArrayList.java:1511)
	at org.testng.TestRunner.privateRun(TestRunner.java:794)
	at org.testng.TestRunner.run(TestRunner.java:596)
	at org.testng.SuiteRunner.runTest(SuiteRunner.java:377)
	at org.testng.SuiteRunner.runSequentially(SuiteRunner.java:371)
	at org.testng.SuiteRunner.privateRun(SuiteRunner.java:332)
	at org.testng.SuiteRunner.run(SuiteRunner.java:276)
	at org.testng.SuiteRunnerWorker.runSuite(SuiteRunnerWorker.java:53)
	at org.testng.SuiteRunnerWorker.run(SuiteRunnerWorker.java:96)
	at org.testng.TestNG.runSuitesSequentially(TestNG.java:1212)
	at org.testng.TestNG.runSuitesLocally(TestNG.java:1134)
	at org.testng.TestNG.runSuites(TestNG.java:1063)
	at org.testng.TestNG.run(TestNG.java:1031)
	at org.testng.remote.AbstractRemoteTestNG.run(AbstractRemoteTestNG.java:115)
	at org.testng.remote.RemoteTestNG.initAndRun(RemoteTestNG.java:251)
	at org.testng.remote.RemoteTestNG.main(RemoteTestNG.java:77)
</pre></div></td>
<td>39</td>
<td>com.salesforce.tests.RandomScenarios.RandomScenarioTest@59d016c9</td></tr>
<tr>
<td title='com.salesforce.tests.RandomScenarios.RandomScenarioTest.editedUserName()'><b>editedUserName</b><br>Test class: com.salesforce.tests.RandomScenarios.RandomScenarioTest</td>
<td><div><pre>org.openqa.selenium.TimeoutException: Expected condition failed: waiting for visibility of [[ChromeDriver: chrome on MAC (42e621a894db40bef65e14ac4c4d9618)] -&gt; xpath: //h2[@id=&apos;contactInfoTitle&apos;]] (tried for 30 second(s) with 500 milliseconds interval)
Build info: version: &apos;3.141.59&apos;, revision: &apos;e82be7d358&apos;, time: &apos;2018-11-14T08:17:03&apos;
System info: host: &apos;Praveenas-MacBook-Pro.local&apos;, ip: &apos;2601:641:c101:8f10:3494:68bb:417e:4b98%en0&apos;, os.name: &apos;Mac OS X&apos;, os.arch: &apos;x86_64&apos;, os.version: &apos;10.13.6&apos;, java.version: &apos;17.0.2&apos;
Driver info: org.openqa.selenium.chrome.ChromeDriver
Capabilities {acceptInsecureCerts: false, browserName: chrome, browserVersion: 98.0.4758.80, chrome: {chromedriverVersion: 98.0.4758.80 (7f0488e8ba0d8..., userDataDir: /var/folders/6z/txc6fts57ns...}, goog:chromeOptions: {debuggerAddress: localhost:57753}, javascriptEnabled: true, networkConnectionEnabled: false, pageLoadStrategy: normal, platform: MAC, platformName: MAC, proxy: Proxy(), setWindowRect: true, strictFileInteractability: false, timeouts: {implicit: 0, pageLoad: 300000, script: 30000}, unhandledPromptBehavior: dismiss and notify, webauthn:extension:credBlob: true, webauthn:extension:largeBlob: true, webauthn:virtualAuthenticators: true}
Session ID: 42e621a894db40bef65e14ac4c4d9618
	at org.openqa.selenium.support.ui.WebDriverWait.timeoutException(WebDriverWait.java:95)
	at org.openqa.selenium.support.ui.FluentWait.until(FluentWait.java:272)
	at com.salesforce.Base.BasePage.waitUntilVisible(BasePage.java:118)
	at com.salesforce.Base.BasePage.dialogBoxCheck(BasePage.java:227)
	at com.salesforce.pages.UserMenuSettingsPages.EditProfilePage.editProfileDialogBoxCheck(EditProfilePage.java:33)
	at com.salesforce.tests.UserMenuSettings.MyProfileTest.profileLastNameChange(MyProfileTest.java:20)
	at com.salesforce.tests.RandomScenarios.RandomScenarioTest.editedUserName(RandomScenarioTest.java:38)
	at java.base/java.util.ArrayList.forEach(ArrayList.java:1511)
... Removed 27 stack frames</pre></div><a href='#' onClick='toggleBox("stack-trace360140288", this, "Click to show all stack frames", "Click to hide stack frames")'>Click to show all stack frames</a>
<div class='stack-trace' id='stack-trace360140288'><pre>org.openqa.selenium.TimeoutException: Expected condition failed: waiting for visibility of [[ChromeDriver: chrome on MAC (42e621a894db40bef65e14ac4c4d9618)] -&gt; xpath: //h2[@id=&apos;contactInfoTitle&apos;]] (tried for 30 second(s) with 500 milliseconds interval)
Build info: version: &apos;3.141.59&apos;, revision: &apos;e82be7d358&apos;, time: &apos;2018-11-14T08:17:03&apos;
System info: host: &apos;Praveenas-MacBook-Pro.local&apos;, ip: &apos;2601:641:c101:8f10:3494:68bb:417e:4b98%en0&apos;, os.name: &apos;Mac OS X&apos;, os.arch: &apos;x86_64&apos;, os.version: &apos;10.13.6&apos;, java.version: &apos;17.0.2&apos;
Driver info: org.openqa.selenium.chrome.ChromeDriver
Capabilities {acceptInsecureCerts: false, browserName: chrome, browserVersion: 98.0.4758.80, chrome: {chromedriverVersion: 98.0.4758.80 (7f0488e8ba0d8..., userDataDir: /var/folders/6z/txc6fts57ns...}, goog:chromeOptions: {debuggerAddress: localhost:57753}, javascriptEnabled: true, networkConnectionEnabled: false, pageLoadStrategy: normal, platform: MAC, platformName: MAC, proxy: Proxy(), setWindowRect: true, strictFileInteractability: false, timeouts: {implicit: 0, pageLoad: 300000, script: 30000}, unhandledPromptBehavior: dismiss and notify, webauthn:extension:credBlob: true, webauthn:extension:largeBlob: true, webauthn:virtualAuthenticators: true}
Session ID: 42e621a894db40bef65e14ac4c4d9618
	at org.openqa.selenium.support.ui.WebDriverWait.timeoutException(WebDriverWait.java:95)
	at org.openqa.selenium.support.ui.FluentWait.until(FluentWait.java:272)
	at com.salesforce.Base.BasePage.waitUntilVisible(BasePage.java:118)
	at com.salesforce.Base.BasePage.dialogBoxCheck(BasePage.java:227)
	at com.salesforce.pages.UserMenuSettingsPages.EditProfilePage.editProfileDialogBoxCheck(EditProfilePage.java:33)
	at com.salesforce.tests.UserMenuSettings.MyProfileTest.profileLastNameChange(MyProfileTest.java:20)
	at com.salesforce.tests.RandomScenarios.RandomScenarioTest.editedUserName(RandomScenarioTest.java:38)
	at java.base/jdk.internal.reflect.NativeMethodAccessorImpl.invoke0(Native Method)
	at java.base/jdk.internal.reflect.NativeMethodAccessorImpl.invoke(NativeMethodAccessorImpl.java:77)
	at java.base/jdk.internal.reflect.DelegatingMethodAccessorImpl.invoke(DelegatingMethodAccessorImpl.java:43)
	at java.base/java.lang.reflect.Method.invoke(Method.java:568)
	at org.testng.internal.MethodInvocationHelper.invokeMethod(MethodInvocationHelper.java:133)
	at org.testng.internal.TestInvoker.invokeMethod(TestInvoker.java:598)
	at org.testng.internal.TestInvoker.invokeTestMethod(TestInvoker.java:173)
	at org.testng.internal.MethodRunner.runInSequence(MethodRunner.java:46)
	at org.testng.internal.TestInvoker$MethodInvocationAgent.invoke(TestInvoker.java:824)
	at org.testng.internal.TestInvoker.invokeTestMethods(TestInvoker.java:146)
	at org.testng.internal.TestMethodWorker.invokeTestMethods(TestMethodWorker.java:146)
	at org.testng.internal.TestMethodWorker.run(TestMethodWorker.java:128)
	at java.base/java.util.ArrayList.forEach(ArrayList.java:1511)
	at org.testng.TestRunner.privateRun(TestRunner.java:794)
	at org.testng.TestRunner.run(TestRunner.java:596)
	at org.testng.SuiteRunner.runTest(SuiteRunner.java:377)
	at org.testng.SuiteRunner.runSequentially(SuiteRunner.java:371)
	at org.testng.SuiteRunner.privateRun(SuiteRunner.java:332)
	at org.testng.SuiteRunner.run(SuiteRunner.java:276)
	at org.testng.SuiteRunnerWorker.runSuite(SuiteRunnerWorker.java:53)
	at org.testng.SuiteRunnerWorker.run(SuiteRunnerWorker.java:96)
	at org.testng.TestNG.runSuitesSequentially(TestNG.java:1212)
	at org.testng.TestNG.runSuitesLocally(TestNG.java:1134)
	at org.testng.TestNG.runSuites(TestNG.java:1063)
	at org.testng.TestNG.run(TestNG.java:1031)
	at org.testng.remote.AbstractRemoteTestNG.run(AbstractRemoteTestNG.java:115)
	at org.testng.remote.RemoteTestNG.initAndRun(RemoteTestNG.java:251)
	at org.testng.remote.RemoteTestNG.main(RemoteTestNG.java:77)
</pre></div></td>
<td>37</td>
<td>com.salesforce.tests.RandomScenarios.RandomScenarioTest@59d016c9</td></tr>
<tr>
<td title='com.salesforce.tests.Home.UserMenuDropDownTest.MyProfileSettingSetting()'><b>MyProfileSettingSetting</b><br>Test class: com.salesforce.tests.Home.UserMenuDropDownTest</td>
<td><div><pre>org.openqa.selenium.TimeoutException: Expected condition failed: waiting for visibility of [[ChromeDriver: chrome on MAC (e90e29c3312d9be8986641051cdef059)] -&gt; xpath: //h2[@id=&apos;contactInfoTitle&apos;]] (tried for 30 second(s) with 500 milliseconds interval)
Build info: version: &apos;3.141.59&apos;, revision: &apos;e82be7d358&apos;, time: &apos;2018-11-14T08:17:03&apos;
System info: host: &apos;Praveenas-MacBook-Pro.local&apos;, ip: &apos;2601:641:c101:8f10:3494:68bb:417e:4b98%en0&apos;, os.name: &apos;Mac OS X&apos;, os.arch: &apos;x86_64&apos;, os.version: &apos;10.13.6&apos;, java.version: &apos;17.0.2&apos;
Driver info: org.openqa.selenium.chrome.ChromeDriver
Capabilities {acceptInsecureCerts: false, browserName: chrome, browserVersion: 98.0.4758.80, chrome: {chromedriverVersion: 98.0.4758.80 (7f0488e8ba0d8..., userDataDir: /var/folders/6z/txc6fts57ns...}, goog:chromeOptions: {debuggerAddress: localhost:56383}, javascriptEnabled: true, networkConnectionEnabled: false, pageLoadStrategy: normal, platform: MAC, platformName: MAC, proxy: Proxy(), setWindowRect: true, strictFileInteractability: false, timeouts: {implicit: 0, pageLoad: 300000, script: 30000}, unhandledPromptBehavior: dismiss and notify, webauthn:extension:credBlob: true, webauthn:extension:largeBlob: true, webauthn:virtualAuthenticators: true}
Session ID: e90e29c3312d9be8986641051cdef059
	at org.openqa.selenium.support.ui.WebDriverWait.timeoutException(WebDriverWait.java:95)
	at org.openqa.selenium.support.ui.FluentWait.until(FluentWait.java:272)
	at com.salesforce.Base.BasePage.waitUntilVisible(BasePage.java:118)
	at com.salesforce.Base.BasePage.dialogBoxCheck(BasePage.java:227)
	at com.salesforce.pages.UserMenuSettingsPages.EditProfilePage.editProfileDialogBoxCheck(EditProfilePage.java:33)
	at com.salesforce.tests.Home.UserMenuDropDownTest.profileLastNameChange(UserMenuDropDownTest.java:90)
	at com.salesforce.tests.Home.UserMenuDropDownTest.MyProfileSettingSetting(UserMenuDropDownTest.java:104)
	at java.base/java.util.ArrayList.forEach(ArrayList.java:1511)
... Removed 27 stack frames</pre></div><a href='#' onClick='toggleBox("stack-trace714048853", this, "Click to show all stack frames", "Click to hide stack frames")'>Click to show all stack frames</a>
<div class='stack-trace' id='stack-trace714048853'><pre>org.openqa.selenium.TimeoutException: Expected condition failed: waiting for visibility of [[ChromeDriver: chrome on MAC (e90e29c3312d9be8986641051cdef059)] -&gt; xpath: //h2[@id=&apos;contactInfoTitle&apos;]] (tried for 30 second(s) with 500 milliseconds interval)
Build info: version: &apos;3.141.59&apos;, revision: &apos;e82be7d358&apos;, time: &apos;2018-11-14T08:17:03&apos;
System info: host: &apos;Praveenas-MacBook-Pro.local&apos;, ip: &apos;2601:641:c101:8f10:3494:68bb:417e:4b98%en0&apos;, os.name: &apos;Mac OS X&apos;, os.arch: &apos;x86_64&apos;, os.version: &apos;10.13.6&apos;, java.version: &apos;17.0.2&apos;
Driver info: org.openqa.selenium.chrome.ChromeDriver
Capabilities {acceptInsecureCerts: false, browserName: chrome, browserVersion: 98.0.4758.80, chrome: {chromedriverVersion: 98.0.4758.80 (7f0488e8ba0d8..., userDataDir: /var/folders/6z/txc6fts57ns...}, goog:chromeOptions: {debuggerAddress: localhost:56383}, javascriptEnabled: true, networkConnectionEnabled: false, pageLoadStrategy: normal, platform: MAC, platformName: MAC, proxy: Proxy(), setWindowRect: true, strictFileInteractability: false, timeouts: {implicit: 0, pageLoad: 300000, script: 30000}, unhandledPromptBehavior: dismiss and notify, webauthn:extension:credBlob: true, webauthn:extension:largeBlob: true, webauthn:virtualAuthenticators: true}
Session ID: e90e29c3312d9be8986641051cdef059
	at org.openqa.selenium.support.ui.WebDriverWait.timeoutException(WebDriverWait.java:95)
	at org.openqa.selenium.support.ui.FluentWait.until(FluentWait.java:272)
	at com.salesforce.Base.BasePage.waitUntilVisible(BasePage.java:118)
	at com.salesforce.Base.BasePage.dialogBoxCheck(BasePage.java:227)
	at com.salesforce.pages.UserMenuSettingsPages.EditProfilePage.editProfileDialogBoxCheck(EditProfilePage.java:33)
	at com.salesforce.tests.Home.UserMenuDropDownTest.profileLastNameChange(UserMenuDropDownTest.java:90)
	at com.salesforce.tests.Home.UserMenuDropDownTest.MyProfileSettingSetting(UserMenuDropDownTest.java:104)
	at java.base/jdk.internal.reflect.NativeMethodAccessorImpl.invoke0(Native Method)
	at java.base/jdk.internal.reflect.NativeMethodAccessorImpl.invoke(NativeMethodAccessorImpl.java:77)
	at java.base/jdk.internal.reflect.DelegatingMethodAccessorImpl.invoke(DelegatingMethodAccessorImpl.java:43)
	at java.base/java.lang.reflect.Method.invoke(Method.java:568)
	at org.testng.internal.MethodInvocationHelper.invokeMethod(MethodInvocationHelper.java:133)
	at org.testng.internal.TestInvoker.invokeMethod(TestInvoker.java:598)
	at org.testng.internal.TestInvoker.invokeTestMethod(TestInvoker.java:173)
	at org.testng.internal.MethodRunner.runInSequence(MethodRunner.java:46)
	at org.testng.internal.TestInvoker$MethodInvocationAgent.invoke(TestInvoker.java:824)
	at org.testng.internal.TestInvoker.invokeTestMethods(TestInvoker.java:146)
	at org.testng.internal.TestMethodWorker.invokeTestMethods(TestMethodWorker.java:146)
	at org.testng.internal.TestMethodWorker.run(TestMethodWorker.java:128)
	at java.base/java.util.ArrayList.forEach(ArrayList.java:1511)
	at org.testng.TestRunner.privateRun(TestRunner.java:794)
	at org.testng.TestRunner.run(TestRunner.java:596)
	at org.testng.SuiteRunner.runTest(SuiteRunner.java:377)
	at org.testng.SuiteRunner.runSequentially(SuiteRunner.java:371)
	at org.testng.SuiteRunner.privateRun(SuiteRunner.java:332)
	at org.testng.SuiteRunner.run(SuiteRunner.java:276)
	at org.testng.SuiteRunnerWorker.runSuite(SuiteRunnerWorker.java:53)
	at org.testng.SuiteRunnerWorker.run(SuiteRunnerWorker.java:96)
	at org.testng.TestNG.runSuitesSequentially(TestNG.java:1212)
	at org.testng.TestNG.runSuitesLocally(TestNG.java:1134)
	at org.testng.TestNG.runSuites(TestNG.java:1063)
	at org.testng.TestNG.run(TestNG.java:1031)
	at org.testng.remote.AbstractRemoteTestNG.run(AbstractRemoteTestNG.java:115)
	at org.testng.remote.RemoteTestNG.initAndRun(RemoteTestNG.java:251)
	at org.testng.remote.RemoteTestNG.main(RemoteTestNG.java:77)
</pre></div></td>
<td>40</td>
<td>com.salesforce.tests.Home.UserMenuDropDownTest@96def03</td></tr>
</table><p>
<table width='100%' border='1' class='invocation-passed'>
<tr><td colspan='4' align='center'><b>PASSED TESTS</b></td></tr>
<tr><td><b>Test method</b></td>
<td width="30%"><b>Exception</b></td>
<td width="10%"><b>Time (seconds)</b></td>
<td><b>Instance</b></td>
</tr>
<tr>
<td title='com.salesforce.tests.Login.LoginTest.LoginSFDC()'><b>LoginSFDC</b><br>Test class: com.salesforce.tests.Login.LoginTest</td>
<td></td>
<td>5</td>
<td>com.salesforce.tests.Login.LoginTest@6d2a209c</td></tr>
<tr>
<td title='com.salesforce.tests.Opportunities.OpportunitiesTest.checkOpportunityPipelineReport()'><b>checkOpportunityPipelineReport</b><br>Test class: com.salesforce.tests.Opportunities.OpportunitiesTest</td>
<td></td>
<td>9</td>
<td>com.salesforce.tests.Opportunities.OpportunitiesTest@1ed1993a</td></tr>
<tr>
<td title='com.salesforce.tests.Leads.LeadsTest.verifyLeadsPage()'><b>verifyLeadsPage</b><br>Test class: com.salesforce.tests.Leads.LeadsTest</td>
<td></td>
<td>7</td>
<td>com.salesforce.tests.Leads.LeadsTest@1f3f4916</td></tr>
<tr>
<td title='com.salesforce.tests.Contacts.ContactsTest.cancelNewView()'><b>cancelNewView</b><br>Test class: com.salesforce.tests.Contacts.ContactsTest</td>
<td></td>
<td>7</td>
<td>com.salesforce.tests.Contacts.ContactsTest@794cb805</td></tr>
<tr>
<td title='com.salesforce.tests.RandomScenarios.RandomScenarioTest.checkCalendarWeeklyRecurrence()'><b>checkCalendarWeeklyRecurrence</b><br>Test class: com.salesforce.tests.RandomScenarios.RandomScenarioTest</td>
<td></td>
<td>10</td>
<td>com.salesforce.tests.RandomScenarios.RandomScenarioTest@59d016c9</td></tr>
<tr>
<td title='com.salesforce.tests.Opportunities.OpportunitiesTest.verifyOpportunitiesMenu()'><b>verifyOpportunitiesMenu</b><br>Test class: com.salesforce.tests.Opportunities.OpportunitiesTest</td>
<td></td>
<td>7</td>
<td>com.salesforce.tests.Opportunities.OpportunitiesTest@1ed1993a</td></tr>
<tr>
<td title='com.salesforce.tests.Contacts.ContactsTest.newContactViewError()'><b>newContactViewError</b><br>Test class: com.salesforce.tests.Contacts.ContactsTest</td>
<td></td>
<td>7</td>
<td>com.salesforce.tests.Contacts.ContactsTest@794cb805</td></tr>
<tr>
<td title='com.salesforce.tests.Leads.LeadsTest.checkDefaultView()'><b>checkDefaultView</b><br>Test class: com.salesforce.tests.Leads.LeadsTest</td>
<td></td>
<td>13</td>
<td>com.salesforce.tests.Leads.LeadsTest@1f3f4916</td></tr>
<tr>
<td title='com.salesforce.tests.Contacts.ContactsTest.checkRecentlyCreatedContact()'><b>checkRecentlyCreatedContact</b><br>Test class: com.salesforce.tests.Contacts.ContactsTest</td>
<td></td>
<td>5</td>
<td>com.salesforce.tests.Contacts.ContactsTest@794cb805</td></tr>
<tr>
<td title='com.salesforce.tests.Opportunities.OpportunitiesTest.checkOpportunityStuckReport()'><b>checkOpportunityStuckReport</b><br>Test class: com.salesforce.tests.Opportunities.OpportunitiesTest</td>
<td></td>
<td>9</td>
<td>com.salesforce.tests.Opportunities.OpportunitiesTest@1ed1993a</td></tr>
<tr>
<td title='com.salesforce.tests.Home.UserMenuDropDownTest.userMenuDropDownCheck()'><b>userMenuDropDownCheck</b><br>Test class: com.salesforce.tests.Home.UserMenuDropDownTest</td>
<td></td>
<td>6</td>
<td>com.salesforce.tests.Home.UserMenuDropDownTest@96def03</td></tr>
<tr>
<td title='com.salesforce.tests.Login.LoginTest.CheckRememberMe()'><b>CheckRememberMe</b><br>Test class: com.salesforce.tests.Login.LoginTest</td>
<td></td>
<td>7</td>
<td>com.salesforce.tests.Login.LoginTest@6d2a209c</td></tr>
<tr>
<td title='com.salesforce.tests.Accounts.AccountsTest.createView()'><b>createView</b><br>Test class: com.salesforce.tests.Accounts.AccountsTest</td>
<td></td>
<td>9</td>
<td>com.salesforce.tests.Accounts.AccountsTest@5ccddd20</td></tr>
<tr>
<td title='com.salesforce.tests.Leads.LeadsTest.checkLeadsMenu()'><b>checkLeadsMenu</b><br>Test class: com.salesforce.tests.Leads.LeadsTest</td>
<td></td>
<td>6</td>
<td>com.salesforce.tests.Leads.LeadsTest@1f3f4916</td></tr>
<tr>
<td title='com.salesforce.tests.Opportunities.OpportunitiesTest.createNewOpportunity()'><b>createNewOpportunity</b><br>Test class: com.salesforce.tests.Opportunities.OpportunitiesTest</td>
<td></td>
<td>11</td>
<td>com.salesforce.tests.Opportunities.OpportunitiesTest@1ed1993a</td></tr>
<tr>
<td title='com.salesforce.tests.Login.LoginTest.ForgotPassword()'><b>ForgotPassword</b><br>Test class: com.salesforce.tests.Login.LoginTest</td>
<td></td>
<td>1</td>
<td>com.salesforce.tests.Login.LoginTest@6d2a209c</td></tr>
<tr>
<td title='com.salesforce.tests.Accounts.AccountsTest.createAccount()'><b>createAccount</b><br>Test class: com.salesforce.tests.Accounts.AccountsTest</td>
<td></td>
<td>10</td>
<td>com.salesforce.tests.Accounts.AccountsTest@5ccddd20</td></tr>
<tr>
<td title='com.salesforce.tests.Login.LoginTest.WrongUserNamePwd()'><b>WrongUserNamePwd</b><br>Test class: com.salesforce.tests.Login.LoginTest</td>
<td></td>
<td>1</td>
<td>com.salesforce.tests.Login.LoginTest@6d2a209c</td></tr>
<tr>
<td title='com.salesforce.tests.Contacts.ContactsTest.createNewContactView()'><b>createNewContactView</b><br>Test class: com.salesforce.tests.Contacts.ContactsTest</td>
<td></td>
<td>7</td>
<td>com.salesforce.tests.Contacts.ContactsTest@794cb805</td></tr>
<tr>
<td title='com.salesforce.tests.Login.LoginTest.LoginErrorMessage()'><b>LoginErrorMessage</b><br>Test class: com.salesforce.tests.Login.LoginTest</td>
<td></td>
<td>2</td>
<td>com.salesforce.tests.Login.LoginTest@6d2a209c</td></tr>
<tr>
<td title='com.salesforce.tests.Opportunities.OpportunitiesTest.checkQuaterlySummaryReport()'><b>checkQuaterlySummaryReport</b><br>Test class: com.salesforce.tests.Opportunities.OpportunitiesTest</td>
<td></td>
<td>8</td>
<td>com.salesforce.tests.Opportunities.OpportunitiesTest@1ed1993a</td></tr>
<tr>
<td title='com.salesforce.tests.Home.UserMenuDropDownTest.DeveloperConsoleSetting()'><b>DeveloperConsoleSetting</b><br>Test class: com.salesforce.tests.Home.UserMenuDropDownTest</td>
<td></td>
<td>7</td>
<td>com.salesforce.tests.Home.UserMenuDropDownTest@96def03</td></tr>
<tr>
<td title='com.salesforce.tests.Home.UserMenuDropDownTest.MyProfileSetting()'><b>MyProfileSetting</b><br>Test class: com.salesforce.tests.Home.UserMenuDropDownTest</td>
<td></td>
<td>7</td>
<td>com.salesforce.tests.Home.UserMenuDropDownTest@96def03</td></tr>
<tr>
<td title='com.salesforce.tests.Leads.LeadsTest.checkNewLead()'><b>checkNewLead</b><br>Test class: com.salesforce.tests.Leads.LeadsTest</td>
<td></td>
<td>8</td>
<td>com.salesforce.tests.Leads.LeadsTest@1f3f4916</td></tr>
<tr>
<td title='com.salesforce.tests.RandomScenarios.RandomScenarioTest.verifyFirstAndLastName()'><b>verifyFirstAndLastName</b><br>Test class: com.salesforce.tests.RandomScenarios.RandomScenarioTest</td>
<td></td>
<td>7</td>
<td>com.salesforce.tests.RandomScenarios.RandomScenarioTest@59d016c9</td></tr>
<tr>
<td title='com.salesforce.tests.Accounts.AccountsTest.editView()'><b>editView</b><br>Test class: com.salesforce.tests.Accounts.AccountsTest</td>
<td></td>
<td>10</td>
<td>com.salesforce.tests.Accounts.AccountsTest@5ccddd20</td></tr>
<tr>
<td title='com.salesforce.tests.Contacts.ContactsTest.createNewContact()'><b>createNewContact</b><br>Test class: com.salesforce.tests.Contacts.ContactsTest</td>
<td></td>
<td>9</td>
<td>com.salesforce.tests.Contacts.ContactsTest@794cb805</td></tr>
<tr>
<td title='com.salesforce.tests.Contacts.ContactsTest.checkSaveAndNewView()'><b>checkSaveAndNewView</b><br>Test class: com.salesforce.tests.Contacts.ContactsTest</td>
<td></td>
<td>9</td>
<td>com.salesforce.tests.Contacts.ContactsTest@794cb805</td></tr>
<tr>
<td title='com.salesforce.tests.Home.UserMenuDropDownTest.MySettingsSetting()'><b>MySettingsSetting</b><br>Test class: com.salesforce.tests.Home.UserMenuDropDownTest</td>
<td></td>
<td>20</td>
<td>com.salesforce.tests.Home.UserMenuDropDownTest@96def03</td></tr>
<tr>
<td title='com.salesforce.tests.RandomScenarios.RandomScenarioTest.verifyTabCustomization()'><b>verifyTabCustomization</b><br>Test class: com.salesforce.tests.RandomScenarios.RandomScenarioTest</td>
<td></td>
<td>17</td>
<td>com.salesforce.tests.RandomScenarios.RandomScenarioTest@59d016c9</td></tr>
<tr>
<td title='com.salesforce.tests.Home.UserMenuDropDownTest.Logout()'><b>Logout</b><br>Test class: com.salesforce.tests.Home.UserMenuDropDownTest</td>
<td></td>
<td>10</td>
<td>com.salesforce.tests.Home.UserMenuDropDownTest@96def03</td></tr>
<tr>
<td title='com.salesforce.tests.Accounts.AccountsTest.createAccountReport()'><b>createAccountReport</b><br>Test class: com.salesforce.tests.Accounts.AccountsTest</td>
<td></td>
<td>13</td>
<td>com.salesforce.tests.Accounts.AccountsTest@5ccddd20</td></tr>
<tr>
<td title='com.salesforce.tests.Contacts.ContactsTest.viewContact()'><b>viewContact</b><br>Test class: com.salesforce.tests.Contacts.ContactsTest</td>
<td></td>
<td>7</td>
<td>com.salesforce.tests.Contacts.ContactsTest@794cb805</td></tr>
</table><p>
</body>
</html>