<!DOCTYPE html PUBLIC "-//W3C//DTD XHTML 1.1//EN" "https://www.w3.org/TR/xhtml11/DTD/xhtml11.dtd">
<html xmlns="https://www.w3.org/1999/xhtml">
<head>
<meta http-equiv="content-type" content="text/html; charset=UTF-8"/>
<title>TestNG Report</title>
<style type="text/css">table {margin-bottom:10px;border-collapse:collapse;empty-cells:show}th,td {border:1px solid #009;padding:.25em .5em}th {vertical-align:bottom}td {vertical-align:top}table a {font-weight:bold}.stripe td {background-color: #E6EBF9}.num {text-align:right}.passedodd td {background-color: #3F3}.passedeven td {background-color: #0A0}.skippedodd td {background-color: #DDD}.skippedeven td {background-color: #CCC}.failedodd td,.attn {background-color: #F33}.failedeven td,.stripe .attn {background-color: #D00}.stacktrace {white-space:pre;font-family:monospace}.totop {font-size:85%;text-align:center;border-bottom:2px solid #000}.invisible {display:none}</style>
</head>
<body>
<table>
<tr><th>Test</th><th># Passed</th><th># Skipped</th><th># Retried</th><th># Failed</th><th>Time (ms)</th><th>Included Groups</th><th>Excluded Groups</th></tr>
<tr><th colspan="8">Suite</th></tr>
<tr><td><a href="#t0">Test</a></td><td class="num">33</td><td class="num">0</td><td class="num">0</td><td class="num attn">5</td><td class="num">973,958</td><td></td><td></td></tr>
</table>
<table id='summary'><thead><tr><th>Class</th><th>Method</th><th>Start</th><th>Time (ms)</th></tr></thead><tbody><tr><th colspan="4">Suite</th></tr></tbody><tbody id="t0"><tr><th colspan="4">Test &#8212; failed</th></tr><tr class="failedeven"><td rowspan="1">com.salesforce.tests.Accounts.AccountsTest</td><td><a href="#m0">accountsMerge</a></td><td rowspan="1">1644452446247</td><td rowspan="1">6409</td></tr><tr class="failedodd"><td rowspan="1">com.salesforce.tests.Contacts.ContactsTest</td><td><a href="#m1">checkMyContactsView</a></td><td rowspan="1">1644453055102</td><td rowspan="1">36244</td></tr><tr class="failedeven"><td rowspan="1">com.salesforce.tests.Home.UserMenuDropDownTest</td><td><a href="#m2">MyProfileSettingSetting</a></td><td rowspan="1">1644452370542</td><td rowspan="1">40276</td></tr><tr class="failedodd"><td rowspan="2">com.salesforce.tests.RandomScenarios.RandomScenarioTest</td><td><a href="#m3">blockEventInCalendar</a></td><td rowspan="1">1644453155770</td><td rowspan="1">39192</td></tr><tr class="failedodd"><td><a href="#m4">editedUserName</a></td><td rowspan="1">1644453211164</td><td rowspan="1">37672</td></tr><tr><th colspan="4">Test &#8212; passed</th></tr><tr class="passedeven"><td rowspan="4">com.salesforce.tests.Accounts.AccountsTest</td><td><a href="#m5">createAccount</a></td><td rowspan="1">1644452886503</td><td rowspan="1">10141</td></tr><tr class="passedeven"><td><a href="#m6">createAccountReport</a></td><td rowspan="1">1644452899499</td><td rowspan="1">13108</td></tr><tr class="passedeven"><td><a href="#m7">createView</a></td><td rowspan="1">1644452915249</td><td rowspan="1">9227</td></tr><tr class="passedeven"><td><a href="#m8">editView</a></td><td rowspan="1">1644452927046</td><td rowspan="1">10587</td></tr><tr class="passedodd"><td rowspan="7">com.salesforce.tests.Contacts.ContactsTest</td><td><a href="#m9">cancelNewView</a></td><td rowspan="1">1644453045102</td><td rowspan="1">7555</td></tr><tr class="passedodd"><td><a href="#m10">checkRecentlyCreatedContact</a></td><td rowspan="1">1644453094410</td><td rowspan="1">5746</td></tr><tr class="passedodd"><td><a href="#m11">checkSaveAndNewView</a></td><td rowspan="1">1644453102537</td><td rowspan="1">9782</td></tr><tr class="passedodd"><td><a href="#m12">createNewContact</a></td><td rowspan="1">1644453114723</td><td rowspan="1">9780</td></tr><tr class="passedodd"><td><a href="#m13">createNewContactView</a></td><td rowspan="1">1644453127012</td><td rowspan="1">7120</td></tr><tr class="passedodd"><td><a href="#m14">newContactViewError</a></td><td rowspan="1">1644453136588</td><td rowspan="1">7189</td></tr><tr class="passedodd"><td><a href="#m15">viewContact</a></td><td rowspan="1">1644453146234</td><td rowspan="1">7122</td></tr><tr class="passedeven"><td rowspan="5">com.salesforce.tests.Home.UserMenuDropDownTest</td><td><a href="#m16">DeveloperConsoleSetting</a></td><td rowspan="1">1644452337383</td><td rowspan="1">7450</td></tr><tr class="passedeven"><td><a href="#m17">Logout</a></td><td rowspan="1">1644452347585</td><td rowspan="1">10721</td></tr><tr class="passedeven"><td><a href="#m18">MyProfileSetting</a></td><td rowspan="1">1644452360727</td><td rowspan="1">7103</td></tr><tr class="passedeven"><td><a href="#m19">MySettingsSetting</a></td><td rowspan="1">1644452413888</td><td rowspan="1">20423</td></tr><tr class="passedeven"><td><a href="#m20">userMenuDropDownCheck</a></td><td rowspan="1">1644452436916</td><td rowspan="1">6654</td></tr><tr class="passedodd"><td rowspan="4">com.salesforce.tests.Leads.LeadsTest</td><td><a href="#m21">checkDefaultView</a></td><td rowspan="1">1644452999543</td><td rowspan="1">13630</td></tr><tr class="passedodd"><td><a href="#m22">checkLeadsMenu</a></td><td rowspan="1">1644453015823</td><td rowspan="1">6127</td></tr><tr class="passedodd"><td><a href="#m23">checkNewLead</a></td><td rowspan="1">1644453024442</td><td rowspan="1">8090</td></tr><tr class="passedodd"><td><a href="#m24">verifyLeadsPage</a></td><td rowspan="1">1644453035017</td><td rowspan="1">7583</td></tr><tr class="passedeven"><td rowspan="5">com.salesforce.tests.Login.LoginTest</td><td><a href="#m25">CheckRememberMe</a></td><td rowspan="1">1644452308862</td><td rowspan="1">7368</td></tr><tr class="passedeven"><td><a href="#m26">ForgotPassword</a></td><td rowspan="1">1644452318636</td><td rowspan="1">1096</td></tr><tr class="passedeven"><td><a href="#m27">LoginErrorMessage</a></td><td rowspan="1">1644452321750</td><td rowspan="1">2330</td></tr><tr class="passedeven"><td><a href="#m28">LoginSFDC</a></td><td rowspan="1">1644452326045</td><td rowspan="1">5833</td></tr><tr class="passedeven"><td><a href="#m29">WrongUserNamePwd</a></td><td rowspan="1">1644452334331</td><td rowspan="1">1233</td></tr><tr class="passedodd"><td rowspan="5">com.salesforce.tests.Opportunities.OpportunitiesTest</td><td><a href="#m30">checkOpportunityPipelineReport</a></td><td rowspan="1">1644452940252</td><td rowspan="1">9092</td></tr><tr class="passedodd"><td><a href="#m31">checkOpportunityStuckReport</a></td><td rowspan="1">1644452952172</td><td rowspan="1">9328</td></tr><tr class="passedodd"><td><a href="#m32">checkQuaterlySummaryReport</a></td><td rowspan="1">1644452963875</td><td rowspan="1">8923</td></tr><tr class="passedodd"><td><a href="#m33">createNewOpportunity</a></td><td rowspan="1">1644452975206</td><td rowspan="1">11981</td></tr><tr class="passedodd"><td><a href="#m34">verifyOpportunitiesMenu</a></td><td rowspan="1">1644452989673</td><td rowspan="1">7419</td></tr><tr class="passedeven"><td rowspan="3">com.salesforce.tests.RandomScenarios.RandomScenarioTest</td><td><a href="#m35">checkCalendarWeeklyRecurrence</a></td><td rowspan="1">1644453198187</td><td rowspan="1">10550</td></tr><tr class="passedeven"><td><a href="#m36">verifyFirstAndLastName</a></td><td rowspan="1">1644453251882</td><td rowspan="1">7492</td></tr><tr class="passedeven"><td><a href="#m37">verifyTabCustomization</a></td><td rowspan="1">1644453261784</td><td rowspan="1">17105</td></tr></tbody>
</table>
<h2>Test</h2><h3 id="m0">com.salesforce.tests.Accounts.AccountsTest#accountsMerge</h3><table class="result"><tr><th>Exception</th></tr><tr><td><div class="stacktrace">org.openqa.selenium.WebDriverException: disconnected: Unable to receive message from renderer
  (Session info: chrome=98.0.4758.80)
Build info: version: &apos;3.141.59&apos;, revision: &apos;e82be7d358&apos;, time: &apos;2018-11-14T08:17:03&apos;
System info: host: &apos;Praveenas-MacBook-Pro.local&apos;, ip: &apos;2601:641:c101:8f10:3494:68bb:417e:4b98%en0&apos;, os.name: &apos;Mac OS X&apos;, os.arch: &apos;x86_64&apos;, os.version: &apos;10.13.6&apos;, java.version: &apos;17.0.2&apos;
Driver info: org.openqa.selenium.chrome.ChromeDriver
Capabilities {acceptInsecureCerts: false, browserName: chrome, browserVersion: 98.0.4758.80, chrome: {chromedriverVersion: 98.0.4758.80 (7f0488e8ba0d8..., userDataDir: /var/folders/6z/txc6fts57ns...}, goog:chromeOptions: {debuggerAddress: localhost:56536}, javascriptEnabled: true, networkConnectionEnabled: false, pageLoadStrategy: normal, platform: MAC, platformName: MAC, proxy: Proxy(), setWindowRect: true, strictFileInteractability: false, timeouts: {implicit: 0, pageLoad: 300000, script: 30000}, unhandledPromptBehavior: dismiss and notify, webauthn:extension:credBlob: true, webauthn:extension:largeBlob: true, webauthn:virtualAuthenticators: true}
Session ID: 0c5830f54b75c73445893517b2c60843
*** Element info: {Using=class name, value=dialogClose}
	at org.openqa.selenium.remote.http.W3CHttpResponseCodec.createException(W3CHttpResponseCodec.java:187)
	at org.openqa.selenium.remote.http.W3CHttpResponseCodec.decode(W3CHttpResponseCodec.java:122)
	at org.openqa.selenium.remote.http.W3CHttpResponseCodec.decode(W3CHttpResponseCodec.java:49)
	at org.openqa.selenium.remote.HttpCommandExecutor.execute(HttpCommandExecutor.java:158)
	at org.openqa.selenium.remote.service.DriverCommandExecutor.execute(DriverCommandExecutor.java:83)
	at org.openqa.selenium.remote.RemoteWebDriver.execute(RemoteWebDriver.java:552)
	at org.openqa.selenium.remote.RemoteWebDriver.findElement(RemoteWebDriver.java:323)
	at org.openqa.selenium.remote.RemoteWebDriver.findElementByClassName(RemoteWebDriver.java:412)
	at org.openqa.selenium.By$ByClassName.findElement(By.java:389)
	at org.openqa.selenium.remote.RemoteWebDriver.findElement(RemoteWebDriver.java:315)
	at org.openqa.selenium.support.pagefactory.DefaultElementLocator.findElement(DefaultElementLocator.java:69)
	at org.openqa.selenium.support.pagefactory.internal.LocatingElementHandler.invoke(LocatingElementHandler.java:38)
	at jdk.proxy2/jdk.proxy2.$Proxy16.isDisplayed(Unknown Source)
	at com.salesforce.Base.BasePage.clickElement(BasePage.java:257)
	at com.salesforce.pages.homepages.HomePage.closeDialogBox(HomePage.java:54)
	at com.salesforce.tests.Login.LoginTest.LoginSFDC(LoginTest.java:32)
	at com.salesforce.tests.Accounts.AccountsTest.accountsMerge(AccountsTest.java:92)
	at java.base/java.util.ArrayList.forEach(ArrayList.java:1511)
... Removed 32 stack frames</div></td></tr></table><p class="totop"><a href="#summary">back to summary</a></p>
<h3 id="m1">com.salesforce.tests.Contacts.ContactsTest#checkMyContactsView</h3><table class="result"><tr><th>Exception</th></tr><tr><td><div class="stacktrace">org.openqa.selenium.NoSuchElementException: no such element: Unable to locate element: {&quot;method&quot;:&quot;xpath&quot;,&quot;selector&quot;:&quot;//input[@title=&apos;Go!&apos;]&quot;}
  (Session info: chrome=98.0.4758.80)
For documentation on this error, please visit: https://www.seleniumhq.org/exceptions/no_such_element.html
Build info: version: &apos;3.141.59&apos;, revision: &apos;e82be7d358&apos;, time: &apos;2018-11-14T08:17:03&apos;
System info: host: &apos;Praveenas-MacBook-Pro.local&apos;, ip: &apos;2601:641:c101:8f10:3494:68bb:417e:4b98%en0&apos;, os.name: &apos;Mac OS X&apos;, os.arch: &apos;x86_64&apos;, os.version: &apos;10.13.6&apos;, java.version: &apos;17.0.2&apos;
Driver info: org.openqa.selenium.chrome.ChromeDriver
Capabilities {acceptInsecureCerts: false, browserName: chrome, browserVersion: 98.0.4758.80, chrome: {chromedriverVersion: 98.0.4758.80 (7f0488e8ba0d8..., userDataDir: /var/folders/6z/txc6fts57ns...}, goog:chromeOptions: {debuggerAddress: localhost:57307}, javascriptEnabled: true, networkConnectionEnabled: false, pageLoadStrategy: normal, platform: MAC, platformName: MAC, proxy: Proxy(), setWindowRect: true, strictFileInteractability: false, timeouts: {implicit: 0, pageLoad: 300000, script: 30000}, unhandledPromptBehavior: dismiss and notify, webauthn:extension:credBlob: true, webauthn:extension:largeBlob: true, webauthn:virtualAuthenticators: true}
Session ID: d0db4a0f5c26f0263378f951d7f54fcc
*** Element info: {Using=xpath, value=//input[@title=&apos;Go!&apos;]}
	at org.openqa.selenium.remote.http.W3CHttpResponseCodec.createException(W3CHttpResponseCodec.java:187)
	at org.openqa.selenium.remote.http.W3CHttpResponseCodec.decode(W3CHttpResponseCodec.java:122)
	at org.openqa.selenium.remote.http.W3CHttpResponseCodec.decode(W3CHttpResponseCodec.java:49)
	at org.openqa.selenium.remote.HttpCommandExecutor.execute(HttpCommandExecutor.java:158)
	at org.openqa.selenium.remote.service.DriverCommandExecutor.execute(DriverCommandExecutor.java:83)
	at org.openqa.selenium.remote.RemoteWebDriver.execute(RemoteWebDriver.java:552)
	at org.openqa.selenium.remote.RemoteWebDriver.findElement(RemoteWebDriver.java:323)
	at org.openqa.selenium.remote.RemoteWebDriver.findElementByXPath(RemoteWebDriver.java:428)
	at org.openqa.selenium.By$ByXPath.findElement(By.java:353)
	at org.openqa.selenium.remote.RemoteWebDriver.findElement(RemoteWebDriver.java:315)
	at org.openqa.selenium.support.pagefactory.DefaultElementLocator.findElement(DefaultElementLocator.java:69)
	at org.openqa.selenium.support.pagefactory.internal.LocatingElementHandler.invoke(LocatingElementHandler.java:38)
	at jdk.proxy2/jdk.proxy2.$Proxy16.isDisplayed(Unknown Source)
	at com.salesforce.tests.Contacts.ContactsPage.selectMyContacts(ContactsPage.java:62)
	at com.salesforce.tests.Contacts.ContactsTest.checkMyContactsView(ContactsTest.java:62)
	at java.base/java.util.ArrayList.forEach(ArrayList.java:1511)
... Removed 32 stack frames</div></td></tr></table><p class="totop"><a href="#summary">back to summary</a></p>
<h3 id="m2">com.salesforce.tests.Home.UserMenuDropDownTest#MyProfileSettingSetting</h3><table class="result"><tr><th>Exception</th></tr><tr><td><div class="stacktrace">org.openqa.selenium.TimeoutException: Expected condition failed: waiting for visibility of [[ChromeDriver: chrome on MAC (e90e29c3312d9be8986641051cdef059)] -&gt; xpath: //h2[@id=&apos;contactInfoTitle&apos;]] (tried for 30 second(s) with 500 milliseconds interval)
Build info: version: &apos;3.141.59&apos;, revision: &apos;e82be7d358&apos;, time: &apos;2018-11-14T08:17:03&apos;
System info: host: &apos;Praveenas-MacBook-Pro.local&apos;, ip: &apos;2601:641:c101:8f10:3494:68bb:417e:4b98%en0&apos;, os.name: &apos;Mac OS X&apos;, os.arch: &apos;x86_64&apos;, os.version: &apos;10.13.6&apos;, java.version: &apos;17.0.2&apos;
Driver info: org.openqa.selenium.chrome.ChromeDriver
Capabilities {acceptInsecureCerts: false, browserName: chrome, browserVersion: 98.0.4758.80, chrome: {chromedriverVersion: 98.0.4758.80 (7f0488e8ba0d8..., userDataDir: /var/folders/6z/txc6fts57ns...}, goog:chromeOptions: {debuggerAddress: localhost:56383}, javascriptEnabled: true, networkConnectionEnabled: false, pageLoadStrategy: normal, platform: MAC, platformName: MAC, proxy: Proxy(), setWindowRect: true, strictFileInteractability: false, timeouts: {implicit: 0, pageLoad: 300000, script: 30000}, unhandledPromptBehavior: dismiss and notify, webauthn:extension:credBlob: true, webauthn:extension:largeBlob: true, webauthn:virtualAuthenticators: true}
Session ID: e90e29c3312d9be8986641051cdef059
	at org.openqa.selenium.support.ui.WebDriverWait.timeoutException(WebDriverWait.java:95)
	at org.openqa.selenium.support.ui.FluentWait.until(FluentWait.java:272)
	at com.salesforce.Base.BasePage.waitUntilVisible(BasePage.java:118)
	at com.salesforce.Base.BasePage.dialogBoxCheck(BasePage.java:227)
	at com.salesforce.pages.UserMenuSettingsPages.EditProfilePage.editProfileDialogBoxCheck(EditProfilePage.java:33)
	at com.salesforce.tests.Home.UserMenuDropDownTest.profileLastNameChange(UserMenuDropDownTest.java:90)
	at com.salesforce.tests.Home.UserMenuDropDownTest.MyProfileSettingSetting(UserMenuDropDownTest.java:104)
	at java.base/java.util.ArrayList.forEach(ArrayList.java:1511)
... Removed 27 stack frames</div></td></tr></table><p class="totop"><a href="#summary">back to summary</a></p>
<h3 id="m3">com.salesforce.tests.RandomScenarios.RandomScenarioTest#blockEventInCalendar</h3><table class="result"><tr><th>Exception</th></tr><tr><td><div class="stacktrace">org.openqa.selenium.NoSuchElementException: no such element: Unable to locate element: {&quot;method&quot;:&quot;xpath&quot;,&quot;selector&quot;:&quot;//td[contains(text(),&apos;8:00 PM&apos;)]&quot;}
  (Session info: chrome=98.0.4758.80)
For documentation on this error, please visit: https://www.seleniumhq.org/exceptions/no_such_element.html
Build info: version: &apos;3.141.59&apos;, revision: &apos;e82be7d358&apos;, time: &apos;2018-11-14T08:17:03&apos;
System info: host: &apos;Praveenas-MacBook-Pro.local&apos;, ip: &apos;2601:641:c101:8f10:3494:68bb:417e:4b98%en0&apos;, os.name: &apos;Mac OS X&apos;, os.arch: &apos;x86_64&apos;, os.version: &apos;10.13.6&apos;, java.version: &apos;17.0.2&apos;
Driver info: org.openqa.selenium.chrome.ChromeDriver
Capabilities {acceptInsecureCerts: false, browserName: chrome, browserVersion: 98.0.4758.80, chrome: {chromedriverVersion: 98.0.4758.80 (7f0488e8ba0d8..., userDataDir: /var/folders/6z/txc6fts57ns...}, goog:chromeOptions: {debuggerAddress: localhost:57647}, javascriptEnabled: true, networkConnectionEnabled: false, pageLoadStrategy: normal, platform: MAC, platformName: MAC, proxy: Proxy(), setWindowRect: true, strictFileInteractability: false, timeouts: {implicit: 0, pageLoad: 300000, script: 30000}, unhandledPromptBehavior: dismiss and notify, webauthn:extension:credBlob: true, webauthn:extension:largeBlob: true, webauthn:virtualAuthenticators: true}
Session ID: 13513c41c09debe05af1ef3a04269d81
*** Element info: {Using=xpath, value=//td[contains(text(),&apos;8:00 PM&apos;)]}
	at org.openqa.selenium.remote.http.W3CHttpResponseCodec.createException(W3CHttpResponseCodec.java:187)
	at org.openqa.selenium.remote.http.W3CHttpResponseCodec.decode(W3CHttpResponseCodec.java:122)
	at org.openqa.selenium.remote.http.W3CHttpResponseCodec.decode(W3CHttpResponseCodec.java:49)
	at org.openqa.selenium.remote.HttpCommandExecutor.execute(HttpCommandExecutor.java:158)
	at org.openqa.selenium.remote.service.DriverCommandExecutor.execute(DriverCommandExecutor.java:83)
	at org.openqa.selenium.remote.RemoteWebDriver.execute(RemoteWebDriver.java:552)
	at org.openqa.selenium.remote.RemoteWebDriver.findElement(RemoteWebDriver.java:323)
	at org.openqa.selenium.remote.RemoteWebDriver.findElementByXPath(RemoteWebDriver.java:428)
	at org.openqa.selenium.By$ByXPath.findElement(By.java:353)
	at org.openqa.selenium.remote.RemoteWebDriver.findElement(RemoteWebDriver.java:315)
	at org.openqa.selenium.support.pagefactory.DefaultElementLocator.findElement(DefaultElementLocator.java:69)
	at org.openqa.selenium.support.pagefactory.internal.LocatingElementHandler.invoke(LocatingElementHandler.java:38)
	at jdk.proxy2/jdk.proxy2.$Proxy16.isDisplayed(Unknown Source)
	at com.salesforce.pages.calendarpages.CalendarPage.validateOtherEventSchedule(CalendarPage.java:87)
	at com.salesforce.tests.RandomScenarios.RandomScenarioTest.blockEventInCalendar(RandomScenarioTest.java:103)
	at java.base/java.util.ArrayList.forEach(ArrayList.java:1511)
... Removed 32 stack frames</div></td></tr></table><p class="totop"><a href="#summary">back to summary</a></p>
<h3 id="m4">com.salesforce.tests.RandomScenarios.RandomScenarioTest#editedUserName</h3><table class="result"><tr><th>Exception</th></tr><tr><td><div class="stacktrace">org.openqa.selenium.TimeoutException: Expected condition failed: waiting for visibility of [[ChromeDriver: chrome on MAC (42e621a894db40bef65e14ac4c4d9618)] -&gt; xpath: //h2[@id=&apos;contactInfoTitle&apos;]] (tried for 30 second(s) with 500 milliseconds interval)
Build info: version: &apos;3.141.59&apos;, revision: &apos;e82be7d358&apos;, time: &apos;2018-11-14T08:17:03&apos;
System info: host: &apos;Praveenas-MacBook-Pro.local&apos;, ip: &apos;2601:641:c101:8f10:3494:68bb:417e:4b98%en0&apos;, os.name: &apos;Mac OS X&apos;, os.arch: &apos;x86_64&apos;, os.version: &apos;10.13.6&apos;, java.version: &apos;17.0.2&apos;
Driver info: org.openqa.selenium.chrome.ChromeDriver
Capabilities {acceptInsecureCerts: false, browserName: chrome, browserVersion: 98.0.4758.80, chrome: {chromedriverVersion: 98.0.4758.80 (7f0488e8ba0d8..., userDataDir: /var/folders/6z/txc6fts57ns...}, goog:chromeOptions: {debuggerAddress: localhost:57753}, javascriptEnabled: true, networkConnectionEnabled: false, pageLoadStrategy: normal, platform: MAC, platformName: MAC, proxy: Proxy(), setWindowRect: true, strictFileInteractability: false, timeouts: {implicit: 0, pageLoad: 300000, script: 30000}, unhandledPromptBehavior: dismiss and notify, webauthn:extension:credBlob: true, webauthn:extension:largeBlob: true, webauthn:virtualAuthenticators: true}
Session ID: 42e621a894db40bef65e14ac4c4d9618
	at org.openqa.selenium.support.ui.WebDriverWait.timeoutException(WebDriverWait.java:95)
	at org.openqa.selenium.support.ui.FluentWait.until(FluentWait.java:272)
	at com.salesforce.Base.BasePage.waitUntilVisible(BasePage.java:118)
	at com.salesforce.Base.BasePage.dialogBoxCheck(BasePage.java:227)
	at com.salesforce.pages.UserMenuSettingsPages.EditProfilePage.editProfileDialogBoxCheck(EditProfilePage.java:33)
	at com.salesforce.tests.UserMenuSettings.MyProfileTest.profileLastNameChange(MyProfileTest.java:20)
	at com.salesforce.tests.RandomScenarios.RandomScenarioTest.editedUserName(RandomScenarioTest.java:38)
	at java.base/java.util.ArrayList.forEach(ArrayList.java:1511)
... Removed 27 stack frames</div></td></tr></table><p class="totop"><a href="#summary">back to summary</a></p>
<h3 id="m5">com.salesforce.tests.Accounts.AccountsTest#createAccount</h3><table class="result"><tr><th class="invisible"/></tr></table><p class="totop"><a href="#summary">back to summary</a></p>
<h3 id="m6">com.salesforce.tests.Accounts.AccountsTest#createAccountReport</h3><table class="result"><tr><th class="invisible"/></tr></table><p class="totop"><a href="#summary">back to summary</a></p>
<h3 id="m7">com.salesforce.tests.Accounts.AccountsTest#createView</h3><table class="result"><tr><th class="invisible"/></tr></table><p class="totop"><a href="#summary">back to summary</a></p>
<h3 id="m8">com.salesforce.tests.Accounts.AccountsTest#editView</h3><table class="result"><tr><th class="invisible"/></tr></table><p class="totop"><a href="#summary">back to summary</a></p>
<h3 id="m9">com.salesforce.tests.Contacts.ContactsTest#cancelNewView</h3><table class="result"><tr><th class="invisible"/></tr></table><p class="totop"><a href="#summary">back to summary</a></p>
<h3 id="m10">com.salesforce.tests.Contacts.ContactsTest#checkRecentlyCreatedContact</h3><table class="result"><tr><th class="invisible"/></tr></table><p class="totop"><a href="#summary">back to summary</a></p>
<h3 id="m11">com.salesforce.tests.Contacts.ContactsTest#checkSaveAndNewView</h3><table class="result"><tr><th class="invisible"/></tr></table><p class="totop"><a href="#summary">back to summary</a></p>
<h3 id="m12">com.salesforce.tests.Contacts.ContactsTest#createNewContact</h3><table class="result"><tr><th class="invisible"/></tr></table><p class="totop"><a href="#summary">back to summary</a></p>
<h3 id="m13">com.salesforce.tests.Contacts.ContactsTest#createNewContactView</h3><table class="result"><tr><th class="invisible"/></tr></table><p class="totop"><a href="#summary">back to summary</a></p>
<h3 id="m14">com.salesforce.tests.Contacts.ContactsTest#newContactViewError</h3><table class="result"><tr><th class="invisible"/></tr></table><p class="totop"><a href="#summary">back to summary</a></p>
<h3 id="m15">com.salesforce.tests.Contacts.ContactsTest#viewContact</h3><table class="result"><tr><th class="invisible"/></tr></table><p class="totop"><a href="#summary">back to summary</a></p>
<h3 id="m16">com.salesforce.tests.Home.UserMenuDropDownTest#DeveloperConsoleSetting</h3><table class="result"><tr><th class="invisible"/></tr></table><p class="totop"><a href="#summary">back to summary</a></p>
<h3 id="m17">com.salesforce.tests.Home.UserMenuDropDownTest#Logout</h3><table class="result"><tr><th class="invisible"/></tr></table><p class="totop"><a href="#summary">back to summary</a></p>
<h3 id="m18">com.salesforce.tests.Home.UserMenuDropDownTest#MyProfileSetting</h3><table class="result"><tr><th class="invisible"/></tr></table><p class="totop"><a href="#summary">back to summary</a></p>
<h3 id="m19">com.salesforce.tests.Home.UserMenuDropDownTest#MySettingsSetting</h3><table class="result"><tr><th class="invisible"/></tr></table><p class="totop"><a href="#summary">back to summary</a></p>
<h3 id="m20">com.salesforce.tests.Home.UserMenuDropDownTest#userMenuDropDownCheck</h3><table class="result"><tr><th class="invisible"/></tr></table><p class="totop"><a href="#summary">back to summary</a></p>
<h3 id="m21">com.salesforce.tests.Leads.LeadsTest#checkDefaultView</h3><table class="result"><tr><th class="invisible"/></tr></table><p class="totop"><a href="#summary">back to summary</a></p>
<h3 id="m22">com.salesforce.tests.Leads.LeadsTest#checkLeadsMenu</h3><table class="result"><tr><th class="invisible"/></tr></table><p class="totop"><a href="#summary">back to summary</a></p>
<h3 id="m23">com.salesforce.tests.Leads.LeadsTest#checkNewLead</h3><table class="result"><tr><th class="invisible"/></tr></table><p class="totop"><a href="#summary">back to summary</a></p>
<h3 id="m24">com.salesforce.tests.Leads.LeadsTest#verifyLeadsPage</h3><table class="result"><tr><th class="invisible"/></tr></table><p class="totop"><a href="#summary">back to summary</a></p>
<h3 id="m25">com.salesforce.tests.Login.LoginTest#CheckRememberMe</h3><table class="result"><tr><th class="invisible"/></tr></table><p class="totop"><a href="#summary">back to summary</a></p>
<h3 id="m26">com.salesforce.tests.Login.LoginTest#ForgotPassword</h3><table class="result"><tr><th class="invisible"/></tr></table><p class="totop"><a href="#summary">back to summary</a></p>
<h3 id="m27">com.salesforce.tests.Login.LoginTest#LoginErrorMessage</h3><table class="result"><tr><th class="invisible"/></tr></table><p class="totop"><a href="#summary">back to summary</a></p>
<h3 id="m28">com.salesforce.tests.Login.LoginTest#LoginSFDC</h3><table class="result"><tr><th class="invisible"/></tr></table><p class="totop"><a href="#summary">back to summary</a></p>
<h3 id="m29">com.salesforce.tests.Login.LoginTest#WrongUserNamePwd</h3><table class="result"><tr><th class="invisible"/></tr></table><p class="totop"><a href="#summary">back to summary</a></p>
<h3 id="m30">com.salesforce.tests.Opportunities.OpportunitiesTest#checkOpportunityPipelineReport</h3><table class="result"><tr><th class="invisible"/></tr></table><p class="totop"><a href="#summary">back to summary</a></p>
<h3 id="m31">com.salesforce.tests.Opportunities.OpportunitiesTest#checkOpportunityStuckReport</h3><table class="result"><tr><th class="invisible"/></tr></table><p class="totop"><a href="#summary">back to summary</a></p>
<h3 id="m32">com.salesforce.tests.Opportunities.OpportunitiesTest#checkQuaterlySummaryReport</h3><table class="result"><tr><th class="invisible"/></tr></table><p class="totop"><a href="#summary">back to summary</a></p>
<h3 id="m33">com.salesforce.tests.Opportunities.OpportunitiesTest#createNewOpportunity</h3><table class="result"><tr><th class="invisible"/></tr></table><p class="totop"><a href="#summary">back to summary</a></p>
<h3 id="m34">com.salesforce.tests.Opportunities.OpportunitiesTest#verifyOpportunitiesMenu</h3><table class="result"><tr><th class="invisible"/></tr></table><p class="totop"><a href="#summary">back to summary</a></p>
<h3 id="m35">com.salesforce.tests.RandomScenarios.RandomScenarioTest#checkCalendarWeeklyRecurrence</h3><table class="result"><tr><th class="invisible"/></tr></table><p class="totop"><a href="#summary">back to summary</a></p>
<h3 id="m36">com.salesforce.tests.RandomScenarios.RandomScenarioTest#verifyFirstAndLastName</h3><table class="result"><tr><th class="invisible"/></tr></table><p class="totop"><a href="#summary">back to summary</a></p>
<h3 id="m37">com.salesforce.tests.RandomScenarios.RandomScenarioTest#verifyTabCustomization</h3><table class="result"><tr><th class="invisible"/></tr></table><p class="totop"><a href="#summary">back to summary</a></p>
</body>
</html>
