<!DOCTYPE html>

<html>
  <head>
  <meta charset='utf-8'>
  <title>TestNG reports</title>

    <link type="text/css" href="testng-reports1.css" rel="stylesheet" id="ultra" />
    <link type="text/css" href="testng-reports.css" rel="stylesheet" id="retro" disabled="false"/>
    <script type="text/javascript" src="jquery.min.js"></script>
    <script type="text/javascript" src="testng-reports.js"></script>
    <script type="text/javascript" src="https://www.google.com/jsapi"></script>
    <script type='text/javascript'>
      google.load('visualization', '1', {packages:['table']});
      google.setOnLoadCallback(drawTable);
      var suiteTableInitFunctions = new Array();
      var suiteTableData = new Array();
    </script>
    <!--
      <script type="text/javascript" src="jquery-ui/js/jquery-ui-1.8.16.custom.min.js"></script>
     -->
  </head>

  <body>
    <div class="top-banner-root">
      <span class="top-banner-title-font">Test results</span>
      <button id="button" class="button">Switch Retro Theme</button> <!-- button -->
      <br/>
      <span class="top-banner-font-1">1 suite, 5 failed tests</span>
    </div> <!-- top-banner-root -->
    <div class="navigator-root">
      <div class="navigator-suite-header">
        <span>All suites</span>
        <a href="#" title="Collapse/expand all the suites" class="collapse-all-link">
          <img src="collapseall.gif" class="collapse-all-icon">
          </img> <!-- collapse-all-icon -->
        </a> <!-- collapse-all-link -->
      </div> <!-- navigator-suite-header -->
      <div class="suite">
        <div class="rounded-window">
          <div class="suite-header light-rounded-window-top">
            <a href="#" panel-name="suite-Suite" class="navigator-link">
              <span class="suite-name border-failed">Suite</span>
            </a> <!-- navigator-link -->
          </div> <!-- suite-header light-rounded-window-top -->
          <div class="navigator-suite-content">
            <div class="suite-section-title">
              <span>Info</span>
            </div> <!-- suite-section-title -->
            <div class="suite-section-content">
              <ul>
                <li>
                  <a href="#" panel-name="test-xml-Suite" class="navigator-link ">
                    <span>Testng.xml</span>
                  </a> <!-- navigator-link  -->
                </li>
                <li>
                  <a href="#" panel-name="testlist-Suite" class="navigator-link ">
                    <span class="test-stats">1 test</span>
                  </a> <!-- navigator-link  -->
                </li>
                <li>
                  <a href="#" panel-name="group-Suite" class="navigator-link ">
                    <span>0 groups</span>
                  </a> <!-- navigator-link  -->
                </li>
                <li>
                  <a href="#" panel-name="times-Suite" class="navigator-link ">
                    <span>Times</span>
                  </a> <!-- navigator-link  -->
                </li>
                <li>
                  <a href="#" panel-name="reporter-Suite" class="navigator-link ">
                    <span>Reporter output</span>
                  </a> <!-- navigator-link  -->
                </li>
                <li>
                  <a href="#" panel-name="ignored-methods-Suite" class="navigator-link ">
                    <span>Ignored methods</span>
                  </a> <!-- navigator-link  -->
                </li>
                <li>
                  <a href="#" panel-name="chronological-Suite" class="navigator-link ">
                    <span>Chronological view</span>
                  </a> <!-- navigator-link  -->
                </li>
              </ul>
            </div> <!-- suite-section-content -->
            <div class="result-section">
              <div class="suite-section-title">
                <span>Results</span>
              </div> <!-- suite-section-title -->
              <div class="suite-section-content">
                <ul>
                  <li>
                    <span class="method-stats">38 methods, 5 failed,   33 passed</span>
                  </li>
                  <li>
                    <span class="method-list-title failed">Failed methods</span>
                    <span class="show-or-hide-methods failed">
                      <a href="#" panel-name="suite-Suite" class="hide-methods failed suite-Suite"> (hide)</a> <!-- hide-methods failed suite-Suite -->
                      <a href="#" panel-name="suite-Suite" class="show-methods failed suite-Suite"> (show)</a> <!-- show-methods failed suite-Suite -->
                    </span>
                    <div class="method-list-content failed suite-Suite">
                      <span>
                        <img src="failed.png" width="3%"/>
                        <a href="#" panel-name="suite-Suite" title="com.salesforce.tests.Home.UserMenuDropDownTest" class="method navigator-link" hash-for-method="MyProfileSettingSetting">MyProfileSettingSetting</a> <!-- method navigator-link -->
                      </span>
                      <br/>
                      <span>
                        <img src="failed.png" width="3%"/>
                        <a href="#" panel-name="suite-Suite" title="com.salesforce.tests.Accounts.AccountsTest" class="method navigator-link" hash-for-method="accountsMerge">accountsMerge</a> <!-- method navigator-link -->
                      </span>
                      <br/>
                      <span>
                        <img src="failed.png" width="3%"/>
                        <a href="#" panel-name="suite-Suite" title="com.salesforce.tests.RandomScenarios.RandomScenarioTest" class="method navigator-link" hash-for-method="blockEventInCalendar">blockEventInCalendar</a> <!-- method navigator-link -->
                      </span>
                      <br/>
                      <span>
                        <img src="failed.png" width="3%"/>
                        <a href="#" panel-name="suite-Suite" title="com.salesforce.tests.Contacts.ContactsTest" class="method navigator-link" hash-for-method="checkMyContactsView">checkMyContactsView</a> <!-- method navigator-link -->
                      </span>
                      <br/>
                      <span>
                        <img src="failed.png" width="3%"/>
                        <a href="#" panel-name="suite-Suite" title="com.salesforce.tests.RandomScenarios.RandomScenarioTest" class="method navigator-link" hash-for-method="editedUserName">editedUserName</a> <!-- method navigator-link -->
                      </span>
                      <br/>
                    </div> <!-- method-list-content failed suite-Suite -->
                  </li>
                  <li>
                    <span class="method-list-title passed">Passed methods</span>
                    <span class="show-or-hide-methods passed">
                      <a href="#" panel-name="suite-Suite" class="hide-methods passed suite-Suite"> (hide)</a> <!-- hide-methods passed suite-Suite -->
                      <a href="#" panel-name="suite-Suite" class="show-methods passed suite-Suite"> (show)</a> <!-- show-methods passed suite-Suite -->
                    </span>
                    <div class="method-list-content passed suite-Suite">
                      <span>
                        <img src="passed.png" width="3%"/>
                        <a href="#" panel-name="suite-Suite" title="com.salesforce.tests.Login.LoginTest" class="method navigator-link" hash-for-method="CheckRememberMe">CheckRememberMe</a> <!-- method navigator-link -->
                      </span>
                      <br/>
                      <span>
                        <img src="passed.png" width="3%"/>
                        <a href="#" panel-name="suite-Suite" title="com.salesforce.tests.Home.UserMenuDropDownTest" class="method navigator-link" hash-for-method="DeveloperConsoleSetting">DeveloperConsoleSetting</a> <!-- method navigator-link -->
                      </span>
                      <br/>
                      <span>
                        <img src="passed.png" width="3%"/>
                        <a href="#" panel-name="suite-Suite" title="com.salesforce.tests.Login.LoginTest" class="method navigator-link" hash-for-method="ForgotPassword">ForgotPassword</a> <!-- method navigator-link -->
                      </span>
                      <br/>
                      <span>
                        <img src="passed.png" width="3%"/>
                        <a href="#" panel-name="suite-Suite" title="com.salesforce.tests.Login.LoginTest" class="method navigator-link" hash-for-method="LoginErrorMessage">LoginErrorMessage</a> <!-- method navigator-link -->
                      </span>
                      <br/>
                      <span>
                        <img src="passed.png" width="3%"/>
                        <a href="#" panel-name="suite-Suite" title="com.salesforce.tests.Login.LoginTest" class="method navigator-link" hash-for-method="LoginSFDC">LoginSFDC</a> <!-- method navigator-link -->
                      </span>
                      <br/>
                      <span>
                        <img src="passed.png" width="3%"/>
                        <a href="#" panel-name="suite-Suite" title="com.salesforce.tests.Home.UserMenuDropDownTest" class="method navigator-link" hash-for-method="Logout">Logout</a> <!-- method navigator-link -->
                      </span>
                      <br/>
                      <span>
                        <img src="passed.png" width="3%"/>
                        <a href="#" panel-name="suite-Suite" title="com.salesforce.tests.Home.UserMenuDropDownTest" class="method navigator-link" hash-for-method="MyProfileSetting">MyProfileSetting</a> <!-- method navigator-link -->
                      </span>
                      <br/>
                      <span>
                        <img src="passed.png" width="3%"/>
                        <a href="#" panel-name="suite-Suite" title="com.salesforce.tests.Home.UserMenuDropDownTest" class="method navigator-link" hash-for-method="MySettingsSetting">MySettingsSetting</a> <!-- method navigator-link -->
                      </span>
                      <br/>
                      <span>
                        <img src="passed.png" width="3%"/>
                        <a href="#" panel-name="suite-Suite" title="com.salesforce.tests.Login.LoginTest" class="method navigator-link" hash-for-method="WrongUserNamePwd">WrongUserNamePwd</a> <!-- method navigator-link -->
                      </span>
                      <br/>
                      <span>
                        <img src="passed.png" width="3%"/>
                        <a href="#" panel-name="suite-Suite" title="com.salesforce.tests.Contacts.ContactsTest" class="method navigator-link" hash-for-method="cancelNewView">cancelNewView</a> <!-- method navigator-link -->
                      </span>
                      <br/>
                      <span>
                        <img src="passed.png" width="3%"/>
                        <a href="#" panel-name="suite-Suite" title="com.salesforce.tests.RandomScenarios.RandomScenarioTest" class="method navigator-link" hash-for-method="checkCalendarWeeklyRecurrence">checkCalendarWeeklyRecurrence</a> <!-- method navigator-link -->
                      </span>
                      <br/>
                      <span>
                        <img src="passed.png" width="3%"/>
                        <a href="#" panel-name="suite-Suite" title="com.salesforce.tests.Leads.LeadsTest" class="method navigator-link" hash-for-method="checkDefaultView">checkDefaultView</a> <!-- method navigator-link -->
                      </span>
                      <br/>
                      <span>
                        <img src="passed.png" width="3%"/>
                        <a href="#" panel-name="suite-Suite" title="com.salesforce.tests.Leads.LeadsTest" class="method navigator-link" hash-for-method="checkLeadsMenu">checkLeadsMenu</a> <!-- method navigator-link -->
                      </span>
                      <br/>
                      <span>
                        <img src="passed.png" width="3%"/>
                        <a href="#" panel-name="suite-Suite" title="com.salesforce.tests.Leads.LeadsTest" class="method navigator-link" hash-for-method="checkNewLead">checkNewLead</a> <!-- method navigator-link -->
                      </span>
                      <br/>
                      <span>
                        <img src="passed.png" width="3%"/>
                        <a href="#" panel-name="suite-Suite" title="com.salesforce.tests.Opportunities.OpportunitiesTest" class="method navigator-link" hash-for-method="checkOpportunityPipelineReport">checkOpportunityPipelineReport</a> <!-- method navigator-link -->
                      </span>
                      <br/>
                      <span>
                        <img src="passed.png" width="3%"/>
                        <a href="#" panel-name="suite-Suite" title="com.salesforce.tests.Opportunities.OpportunitiesTest" class="method navigator-link" hash-for-method="checkOpportunityStuckReport">checkOpportunityStuckReport</a> <!-- method navigator-link -->
                      </span>
                      <br/>
                      <span>
                        <img src="passed.png" width="3%"/>
                        <a href="#" panel-name="suite-Suite" title="com.salesforce.tests.Opportunities.OpportunitiesTest" class="method navigator-link" hash-for-method="checkQuaterlySummaryReport">checkQuaterlySummaryReport</a> <!-- method navigator-link -->
                      </span>
                      <br/>
                      <span>
                        <img src="passed.png" width="3%"/>
                        <a href="#" panel-name="suite-Suite" title="com.salesforce.tests.Contacts.ContactsTest" class="method navigator-link" hash-for-method="checkRecentlyCreatedContact">checkRecentlyCreatedContact</a> <!-- method navigator-link -->
                      </span>
                      <br/>
                      <span>
                        <img src="passed.png" width="3%"/>
                        <a href="#" panel-name="suite-Suite" title="com.salesforce.tests.Contacts.ContactsTest" class="method navigator-link" hash-for-method="checkSaveAndNewView">checkSaveAndNewView</a> <!-- method navigator-link -->
                      </span>
                      <br/>
                      <span>
                        <img src="passed.png" width="3%"/>
                        <a href="#" panel-name="suite-Suite" title="com.salesforce.tests.Accounts.AccountsTest" class="method navigator-link" hash-for-method="createAccount">createAccount</a> <!-- method navigator-link -->
                      </span>
                      <br/>
                      <span>
                        <img src="passed.png" width="3%"/>
                        <a href="#" panel-name="suite-Suite" title="com.salesforce.tests.Accounts.AccountsTest" class="method navigator-link" hash-for-method="createAccountReport">createAccountReport</a> <!-- method navigator-link -->
                      </span>
                      <br/>
                      <span>
                        <img src="passed.png" width="3%"/>
                        <a href="#" panel-name="suite-Suite" title="com.salesforce.tests.Contacts.ContactsTest" class="method navigator-link" hash-for-method="createNewContact">createNewContact</a> <!-- method navigator-link -->
                      </span>
                      <br/>
                      <span>
                        <img src="passed.png" width="3%"/>
                        <a href="#" panel-name="suite-Suite" title="com.salesforce.tests.Contacts.ContactsTest" class="method navigator-link" hash-for-method="createNewContactView">createNewContactView</a> <!-- method navigator-link -->
                      </span>
                      <br/>
                      <span>
                        <img src="passed.png" width="3%"/>
                        <a href="#" panel-name="suite-Suite" title="com.salesforce.tests.Opportunities.OpportunitiesTest" class="method navigator-link" hash-for-method="createNewOpportunity">createNewOpportunity</a> <!-- method navigator-link -->
                      </span>
                      <br/>
                      <span>
                        <img src="passed.png" width="3%"/>
                        <a href="#" panel-name="suite-Suite" title="com.salesforce.tests.Accounts.AccountsTest" class="method navigator-link" hash-for-method="createView">createView</a> <!-- method navigator-link -->
                      </span>
                      <br/>
                      <span>
                        <img src="passed.png" width="3%"/>
                        <a href="#" panel-name="suite-Suite" title="com.salesforce.tests.Accounts.AccountsTest" class="method navigator-link" hash-for-method="editView">editView</a> <!-- method navigator-link -->
                      </span>
                      <br/>
                      <span>
                        <img src="passed.png" width="3%"/>
                        <a href="#" panel-name="suite-Suite" title="com.salesforce.tests.Contacts.ContactsTest" class="method navigator-link" hash-for-method="newContactViewError">newContactViewError</a> <!-- method navigator-link -->
                      </span>
                      <br/>
                      <span>
                        <img src="passed.png" width="3%"/>
                        <a href="#" panel-name="suite-Suite" title="com.salesforce.tests.Home.UserMenuDropDownTest" class="method navigator-link" hash-for-method="userMenuDropDownCheck">userMenuDropDownCheck</a> <!-- method navigator-link -->
                      </span>
                      <br/>
                      <span>
                        <img src="passed.png" width="3%"/>
                        <a href="#" panel-name="suite-Suite" title="com.salesforce.tests.RandomScenarios.RandomScenarioTest" class="method navigator-link" hash-for-method="verifyFirstAndLastName">verifyFirstAndLastName</a> <!-- method navigator-link -->
                      </span>
                      <br/>
                      <span>
                        <img src="passed.png" width="3%"/>
                        <a href="#" panel-name="suite-Suite" title="com.salesforce.tests.Leads.LeadsTest" class="method navigator-link" hash-for-method="verifyLeadsPage">verifyLeadsPage</a> <!-- method navigator-link -->
                      </span>
                      <br/>
                      <span>
                        <img src="passed.png" width="3%"/>
                        <a href="#" panel-name="suite-Suite" title="com.salesforce.tests.Opportunities.OpportunitiesTest" class="method navigator-link" hash-for-method="verifyOpportunitiesMenu">verifyOpportunitiesMenu</a> <!-- method navigator-link -->
                      </span>
                      <br/>
                      <span>
                        <img src="passed.png" width="3%"/>
                        <a href="#" panel-name="suite-Suite" title="com.salesforce.tests.RandomScenarios.RandomScenarioTest" class="method navigator-link" hash-for-method="verifyTabCustomization">verifyTabCustomization</a> <!-- method navigator-link -->
                      </span>
                      <br/>
                      <span>
                        <img src="passed.png" width="3%"/>
                        <a href="#" panel-name="suite-Suite" title="com.salesforce.tests.Contacts.ContactsTest" class="method navigator-link" hash-for-method="viewContact">viewContact</a> <!-- method navigator-link -->
                      </span>
                      <br/>
                    </div> <!-- method-list-content passed suite-Suite -->
                  </li>
                </ul>
              </div> <!-- suite-section-content -->
            </div> <!-- result-section -->
          </div> <!-- navigator-suite-content -->
        </div> <!-- rounded-window -->
      </div> <!-- suite -->
    </div> <!-- navigator-root -->
    <div class="wrapper">
      <div class="main-panel-root">
        <div panel-name="suite-Suite" class="panel Suite">
          <div class="suite-Suite-class-failed">
            <div class="main-panel-header rounded-window-top">
              <img src="failed.png"/>
              <span class="class-name">com.salesforce.tests.RandomScenarios.RandomScenarioTest</span>
            </div> <!-- main-panel-header rounded-window-top -->
            <div class="main-panel-content rounded-window-bottom">
              <div class="method">
                <div class="method-content">
                  <a name="blockEventInCalendar">
                  </a> <!-- blockEventInCalendar -->
                  <span class="method-name">blockEventInCalendar</span>
                  <div class="stack-trace">org.openqa.selenium.NoSuchElementException: no such element: Unable to locate element: {&quot;method&quot;:&quot;xpath&quot;,&quot;selector&quot;:&quot;//td[contains(text(),&apos;8:00 PM&apos;)]&quot;}
  (Session info: chrome=98.0.4758.80)
For documentation on this error, please visit: https://www.seleniumhq.org/exceptions/no_such_element.html
Build info: version: &apos;3.141.59&apos;, revision: &apos;e82be7d358&apos;, time: &apos;2018-11-14T08:17:03&apos;
System info: host: &apos;Praveenas-MacBook-Pro.local&apos;, ip: &apos;2601:641:c101:8f10:3494:68bb:417e:4b98%en0&apos;, os.name: &apos;Mac OS X&apos;, os.arch: &apos;x86_64&apos;, os.version: &apos;10.13.6&apos;, java.version: &apos;17.0.2&apos;
Driver info: org.openqa.selenium.chrome.ChromeDriver
Capabilities {acceptInsecureCerts: false, browserName: chrome, browserVersion: 98.0.4758.80, chrome: {chromedriverVersion: 98.0.4758.80 (7f0488e8ba0d8..., userDataDir: /var/folders/6z/txc6fts57ns...}, goog:chromeOptions: {debuggerAddress: localhost:57647}, javascriptEnabled: true, networkConnectionEnabled: false, pageLoadStrategy: normal, platform: MAC, platformName: MAC, proxy: Proxy(), setWindowRect: true, strictFileInteractability: false, timeouts: {implicit: 0, pageLoad: 300000, script: 30000}, unhandledPromptBehavior: dismiss and notify, webauthn:extension:credBlob: true, webauthn:extension:largeBlob: true, webauthn:virtualAuthenticators: true}
Session ID: 13513c41c09debe05af1ef3a04269d81
*** Element info: {Using=xpath, value=//td[contains(text(),&apos;8:00 PM&apos;)]}
	at org.openqa.selenium.remote.http.W3CHttpResponseCodec.createException(W3CHttpResponseCodec.java:187)
	at org.openqa.selenium.remote.http.W3CHttpResponseCodec.decode(W3CHttpResponseCodec.java:122)
	at org.openqa.selenium.remote.http.W3CHttpResponseCodec.decode(W3CHttpResponseCodec.java:49)
	at org.openqa.selenium.remote.HttpCommandExecutor.execute(HttpCommandExecutor.java:158)
	at org.openqa.selenium.remote.service.DriverCommandExecutor.execute(DriverCommandExecutor.java:83)
	at org.openqa.selenium.remote.RemoteWebDriver.execute(RemoteWebDriver.java:552)
	at org.openqa.selenium.remote.RemoteWebDriver.findElement(RemoteWebDriver.java:323)
	at org.openqa.selenium.remote.RemoteWebDriver.findElementByXPath(RemoteWebDriver.java:428)
	at org.openqa.selenium.By$ByXPath.findElement(By.java:353)
	at org.openqa.selenium.remote.RemoteWebDriver.findElement(RemoteWebDriver.java:315)
	at org.openqa.selenium.support.pagefactory.DefaultElementLocator.findElement(DefaultElementLocator.java:69)
	at org.openqa.selenium.support.pagefactory.internal.LocatingElementHandler.invoke(LocatingElementHandler.java:38)
	at jdk.proxy2/jdk.proxy2.$Proxy16.isDisplayed(Unknown Source)
	at com.salesforce.pages.calendarpages.CalendarPage.validateOtherEventSchedule(CalendarPage.java:87)
	at com.salesforce.tests.RandomScenarios.RandomScenarioTest.blockEventInCalendar(RandomScenarioTest.java:103)
	at java.base/java.util.ArrayList.forEach(ArrayList.java:1511)
... Removed 32 stack frames
</div> <!-- stack-trace -->
                </div> <!-- method-content -->
              </div> <!-- method -->
              <div class="method">
                <div class="method-content">
                  <a name="editedUserName">
                  </a> <!-- editedUserName -->
                  <span class="method-name">editedUserName</span>
                  <div class="stack-trace">org.openqa.selenium.TimeoutException: Expected condition failed: waiting for visibility of [[ChromeDriver: chrome on MAC (42e621a894db40bef65e14ac4c4d9618)] -&gt; xpath: //h2[@id=&apos;contactInfoTitle&apos;]] (tried for 30 second(s) with 500 milliseconds interval)
Build info: version: &apos;3.141.59&apos;, revision: &apos;e82be7d358&apos;, time: &apos;2018-11-14T08:17:03&apos;
System info: host: &apos;Praveenas-MacBook-Pro.local&apos;, ip: &apos;2601:641:c101:8f10:3494:68bb:417e:4b98%en0&apos;, os.name: &apos;Mac OS X&apos;, os.arch: &apos;x86_64&apos;, os.version: &apos;10.13.6&apos;, java.version: &apos;17.0.2&apos;
Driver info: org.openqa.selenium.chrome.ChromeDriver
Capabilities {acceptInsecureCerts: false, browserName: chrome, browserVersion: 98.0.4758.80, chrome: {chromedriverVersion: 98.0.4758.80 (7f0488e8ba0d8..., userDataDir: /var/folders/6z/txc6fts57ns...}, goog:chromeOptions: {debuggerAddress: localhost:57753}, javascriptEnabled: true, networkConnectionEnabled: false, pageLoadStrategy: normal, platform: MAC, platformName: MAC, proxy: Proxy(), setWindowRect: true, strictFileInteractability: false, timeouts: {implicit: 0, pageLoad: 300000, script: 30000}, unhandledPromptBehavior: dismiss and notify, webauthn:extension:credBlob: true, webauthn:extension:largeBlob: true, webauthn:virtualAuthenticators: true}
Session ID: 42e621a894db40bef65e14ac4c4d9618
	at org.openqa.selenium.support.ui.WebDriverWait.timeoutException(WebDriverWait.java:95)
	at org.openqa.selenium.support.ui.FluentWait.until(FluentWait.java:272)
	at com.salesforce.Base.BasePage.waitUntilVisible(BasePage.java:118)
	at com.salesforce.Base.BasePage.dialogBoxCheck(BasePage.java:227)
	at com.salesforce.pages.UserMenuSettingsPages.EditProfilePage.editProfileDialogBoxCheck(EditProfilePage.java:33)
	at com.salesforce.tests.UserMenuSettings.MyProfileTest.profileLastNameChange(MyProfileTest.java:20)
	at com.salesforce.tests.RandomScenarios.RandomScenarioTest.editedUserName(RandomScenarioTest.java:38)
	at java.base/java.util.ArrayList.forEach(ArrayList.java:1511)
... Removed 27 stack frames
</div> <!-- stack-trace -->
                </div> <!-- method-content -->
              </div> <!-- method -->
            </div> <!-- main-panel-content rounded-window-bottom -->
          </div> <!-- suite-Suite-class-failed -->
          <div class="suite-Suite-class-failed">
            <div class="main-panel-header rounded-window-top">
              <img src="failed.png"/>
              <span class="class-name">com.salesforce.tests.Accounts.AccountsTest</span>
            </div> <!-- main-panel-header rounded-window-top -->
            <div class="main-panel-content rounded-window-bottom">
              <div class="method">
                <div class="method-content">
                  <a name="accountsMerge">
                  </a> <!-- accountsMerge -->
                  <span class="method-name">accountsMerge</span>
                  <div class="stack-trace">org.openqa.selenium.WebDriverException: disconnected: Unable to receive message from renderer
  (Session info: chrome=98.0.4758.80)
Build info: version: &apos;3.141.59&apos;, revision: &apos;e82be7d358&apos;, time: &apos;2018-11-14T08:17:03&apos;
System info: host: &apos;Praveenas-MacBook-Pro.local&apos;, ip: &apos;2601:641:c101:8f10:3494:68bb:417e:4b98%en0&apos;, os.name: &apos;Mac OS X&apos;, os.arch: &apos;x86_64&apos;, os.version: &apos;10.13.6&apos;, java.version: &apos;17.0.2&apos;
Driver info: org.openqa.selenium.chrome.ChromeDriver
Capabilities {acceptInsecureCerts: false, browserName: chrome, browserVersion: 98.0.4758.80, chrome: {chromedriverVersion: 98.0.4758.80 (7f0488e8ba0d8..., userDataDir: /var/folders/6z/txc6fts57ns...}, goog:chromeOptions: {debuggerAddress: localhost:56536}, javascriptEnabled: true, networkConnectionEnabled: false, pageLoadStrategy: normal, platform: MAC, platformName: MAC, proxy: Proxy(), setWindowRect: true, strictFileInteractability: false, timeouts: {implicit: 0, pageLoad: 300000, script: 30000}, unhandledPromptBehavior: dismiss and notify, webauthn:extension:credBlob: true, webauthn:extension:largeBlob: true, webauthn:virtualAuthenticators: true}
Session ID: 0c5830f54b75c73445893517b2c60843
*** Element info: {Using=class name, value=dialogClose}
	at org.openqa.selenium.remote.http.W3CHttpResponseCodec.createException(W3CHttpResponseCodec.java:187)
	at org.openqa.selenium.remote.http.W3CHttpResponseCodec.decode(W3CHttpResponseCodec.java:122)
	at org.openqa.selenium.remote.http.W3CHttpResponseCodec.decode(W3CHttpResponseCodec.java:49)
	at org.openqa.selenium.remote.HttpCommandExecutor.execute(HttpCommandExecutor.java:158)
	at org.openqa.selenium.remote.service.DriverCommandExecutor.execute(DriverCommandExecutor.java:83)
	at org.openqa.selenium.remote.RemoteWebDriver.execute(RemoteWebDriver.java:552)
	at org.openqa.selenium.remote.RemoteWebDriver.findElement(RemoteWebDriver.java:323)
	at org.openqa.selenium.remote.RemoteWebDriver.findElementByClassName(RemoteWebDriver.java:412)
	at org.openqa.selenium.By$ByClassName.findElement(By.java:389)
	at org.openqa.selenium.remote.RemoteWebDriver.findElement(RemoteWebDriver.java:315)
	at org.openqa.selenium.support.pagefactory.DefaultElementLocator.findElement(DefaultElementLocator.java:69)
	at org.openqa.selenium.support.pagefactory.internal.LocatingElementHandler.invoke(LocatingElementHandler.java:38)
	at jdk.proxy2/jdk.proxy2.$Proxy16.isDisplayed(Unknown Source)
	at com.salesforce.Base.BasePage.clickElement(BasePage.java:257)
	at com.salesforce.pages.homepages.HomePage.closeDialogBox(HomePage.java:54)
	at com.salesforce.tests.Login.LoginTest.LoginSFDC(LoginTest.java:32)
	at com.salesforce.tests.Accounts.AccountsTest.accountsMerge(AccountsTest.java:92)
	at java.base/java.util.ArrayList.forEach(ArrayList.java:1511)
... Removed 32 stack frames
</div> <!-- stack-trace -->
                </div> <!-- method-content -->
              </div> <!-- method -->
            </div> <!-- main-panel-content rounded-window-bottom -->
          </div> <!-- suite-Suite-class-failed -->
          <div class="suite-Suite-class-failed">
            <div class="main-panel-header rounded-window-top">
              <img src="failed.png"/>
              <span class="class-name">com.salesforce.tests.Contacts.ContactsTest</span>
            </div> <!-- main-panel-header rounded-window-top -->
            <div class="main-panel-content rounded-window-bottom">
              <div class="method">
                <div class="method-content">
                  <a name="checkMyContactsView">
                  </a> <!-- checkMyContactsView -->
                  <span class="method-name">checkMyContactsView</span>
                  <div class="stack-trace">org.openqa.selenium.NoSuchElementException: no such element: Unable to locate element: {&quot;method&quot;:&quot;xpath&quot;,&quot;selector&quot;:&quot;//input[@title=&apos;Go!&apos;]&quot;}
  (Session info: chrome=98.0.4758.80)
For documentation on this error, please visit: https://www.seleniumhq.org/exceptions/no_such_element.html
Build info: version: &apos;3.141.59&apos;, revision: &apos;e82be7d358&apos;, time: &apos;2018-11-14T08:17:03&apos;
System info: host: &apos;Praveenas-MacBook-Pro.local&apos;, ip: &apos;2601:641:c101:8f10:3494:68bb:417e:4b98%en0&apos;, os.name: &apos;Mac OS X&apos;, os.arch: &apos;x86_64&apos;, os.version: &apos;10.13.6&apos;, java.version: &apos;17.0.2&apos;
Driver info: org.openqa.selenium.chrome.ChromeDriver
Capabilities {acceptInsecureCerts: false, browserName: chrome, browserVersion: 98.0.4758.80, chrome: {chromedriverVersion: 98.0.4758.80 (7f0488e8ba0d8..., userDataDir: /var/folders/6z/txc6fts57ns...}, goog:chromeOptions: {debuggerAddress: localhost:57307}, javascriptEnabled: true, networkConnectionEnabled: false, pageLoadStrategy: normal, platform: MAC, platformName: MAC, proxy: Proxy(), setWindowRect: true, strictFileInteractability: false, timeouts: {implicit: 0, pageLoad: 300000, script: 30000}, unhandledPromptBehavior: dismiss and notify, webauthn:extension:credBlob: true, webauthn:extension:largeBlob: true, webauthn:virtualAuthenticators: true}
Session ID: d0db4a0f5c26f0263378f951d7f54fcc
*** Element info: {Using=xpath, value=//input[@title=&apos;Go!&apos;]}
	at org.openqa.selenium.remote.http.W3CHttpResponseCodec.createException(W3CHttpResponseCodec.java:187)
	at org.openqa.selenium.remote.http.W3CHttpResponseCodec.decode(W3CHttpResponseCodec.java:122)
	at org.openqa.selenium.remote.http.W3CHttpResponseCodec.decode(W3CHttpResponseCodec.java:49)
	at org.openqa.selenium.remote.HttpCommandExecutor.execute(HttpCommandExecutor.java:158)
	at org.openqa.selenium.remote.service.DriverCommandExecutor.execute(DriverCommandExecutor.java:83)
	at org.openqa.selenium.remote.RemoteWebDriver.execute(RemoteWebDriver.java:552)
	at org.openqa.selenium.remote.RemoteWebDriver.findElement(RemoteWebDriver.java:323)
	at org.openqa.selenium.remote.RemoteWebDriver.findElementByXPath(RemoteWebDriver.java:428)
	at org.openqa.selenium.By$ByXPath.findElement(By.java:353)
	at org.openqa.selenium.remote.RemoteWebDriver.findElement(RemoteWebDriver.java:315)
	at org.openqa.selenium.support.pagefactory.DefaultElementLocator.findElement(DefaultElementLocator.java:69)
	at org.openqa.selenium.support.pagefactory.internal.LocatingElementHandler.invoke(LocatingElementHandler.java:38)
	at jdk.proxy2/jdk.proxy2.$Proxy16.isDisplayed(Unknown Source)
	at com.salesforce.tests.Contacts.ContactsPage.selectMyContacts(ContactsPage.java:62)
	at com.salesforce.tests.Contacts.ContactsTest.checkMyContactsView(ContactsTest.java:62)
	at java.base/java.util.ArrayList.forEach(ArrayList.java:1511)
... Removed 32 stack frames
</div> <!-- stack-trace -->
                </div> <!-- method-content -->
              </div> <!-- method -->
            </div> <!-- main-panel-content rounded-window-bottom -->
          </div> <!-- suite-Suite-class-failed -->
          <div class="suite-Suite-class-failed">
            <div class="main-panel-header rounded-window-top">
              <img src="failed.png"/>
              <span class="class-name">com.salesforce.tests.Home.UserMenuDropDownTest</span>
            </div> <!-- main-panel-header rounded-window-top -->
            <div class="main-panel-content rounded-window-bottom">
              <div class="method">
                <div class="method-content">
                  <a name="MyProfileSettingSetting">
                  </a> <!-- MyProfileSettingSetting -->
                  <span class="method-name">MyProfileSettingSetting</span>
                  <div class="stack-trace">org.openqa.selenium.TimeoutException: Expected condition failed: waiting for visibility of [[ChromeDriver: chrome on MAC (e90e29c3312d9be8986641051cdef059)] -&gt; xpath: //h2[@id=&apos;contactInfoTitle&apos;]] (tried for 30 second(s) with 500 milliseconds interval)
Build info: version: &apos;3.141.59&apos;, revision: &apos;e82be7d358&apos;, time: &apos;2018-11-14T08:17:03&apos;
System info: host: &apos;Praveenas-MacBook-Pro.local&apos;, ip: &apos;2601:641:c101:8f10:3494:68bb:417e:4b98%en0&apos;, os.name: &apos;Mac OS X&apos;, os.arch: &apos;x86_64&apos;, os.version: &apos;10.13.6&apos;, java.version: &apos;17.0.2&apos;
Driver info: org.openqa.selenium.chrome.ChromeDriver
Capabilities {acceptInsecureCerts: false, browserName: chrome, browserVersion: 98.0.4758.80, chrome: {chromedriverVersion: 98.0.4758.80 (7f0488e8ba0d8..., userDataDir: /var/folders/6z/txc6fts57ns...}, goog:chromeOptions: {debuggerAddress: localhost:56383}, javascriptEnabled: true, networkConnectionEnabled: false, pageLoadStrategy: normal, platform: MAC, platformName: MAC, proxy: Proxy(), setWindowRect: true, strictFileInteractability: false, timeouts: {implicit: 0, pageLoad: 300000, script: 30000}, unhandledPromptBehavior: dismiss and notify, webauthn:extension:credBlob: true, webauthn:extension:largeBlob: true, webauthn:virtualAuthenticators: true}
Session ID: e90e29c3312d9be8986641051cdef059
	at org.openqa.selenium.support.ui.WebDriverWait.timeoutException(WebDriverWait.java:95)
	at org.openqa.selenium.support.ui.FluentWait.until(FluentWait.java:272)
	at com.salesforce.Base.BasePage.waitUntilVisible(BasePage.java:118)
	at com.salesforce.Base.BasePage.dialogBoxCheck(BasePage.java:227)
	at com.salesforce.pages.UserMenuSettingsPages.EditProfilePage.editProfileDialogBoxCheck(EditProfilePage.java:33)
	at com.salesforce.tests.Home.UserMenuDropDownTest.profileLastNameChange(UserMenuDropDownTest.java:90)
	at com.salesforce.tests.Home.UserMenuDropDownTest.MyProfileSettingSetting(UserMenuDropDownTest.java:104)
	at java.base/java.util.ArrayList.forEach(ArrayList.java:1511)
... Removed 27 stack frames
</div> <!-- stack-trace -->
                </div> <!-- method-content -->
              </div> <!-- method -->
            </div> <!-- main-panel-content rounded-window-bottom -->
          </div> <!-- suite-Suite-class-failed -->
          <div class="suite-Suite-class-passed">
            <div class="main-panel-header rounded-window-top">
              <img src="passed.png"/>
              <span class="class-name">com.salesforce.tests.Leads.LeadsTest</span>
            </div> <!-- main-panel-header rounded-window-top -->
            <div class="main-panel-content rounded-window-bottom">
              <div class="method">
                <div class="method-content">
                  <a name="checkDefaultView">
                  </a> <!-- checkDefaultView -->
                  <span class="method-name">checkDefaultView</span>
                </div> <!-- method-content -->
              </div> <!-- method -->
              <div class="method">
                <div class="method-content">
                  <a name="checkLeadsMenu">
                  </a> <!-- checkLeadsMenu -->
                  <span class="method-name">checkLeadsMenu</span>
                </div> <!-- method-content -->
              </div> <!-- method -->
              <div class="method">
                <div class="method-content">
                  <a name="checkNewLead">
                  </a> <!-- checkNewLead -->
                  <span class="method-name">checkNewLead</span>
                </div> <!-- method-content -->
              </div> <!-- method -->
              <div class="method">
                <div class="method-content">
                  <a name="verifyLeadsPage">
                  </a> <!-- verifyLeadsPage -->
                  <span class="method-name">verifyLeadsPage</span>
                </div> <!-- method-content -->
              </div> <!-- method -->
            </div> <!-- main-panel-content rounded-window-bottom -->
          </div> <!-- suite-Suite-class-passed -->
          <div class="suite-Suite-class-passed">
            <div class="main-panel-header rounded-window-top">
              <img src="passed.png"/>
              <span class="class-name">com.salesforce.tests.Accounts.AccountsTest</span>
            </div> <!-- main-panel-header rounded-window-top -->
            <div class="main-panel-content rounded-window-bottom">
              <div class="method">
                <div class="method-content">
                  <a name="createAccount">
                  </a> <!-- createAccount -->
                  <span class="method-name">createAccount</span>
                </div> <!-- method-content -->
              </div> <!-- method -->
              <div class="method">
                <div class="method-content">
                  <a name="createAccountReport">
                  </a> <!-- createAccountReport -->
                  <span class="method-name">createAccountReport</span>
                </div> <!-- method-content -->
              </div> <!-- method -->
              <div class="method">
                <div class="method-content">
                  <a name="createView">
                  </a> <!-- createView -->
                  <span class="method-name">createView</span>
                </div> <!-- method-content -->
              </div> <!-- method -->
              <div class="method">
                <div class="method-content">
                  <a name="editView">
                  </a> <!-- editView -->
                  <span class="method-name">editView</span>
                </div> <!-- method-content -->
              </div> <!-- method -->
            </div> <!-- main-panel-content rounded-window-bottom -->
          </div> <!-- suite-Suite-class-passed -->
          <div class="suite-Suite-class-passed">
            <div class="main-panel-header rounded-window-top">
              <img src="passed.png"/>
              <span class="class-name">com.salesforce.tests.RandomScenarios.RandomScenarioTest</span>
            </div> <!-- main-panel-header rounded-window-top -->
            <div class="main-panel-content rounded-window-bottom">
              <div class="method">
                <div class="method-content">
                  <a name="checkCalendarWeeklyRecurrence">
                  </a> <!-- checkCalendarWeeklyRecurrence -->
                  <span class="method-name">checkCalendarWeeklyRecurrence</span>
                </div> <!-- method-content -->
              </div> <!-- method -->
              <div class="method">
                <div class="method-content">
                  <a name="verifyFirstAndLastName">
                  </a> <!-- verifyFirstAndLastName -->
                  <span class="method-name">verifyFirstAndLastName</span>
                </div> <!-- method-content -->
              </div> <!-- method -->
              <div class="method">
                <div class="method-content">
                  <a name="verifyTabCustomization">
                  </a> <!-- verifyTabCustomization -->
                  <span class="method-name">verifyTabCustomization</span>
                </div> <!-- method-content -->
              </div> <!-- method -->
            </div> <!-- main-panel-content rounded-window-bottom -->
          </div> <!-- suite-Suite-class-passed -->
          <div class="suite-Suite-class-passed">
            <div class="main-panel-header rounded-window-top">
              <img src="passed.png"/>
              <span class="class-name">com.salesforce.tests.Contacts.ContactsTest</span>
            </div> <!-- main-panel-header rounded-window-top -->
            <div class="main-panel-content rounded-window-bottom">
              <div class="method">
                <div class="method-content">
                  <a name="cancelNewView">
                  </a> <!-- cancelNewView -->
                  <span class="method-name">cancelNewView</span>
                </div> <!-- method-content -->
              </div> <!-- method -->
              <div class="method">
                <div class="method-content">
                  <a name="checkRecentlyCreatedContact">
                  </a> <!-- checkRecentlyCreatedContact -->
                  <span class="method-name">checkRecentlyCreatedContact</span>
                </div> <!-- method-content -->
              </div> <!-- method -->
              <div class="method">
                <div class="method-content">
                  <a name="checkSaveAndNewView">
                  </a> <!-- checkSaveAndNewView -->
                  <span class="method-name">checkSaveAndNewView</span>
                </div> <!-- method-content -->
              </div> <!-- method -->
              <div class="method">
                <div class="method-content">
                  <a name="createNewContact">
                  </a> <!-- createNewContact -->
                  <span class="method-name">createNewContact</span>
                </div> <!-- method-content -->
              </div> <!-- method -->
              <div class="method">
                <div class="method-content">
                  <a name="createNewContactView">
                  </a> <!-- createNewContactView -->
                  <span class="method-name">createNewContactView</span>
                </div> <!-- method-content -->
              </div> <!-- method -->
              <div class="method">
                <div class="method-content">
                  <a name="newContactViewError">
                  </a> <!-- newContactViewError -->
                  <span class="method-name">newContactViewError</span>
                </div> <!-- method-content -->
              </div> <!-- method -->
              <div class="method">
                <div class="method-content">
                  <a name="viewContact">
                  </a> <!-- viewContact -->
                  <span class="method-name">viewContact</span>
                </div> <!-- method-content -->
              </div> <!-- method -->
            </div> <!-- main-panel-content rounded-window-bottom -->
          </div> <!-- suite-Suite-class-passed -->
          <div class="suite-Suite-class-passed">
            <div class="main-panel-header rounded-window-top">
              <img src="passed.png"/>
              <span class="class-name">com.salesforce.tests.Opportunities.OpportunitiesTest</span>
            </div> <!-- main-panel-header rounded-window-top -->
            <div class="main-panel-content rounded-window-bottom">
              <div class="method">
                <div class="method-content">
                  <a name="checkOpportunityPipelineReport">
                  </a> <!-- checkOpportunityPipelineReport -->
                  <span class="method-name">checkOpportunityPipelineReport</span>
                </div> <!-- method-content -->
              </div> <!-- method -->
              <div class="method">
                <div class="method-content">
                  <a name="checkOpportunityStuckReport">
                  </a> <!-- checkOpportunityStuckReport -->
                  <span class="method-name">checkOpportunityStuckReport</span>
                </div> <!-- method-content -->
              </div> <!-- method -->
              <div class="method">
                <div class="method-content">
                  <a name="checkQuaterlySummaryReport">
                  </a> <!-- checkQuaterlySummaryReport -->
                  <span class="method-name">checkQuaterlySummaryReport</span>
                </div> <!-- method-content -->
              </div> <!-- method -->
              <div class="method">
                <div class="method-content">
                  <a name="createNewOpportunity">
                  </a> <!-- createNewOpportunity -->
                  <span class="method-name">createNewOpportunity</span>
                </div> <!-- method-content -->
              </div> <!-- method -->
              <div class="method">
                <div class="method-content">
                  <a name="verifyOpportunitiesMenu">
                  </a> <!-- verifyOpportunitiesMenu -->
                  <span class="method-name">verifyOpportunitiesMenu</span>
                </div> <!-- method-content -->
              </div> <!-- method -->
            </div> <!-- main-panel-content rounded-window-bottom -->
          </div> <!-- suite-Suite-class-passed -->
          <div class="suite-Suite-class-passed">
            <div class="main-panel-header rounded-window-top">
              <img src="passed.png"/>
              <span class="class-name">com.salesforce.tests.Login.LoginTest</span>
            </div> <!-- main-panel-header rounded-window-top -->
            <div class="main-panel-content rounded-window-bottom">
              <div class="method">
                <div class="method-content">
                  <a name="CheckRememberMe">
                  </a> <!-- CheckRememberMe -->
                  <span class="method-name">CheckRememberMe</span>
                </div> <!-- method-content -->
              </div> <!-- method -->
              <div class="method">
                <div class="method-content">
                  <a name="ForgotPassword">
                  </a> <!-- ForgotPassword -->
                  <span class="method-name">ForgotPassword</span>
                </div> <!-- method-content -->
              </div> <!-- method -->
              <div class="method">
                <div class="method-content">
                  <a name="LoginErrorMessage">
                  </a> <!-- LoginErrorMessage -->
                  <span class="method-name">LoginErrorMessage</span>
                </div> <!-- method-content -->
              </div> <!-- method -->
              <div class="method">
                <div class="method-content">
                  <a name="LoginSFDC">
                  </a> <!-- LoginSFDC -->
                  <span class="method-name">LoginSFDC</span>
                </div> <!-- method-content -->
              </div> <!-- method -->
              <div class="method">
                <div class="method-content">
                  <a name="WrongUserNamePwd">
                  </a> <!-- WrongUserNamePwd -->
                  <span class="method-name">WrongUserNamePwd</span>
                </div> <!-- method-content -->
              </div> <!-- method -->
            </div> <!-- main-panel-content rounded-window-bottom -->
          </div> <!-- suite-Suite-class-passed -->
          <div class="suite-Suite-class-passed">
            <div class="main-panel-header rounded-window-top">
              <img src="passed.png"/>
              <span class="class-name">com.salesforce.tests.Home.UserMenuDropDownTest</span>
            </div> <!-- main-panel-header rounded-window-top -->
            <div class="main-panel-content rounded-window-bottom">
              <div class="method">
                <div class="method-content">
                  <a name="DeveloperConsoleSetting">
                  </a> <!-- DeveloperConsoleSetting -->
                  <span class="method-name">DeveloperConsoleSetting</span>
                </div> <!-- method-content -->
              </div> <!-- method -->
              <div class="method">
                <div class="method-content">
                  <a name="Logout">
                  </a> <!-- Logout -->
                  <span class="method-name">Logout</span>
                </div> <!-- method-content -->
              </div> <!-- method -->
              <div class="method">
                <div class="method-content">
                  <a name="MyProfileSetting">
                  </a> <!-- MyProfileSetting -->
                  <span class="method-name">MyProfileSetting</span>
                </div> <!-- method-content -->
              </div> <!-- method -->
              <div class="method">
                <div class="method-content">
                  <a name="MySettingsSetting">
                  </a> <!-- MySettingsSetting -->
                  <span class="method-name">MySettingsSetting</span>
                </div> <!-- method-content -->
              </div> <!-- method -->
              <div class="method">
                <div class="method-content">
                  <a name="userMenuDropDownCheck">
                  </a> <!-- userMenuDropDownCheck -->
                  <span class="method-name">userMenuDropDownCheck</span>
                </div> <!-- method-content -->
              </div> <!-- method -->
            </div> <!-- main-panel-content rounded-window-bottom -->
          </div> <!-- suite-Suite-class-passed -->
        </div> <!-- panel Suite -->
        <div panel-name="test-xml-Suite" class="panel">
          <div class="main-panel-header rounded-window-top">
            <span class="header-content">/Users/praveenastandard/eclipse-workspace/SalesforcePOMAutomation/Testng.xml</span>
          </div> <!-- main-panel-header rounded-window-top -->
          <div class="main-panel-content rounded-window-bottom">
            <pre>
&lt;?xml version=&quot;1.0&quot; encoding=&quot;UTF-8&quot;?&gt;
&lt;!DOCTYPE suite SYSTEM &quot;https://testng.org/testng-1.0.dtd&quot;&gt;
&lt;suite name=&quot;Suite&quot; guice-stage=&quot;DEVELOPMENT&quot;&gt;
  &lt;test thread-count=&quot;5&quot; name=&quot;Test&quot;&gt;
    &lt;parameter name=&quot;browser&quot; value=&quot;chrome&quot;/&gt;
    &lt;classes&gt;
      &lt;class name=&quot;com.salesforce.tests.Login.LoginTest&quot;/&gt;
      &lt;class name=&quot;com.salesforce.tests.Home.UserMenuDropDownTest&quot;/&gt;
      &lt;class name=&quot;com.salesforce.tests.Accounts.AccountsTest&quot;/&gt;
      &lt;class name=&quot;com.salesforce.tests.Opportunities.OpportunitiesTest&quot;/&gt;
      &lt;class name=&quot;com.salesforce.tests.Leads.LeadsTest&quot;/&gt;
      &lt;class name=&quot;com.salesforce.tests.Contacts.ContactsTest&quot;/&gt;
      &lt;class name=&quot;com.salesforce.tests.RandomScenarios.RandomScenarioTest&quot;/&gt;
    &lt;/classes&gt;
  &lt;/test&gt; &lt;!-- Test --&gt;
&lt;/suite&gt; &lt;!-- Suite --&gt;
            </pre>
          </div> <!-- main-panel-content rounded-window-bottom -->
        </div> <!-- panel -->
        <div panel-name="testlist-Suite" class="panel">
          <div class="main-panel-header rounded-window-top">
            <span class="header-content">Tests for Suite</span>
          </div> <!-- main-panel-header rounded-window-top -->
          <div class="main-panel-content rounded-window-bottom">
            <ul>
              <li>
                <span class="test-name">Test (7 classes)</span>
              </li>
            </ul>
          </div> <!-- main-panel-content rounded-window-bottom -->
        </div> <!-- panel -->
        <div panel-name="group-Suite" class="panel">
          <div class="main-panel-header rounded-window-top">
            <span class="header-content">Groups for Suite</span>
          </div> <!-- main-panel-header rounded-window-top -->
          <div class="main-panel-content rounded-window-bottom">
          </div> <!-- main-panel-content rounded-window-bottom -->
        </div> <!-- panel -->
        <div panel-name="times-Suite" class="panel">
          <div class="main-panel-header rounded-window-top">
            <span class="header-content">Times for Suite</span>
          </div> <!-- main-panel-header rounded-window-top -->
          <div class="main-panel-content rounded-window-bottom">
            <div class="times-div">
              <script type="text/javascript">
suiteTableInitFunctions.push('tableData_Suite');
function tableData_Suite() {
var data = new google.visualization.DataTable();
data.addColumn('number', 'Number');
data.addColumn('string', 'Method');
data.addColumn('string', 'Class');
data.addColumn('number', 'Time (ms)');
data.addRows(38);
data.setCell(0, 0, 0)
data.setCell(0, 1, 'MyProfileSettingSetting')
data.setCell(0, 2, 'com.salesforce.tests.Home.UserMenuDropDownTest')
data.setCell(0, 3, 40276);
data.setCell(1, 0, 1)
data.setCell(1, 1, 'blockEventInCalendar')
data.setCell(1, 2, 'com.salesforce.tests.RandomScenarios.RandomScenarioTest')
data.setCell(1, 3, 39192);
data.setCell(2, 0, 2)
data.setCell(2, 1, 'editedUserName')
data.setCell(2, 2, 'com.salesforce.tests.RandomScenarios.RandomScenarioTest')
data.setCell(2, 3, 37672);
data.setCell(3, 0, 3)
data.setCell(3, 1, 'checkMyContactsView')
data.setCell(3, 2, 'com.salesforce.tests.Contacts.ContactsTest')
data.setCell(3, 3, 36244);
data.setCell(4, 0, 4)
data.setCell(4, 1, 'MySettingsSetting')
data.setCell(4, 2, 'com.salesforce.tests.Home.UserMenuDropDownTest')
data.setCell(4, 3, 20423);
data.setCell(5, 0, 5)
data.setCell(5, 1, 'verifyTabCustomization')
data.setCell(5, 2, 'com.salesforce.tests.RandomScenarios.RandomScenarioTest')
data.setCell(5, 3, 17105);
data.setCell(6, 0, 6)
data.setCell(6, 1, 'checkDefaultView')
data.setCell(6, 2, 'com.salesforce.tests.Leads.LeadsTest')
data.setCell(6, 3, 13630);
data.setCell(7, 0, 7)
data.setCell(7, 1, 'createAccountReport')
data.setCell(7, 2, 'com.salesforce.tests.Accounts.AccountsTest')
data.setCell(7, 3, 13108);
data.setCell(8, 0, 8)
data.setCell(8, 1, 'createNewOpportunity')
data.setCell(8, 2, 'com.salesforce.tests.Opportunities.OpportunitiesTest')
data.setCell(8, 3, 11981);
data.setCell(9, 0, 9)
data.setCell(9, 1, 'Logout')
data.setCell(9, 2, 'com.salesforce.tests.Home.UserMenuDropDownTest')
data.setCell(9, 3, 10721);
data.setCell(10, 0, 10)
data.setCell(10, 1, 'editView')
data.setCell(10, 2, 'com.salesforce.tests.Accounts.AccountsTest')
data.setCell(10, 3, 10587);
data.setCell(11, 0, 11)
data.setCell(11, 1, 'checkCalendarWeeklyRecurrence')
data.setCell(11, 2, 'com.salesforce.tests.RandomScenarios.RandomScenarioTest')
data.setCell(11, 3, 10550);
data.setCell(12, 0, 12)
data.setCell(12, 1, 'createAccount')
data.setCell(12, 2, 'com.salesforce.tests.Accounts.AccountsTest')
data.setCell(12, 3, 10141);
data.setCell(13, 0, 13)
data.setCell(13, 1, 'checkSaveAndNewView')
data.setCell(13, 2, 'com.salesforce.tests.Contacts.ContactsTest')
data.setCell(13, 3, 9782);
data.setCell(14, 0, 14)
data.setCell(14, 1, 'createNewContact')
data.setCell(14, 2, 'com.salesforce.tests.Contacts.ContactsTest')
data.setCell(14, 3, 9780);
data.setCell(15, 0, 15)
data.setCell(15, 1, 'checkOpportunityStuckReport')
data.setCell(15, 2, 'com.salesforce.tests.Opportunities.OpportunitiesTest')
data.setCell(15, 3, 9328);
data.setCell(16, 0, 16)
data.setCell(16, 1, 'createView')
data.setCell(16, 2, 'com.salesforce.tests.Accounts.AccountsTest')
data.setCell(16, 3, 9227);
data.setCell(17, 0, 17)
data.setCell(17, 1, 'checkOpportunityPipelineReport')
data.setCell(17, 2, 'com.salesforce.tests.Opportunities.OpportunitiesTest')
data.setCell(17, 3, 9092);
data.setCell(18, 0, 18)
data.setCell(18, 1, 'checkQuaterlySummaryReport')
data.setCell(18, 2, 'com.salesforce.tests.Opportunities.OpportunitiesTest')
data.setCell(18, 3, 8923);
data.setCell(19, 0, 19)
data.setCell(19, 1, 'checkNewLead')
data.setCell(19, 2, 'com.salesforce.tests.Leads.LeadsTest')
data.setCell(19, 3, 8090);
data.setCell(20, 0, 20)
data.setCell(20, 1, 'verifyLeadsPage')
data.setCell(20, 2, 'com.salesforce.tests.Leads.LeadsTest')
data.setCell(20, 3, 7583);
data.setCell(21, 0, 21)
data.setCell(21, 1, 'cancelNewView')
data.setCell(21, 2, 'com.salesforce.tests.Contacts.ContactsTest')
data.setCell(21, 3, 7555);
data.setCell(22, 0, 22)
data.setCell(22, 1, 'verifyFirstAndLastName')
data.setCell(22, 2, 'com.salesforce.tests.RandomScenarios.RandomScenarioTest')
data.setCell(22, 3, 7492);
data.setCell(23, 0, 23)
data.setCell(23, 1, 'DeveloperConsoleSetting')
data.setCell(23, 2, 'com.salesforce.tests.Home.UserMenuDropDownTest')
data.setCell(23, 3, 7450);
data.setCell(24, 0, 24)
data.setCell(24, 1, 'verifyOpportunitiesMenu')
data.setCell(24, 2, 'com.salesforce.tests.Opportunities.OpportunitiesTest')
data.setCell(24, 3, 7419);
data.setCell(25, 0, 25)
data.setCell(25, 1, 'CheckRememberMe')
data.setCell(25, 2, 'com.salesforce.tests.Login.LoginTest')
data.setCell(25, 3, 7368);
data.setCell(26, 0, 26)
data.setCell(26, 1, 'newContactViewError')
data.setCell(26, 2, 'com.salesforce.tests.Contacts.ContactsTest')
data.setCell(26, 3, 7189);
data.setCell(27, 0, 27)
data.setCell(27, 1, 'viewContact')
data.setCell(27, 2, 'com.salesforce.tests.Contacts.ContactsTest')
data.setCell(27, 3, 7122);
data.setCell(28, 0, 28)
data.setCell(28, 1, 'createNewContactView')
data.setCell(28, 2, 'com.salesforce.tests.Contacts.ContactsTest')
data.setCell(28, 3, 7120);
data.setCell(29, 0, 29)
data.setCell(29, 1, 'MyProfileSetting')
data.setCell(29, 2, 'com.salesforce.tests.Home.UserMenuDropDownTest')
data.setCell(29, 3, 7103);
data.setCell(30, 0, 30)
data.setCell(30, 1, 'userMenuDropDownCheck')
data.setCell(30, 2, 'com.salesforce.tests.Home.UserMenuDropDownTest')
data.setCell(30, 3, 6654);
data.setCell(31, 0, 31)
data.setCell(31, 1, 'accountsMerge')
data.setCell(31, 2, 'com.salesforce.tests.Accounts.AccountsTest')
data.setCell(31, 3, 6409);
data.setCell(32, 0, 32)
data.setCell(32, 1, 'checkLeadsMenu')
data.setCell(32, 2, 'com.salesforce.tests.Leads.LeadsTest')
data.setCell(32, 3, 6127);
data.setCell(33, 0, 33)
data.setCell(33, 1, 'LoginSFDC')
data.setCell(33, 2, 'com.salesforce.tests.Login.LoginTest')
data.setCell(33, 3, 5833);
data.setCell(34, 0, 34)
data.setCell(34, 1, 'checkRecentlyCreatedContact')
data.setCell(34, 2, 'com.salesforce.tests.Contacts.ContactsTest')
data.setCell(34, 3, 5746);
data.setCell(35, 0, 35)
data.setCell(35, 1, 'LoginErrorMessage')
data.setCell(35, 2, 'com.salesforce.tests.Login.LoginTest')
data.setCell(35, 3, 2330);
data.setCell(36, 0, 36)
data.setCell(36, 1, 'WrongUserNamePwd')
data.setCell(36, 2, 'com.salesforce.tests.Login.LoginTest')
data.setCell(36, 3, 1233);
data.setCell(37, 0, 37)
data.setCell(37, 1, 'ForgotPassword')
data.setCell(37, 2, 'com.salesforce.tests.Login.LoginTest')
data.setCell(37, 3, 1096);
window.suiteTableData['Suite']= { tableData: data, tableDiv: 'times-div-Suite'}
return data;
}
              </script>
              <span class="suite-total-time">Total running time: 7 minutes</span>
              <div id="times-div-Suite">
              </div> <!-- times-div-Suite -->
            </div> <!-- times-div -->
          </div> <!-- main-panel-content rounded-window-bottom -->
        </div> <!-- panel -->
        <div panel-name="reporter-Suite" class="panel">
          <div class="main-panel-header rounded-window-top">
            <span class="header-content">Reporter output for Suite</span>
          </div> <!-- main-panel-header rounded-window-top -->
          <div class="main-panel-content rounded-window-bottom">
          </div> <!-- main-panel-content rounded-window-bottom -->
        </div> <!-- panel -->
        <div panel-name="ignored-methods-Suite" class="panel">
          <div class="main-panel-header rounded-window-top">
            <span class="header-content">12 ignored methods</span>
          </div> <!-- main-panel-header rounded-window-top -->
          <div class="main-panel-content rounded-window-bottom">
            <div class="ignored-class-div">
              <span class="ignored-class-name">com.salesforce.tests.Leads.LeadsTest</span>
              <div class="ignored-methods-div">
                <span class="ignored-method-name">endUp</span>
                <br/>
                <span class="ignored-method-name">setUp</span>
                <br/>
              </div> <!-- ignored-methods-div -->
            </div> <!-- ignored-class-div -->
            <div class="ignored-class-div">
              <span class="ignored-class-name">com.salesforce.tests.RandomScenarios.RandomScenarioTest</span>
              <div class="ignored-methods-div">
                <span class="ignored-method-name">endUp</span>
                <br/>
                <span class="ignored-method-name">setUp</span>
                <br/>
              </div> <!-- ignored-methods-div -->
            </div> <!-- ignored-class-div -->
            <div class="ignored-class-div">
              <span class="ignored-class-name">com.salesforce.tests.Accounts.AccountsTest</span>
              <div class="ignored-methods-div">
                <span class="ignored-method-name">endUp</span>
                <br/>
                <span class="ignored-method-name">setUp</span>
                <br/>
              </div> <!-- ignored-methods-div -->
            </div> <!-- ignored-class-div -->
            <div class="ignored-class-div">
              <span class="ignored-class-name">com.salesforce.tests.Contacts.ContactsTest</span>
              <div class="ignored-methods-div">
                <span class="ignored-method-name">endUp</span>
                <br/>
                <span class="ignored-method-name">setUp</span>
                <br/>
              </div> <!-- ignored-methods-div -->
            </div> <!-- ignored-class-div -->
            <div class="ignored-class-div">
              <span class="ignored-class-name">com.salesforce.tests.Opportunities.OpportunitiesTest</span>
              <div class="ignored-methods-div">
                <span class="ignored-method-name">endUp</span>
                <br/>
                <span class="ignored-method-name">setUp</span>
                <br/>
              </div> <!-- ignored-methods-div -->
            </div> <!-- ignored-class-div -->
            <div class="ignored-class-div">
              <span class="ignored-class-name">com.salesforce.tests.Home.UserMenuDropDownTest</span>
              <div class="ignored-methods-div">
                <span class="ignored-method-name">endUp</span>
                <br/>
                <span class="ignored-method-name">setUp</span>
                <br/>
              </div> <!-- ignored-methods-div -->
            </div> <!-- ignored-class-div -->
          </div> <!-- main-panel-content rounded-window-bottom -->
        </div> <!-- panel -->
        <div panel-name="chronological-Suite" class="panel">
          <div class="main-panel-header rounded-window-top">
            <span class="header-content">Methods in chronological order</span>
          </div> <!-- main-panel-header rounded-window-top -->
          <div class="main-panel-content rounded-window-bottom">
            <div class="chronological-class">
              <div class="chronological-class-name">com.salesforce.tests.Login.LoginTest</div> <!-- chronological-class-name -->
              <div class="configuration-test before">
                <span class="method-name">setUp</span>
                <span class="method-start">0 ms</span>
              </div> <!-- configuration-test before -->
              <div class="configuration-method before">
                <span class="method-name">initialSetUp(chrome, public void com.salesforce.tests.Login.LoginTest.CheckRememberMe())</span>
                <span class="method-start">199 ms</span>
              </div> <!-- configuration-method before -->
              <div class="test-method">
                <span class="method-name">CheckRememberMe</span>
                <span class="method-start">3442 ms</span>
              </div> <!-- test-method -->
              <div class="configuration-method after">
                <span class="method-name">tearDown([TestResult name=CheckRememberMe status=SUCCESS method=LoginTest.CheckRememberMe()[pri:0, instance:c...)</span>
                <span class="method-start">10813 ms</span>
              </div> <!-- configuration-method after -->
              <div class="configuration-method before">
                <span class="method-name">initialSetUp(chrome, public void com.salesforce.tests.Login.LoginTest.ForgotPassword())</span>
                <span class="method-start">10932 ms</span>
              </div> <!-- configuration-method before -->
              <div class="test-method">
                <span class="method-name">ForgotPassword</span>
                <span class="method-start">13216 ms</span>
              </div> <!-- test-method -->
              <div class="configuration-method after">
                <span class="method-name">tearDown([TestResult name=ForgotPassword status=SUCCESS method=LoginTest.ForgotPassword()[pri:0, instance:com...)</span>
                <span class="method-start">14313 ms</span>
              </div> <!-- configuration-method after -->
              <div class="configuration-method before">
                <span class="method-name">initialSetUp(chrome, public void com.salesforce.tests.Login.LoginTest.LoginErrorMessage())</span>
                <span class="method-start">14404 ms</span>
              </div> <!-- configuration-method before -->
              <div class="test-method">
                <span class="method-name">LoginErrorMessage</span>
                <span class="method-start">16330 ms</span>
              </div> <!-- test-method -->
              <div class="configuration-method after">
                <span class="method-name">tearDown([TestResult name=LoginErrorMessage status=SUCCESS method=LoginTest.LoginErrorMessage()[pri:0, instan...)</span>
                <span class="method-start">18661 ms</span>
              </div> <!-- configuration-method after -->
              <div class="configuration-method before">
                <span class="method-name">initialSetUp(chrome, public void com.salesforce.tests.Login.LoginTest.LoginSFDC())</span>
                <span class="method-start">18818 ms</span>
              </div> <!-- configuration-method before -->
              <div class="test-method">
                <span class="method-name">LoginSFDC</span>
                <span class="method-start">20625 ms</span>
              </div> <!-- test-method -->
              <div class="configuration-method after">
                <span class="method-name">tearDown([TestResult name=LoginSFDC status=SUCCESS method=LoginTest.LoginSFDC()[pri:0, instance:com.salesforc...)</span>
                <span class="method-start">26458 ms</span>
              </div> <!-- configuration-method after -->
              <div class="configuration-method before">
                <span class="method-name">initialSetUp(chrome, public void com.salesforce.tests.Login.LoginTest.WrongUserNamePwd())</span>
                <span class="method-start">26565 ms</span>
              </div> <!-- configuration-method before -->
              <div class="test-method">
                <span class="method-name">WrongUserNamePwd</span>
                <span class="method-start">28911 ms</span>
              </div> <!-- test-method -->
              <div class="configuration-method after">
                <span class="method-name">tearDown([TestResult name=WrongUserNamePwd status=SUCCESS method=LoginTest.WrongUserNamePwd()[pri:0, instance...)</span>
                <span class="method-start">30145 ms</span>
              </div> <!-- configuration-method after -->
            </div> <!-- chronological-class -->
            <div class="chronological-class">
              <div class="chronological-class-name">com.salesforce.tests.Home.UserMenuDropDownTest</div> <!-- chronological-class-name -->
              <div class="configuration-method before">
                <span class="method-name">initialSetUp(chrome, public void com.salesforce.tests.Home.UserMenuDropDownTest.DeveloperConsoleSetting())</span>
                <span class="method-start">30250 ms</span>
              </div> <!-- configuration-method before -->
              <div class="test-method">
                <span class="method-name">DeveloperConsoleSetting</span>
                <span class="method-start">31963 ms</span>
              </div> <!-- test-method -->
              <div class="configuration-method after">
                <span class="method-name">tearDown([TestResult name=DeveloperConsoleSetting status=SUCCESS method=UserMenuDropDownTest.DeveloperConsole...)</span>
                <span class="method-start">39414 ms</span>
              </div> <!-- configuration-method after -->
              <div class="configuration-method before">
                <span class="method-name">initialSetUp(chrome, public void com.salesforce.tests.Home.UserMenuDropDownTest.Logout())</span>
                <span class="method-start">39530 ms</span>
              </div> <!-- configuration-method before -->
              <div class="test-method">
                <span class="method-name">Logout</span>
                <span class="method-start">42165 ms</span>
              </div> <!-- test-method -->
              <div class="configuration-method after">
                <span class="method-name">tearDown([TestResult name=Logout status=SUCCESS method=UserMenuDropDownTest.Logout()[pri:0, instance:com.sale...)</span>
                <span class="method-start">52887 ms</span>
              </div> <!-- configuration-method after -->
              <div class="configuration-method before">
                <span class="method-name">initialSetUp(chrome, public void com.salesforce.tests.Home.UserMenuDropDownTest.MyProfileSetting())</span>
                <span class="method-start">52998 ms</span>
              </div> <!-- configuration-method before -->
              <div class="test-method">
                <span class="method-name">MyProfileSetting</span>
                <span class="method-start">55307 ms</span>
              </div> <!-- test-method -->
              <div class="configuration-method after">
                <span class="method-name">tearDown([TestResult name=MyProfileSetting status=SUCCESS method=UserMenuDropDownTest.MyProfileSetting()[pri:...)</span>
                <span class="method-start">62411 ms</span>
              </div> <!-- configuration-method after -->
              <div class="configuration-method before">
                <span class="method-name">initialSetUp(chrome, public void com.salesforce.tests.Home.UserMenuDropDownTest.MyProfileSettingSetting() throws ...)</span>
                <span class="method-start">62531 ms</span>
              </div> <!-- configuration-method before -->
              <div class="test-method">
                <img src="failed.png">
                </img>
                <span class="method-name">MyProfileSettingSetting</span>
                <span class="method-start">65122 ms</span>
              </div> <!-- test-method -->
              <div class="configuration-method after">
                <span class="method-name">tearDown([TestResult name=MyProfileSettingSetting status=FAILURE method=UserMenuDropDownTest.MyProfileSetting...)</span>
                <span class="method-start">105400 ms</span>
              </div> <!-- configuration-method after -->
              <div class="configuration-method before">
                <span class="method-name">initialSetUp(chrome, public void com.salesforce.tests.Home.UserMenuDropDownTest.MySettingsSetting() throws java.l...)</span>
                <span class="method-start">106056 ms</span>
              </div> <!-- configuration-method before -->
              <div class="test-method">
                <span class="method-name">MySettingsSetting</span>
                <span class="method-start">108468 ms</span>
              </div> <!-- test-method -->
              <div class="configuration-method after">
                <span class="method-name">tearDown([TestResult name=MySettingsSetting status=SUCCESS method=UserMenuDropDownTest.MySettingsSetting()[pr...)</span>
                <span class="method-start">128892 ms</span>
              </div> <!-- configuration-method after -->
              <div class="configuration-method before">
                <span class="method-name">initialSetUp(chrome, public void com.salesforce.tests.Home.UserMenuDropDownTest.userMenuDropDownCheck())</span>
                <span class="method-start">129005 ms</span>
              </div> <!-- configuration-method before -->
              <div class="test-method">
                <span class="method-name">userMenuDropDownCheck</span>
                <span class="method-start">131496 ms</span>
              </div> <!-- test-method -->
              <div class="configuration-method after">
                <span class="method-name">tearDown([TestResult name=userMenuDropDownCheck status=SUCCESS method=UserMenuDropDownTest.userMenuDropDownCh...)</span>
                <span class="method-start">138151 ms</span>
              </div> <!-- configuration-method after -->
            </div> <!-- chronological-class -->
            <div class="chronological-class">
              <div class="chronological-class-name">com.salesforce.tests.Accounts.AccountsTest</div> <!-- chronological-class-name -->
              <div class="configuration-method before">
                <span class="method-name">initialSetUp(chrome, public void com.salesforce.tests.Accounts.AccountsTest.accountsMerge() throws java.lang.Inte...)</span>
                <span class="method-start">138263 ms</span>
              </div> <!-- configuration-method before -->
              <div class="test-method">
                <img src="failed.png">
                </img>
                <span class="method-name">accountsMerge</span>
                <span class="method-start">140827 ms</span>
              </div> <!-- test-method -->
              <div class="configuration-method after">
                <span class="method-name">tearDown([TestResult name=accountsMerge status=FAILURE method=AccountsTest.accountsMerge()[pri:0, instance:co...)</span>
                <span class="method-start">147238 ms</span>
              </div> <!-- configuration-method after -->
              <div class="configuration-method before">
                <span class="method-name">initialSetUp(chrome, public void com.salesforce.tests.Accounts.AccountsTest.createAccount() throws java.lang.Inte...)</span>
                <span class="method-start">578439 ms</span>
              </div> <!-- configuration-method before -->
              <div class="test-method">
                <span class="method-name">createAccount</span>
                <span class="method-start">581083 ms</span>
              </div> <!-- test-method -->
              <div class="configuration-method after">
                <span class="method-name">tearDown([TestResult name=createAccount status=SUCCESS method=AccountsTest.createAccount()[pri:0, instance:co...)</span>
                <span class="method-start">591225 ms</span>
              </div> <!-- configuration-method after -->
              <div class="configuration-method before">
                <span class="method-name">initialSetUp(chrome, public void com.salesforce.tests.Accounts.AccountsTest.createAccountReport() throws java.lan...)</span>
                <span class="method-start">591347 ms</span>
              </div> <!-- configuration-method before -->
              <div class="test-method">
                <span class="method-name">createAccountReport</span>
                <span class="method-start">594079 ms</span>
              </div> <!-- test-method -->
              <div class="configuration-method after">
                <span class="method-name">tearDown([TestResult name=createAccountReport status=SUCCESS method=AccountsTest.createAccountReport()[pri:0,...)</span>
                <span class="method-start">607187 ms</span>
              </div> <!-- configuration-method after -->
              <div class="configuration-method before">
                <span class="method-name">initialSetUp(chrome, public void com.salesforce.tests.Accounts.AccountsTest.createView() throws java.lang.Interru...)</span>
                <span class="method-start">607307 ms</span>
              </div> <!-- configuration-method before -->
              <div class="test-method">
                <span class="method-name">createView</span>
                <span class="method-start">609829 ms</span>
              </div> <!-- test-method -->
              <div class="configuration-method after">
                <span class="method-name">tearDown([TestResult name=createView status=SUCCESS method=AccountsTest.createView()[pri:0, instance:com.sale...)</span>
                <span class="method-start">619057 ms</span>
              </div> <!-- configuration-method after -->
              <div class="configuration-method before">
                <span class="method-name">initialSetUp(chrome, public void com.salesforce.tests.Accounts.AccountsTest.editView() throws java.lang.Interrupt...)</span>
                <span class="method-start">619167 ms</span>
              </div> <!-- configuration-method before -->
              <div class="test-method">
                <span class="method-name">editView</span>
                <span class="method-start">621626 ms</span>
              </div> <!-- test-method -->
              <div class="configuration-method after">
                <span class="method-name">tearDown([TestResult name=editView status=SUCCESS method=AccountsTest.editView()[pri:0, instance:com.salesfor...)</span>
                <span class="method-start">632213 ms</span>
              </div> <!-- configuration-method after -->
            </div> <!-- chronological-class -->
            <div class="chronological-class">
              <div class="chronological-class-name">com.salesforce.tests.Opportunities.OpportunitiesTest</div> <!-- chronological-class-name -->
              <div class="configuration-method before">
                <span class="method-name">initialSetUp(chrome, public void com.salesforce.tests.Opportunities.OpportunitiesTest.checkOpportunityPipelineRep...)</span>
                <span class="method-start">632343 ms</span>
              </div> <!-- configuration-method before -->
              <div class="test-method">
                <span class="method-name">checkOpportunityPipelineReport</span>
                <span class="method-start">634832 ms</span>
              </div> <!-- test-method -->
              <div class="configuration-method after">
                <span class="method-name">tearDown([TestResult name=checkOpportunityPipelineReport status=SUCCESS method=OpportunitiesTest.checkOpportu...)</span>
                <span class="method-start">643925 ms</span>
              </div> <!-- configuration-method after -->
              <div class="configuration-method before">
                <span class="method-name">initialSetUp(chrome, public void com.salesforce.tests.Opportunities.OpportunitiesTest.checkOpportunityStuckReport...)</span>
                <span class="method-start">644037 ms</span>
              </div> <!-- configuration-method before -->
              <div class="test-method">
                <span class="method-name">checkOpportunityStuckReport</span>
                <span class="method-start">646752 ms</span>
              </div> <!-- test-method -->
              <div class="configuration-method after">
                <span class="method-name">tearDown([TestResult name=checkOpportunityStuckReport status=SUCCESS method=OpportunitiesTest.checkOpportunit...)</span>
                <span class="method-start">656081 ms</span>
              </div> <!-- configuration-method after -->
              <div class="configuration-method before">
                <span class="method-name">initialSetUp(chrome, public void com.salesforce.tests.Opportunities.OpportunitiesTest.checkQuaterlySummaryReport(...)</span>
                <span class="method-start">656192 ms</span>
              </div> <!-- configuration-method before -->
              <div class="test-method">
                <span class="method-name">checkQuaterlySummaryReport</span>
                <span class="method-start">658455 ms</span>
              </div> <!-- test-method -->
              <div class="configuration-method after">
                <span class="method-name">tearDown([TestResult name=checkQuaterlySummaryReport status=SUCCESS method=OpportunitiesTest.checkQuaterlySum...)</span>
                <span class="method-start">667379 ms</span>
              </div> <!-- configuration-method after -->
              <div class="configuration-method before">
                <span class="method-name">initialSetUp(chrome, public void com.salesforce.tests.Opportunities.OpportunitiesTest.createNewOpportunity())</span>
                <span class="method-start">667488 ms</span>
              </div> <!-- configuration-method before -->
              <div class="test-method">
                <span class="method-name">createNewOpportunity</span>
                <span class="method-start">669786 ms</span>
              </div> <!-- test-method -->
              <div class="configuration-method after">
                <span class="method-name">tearDown([TestResult name=createNewOpportunity status=SUCCESS method=OpportunitiesTest.createNewOpportunity()...)</span>
                <span class="method-start">681767 ms</span>
              </div> <!-- configuration-method after -->
              <div class="configuration-method before">
                <span class="method-name">initialSetUp(chrome, public void com.salesforce.tests.Opportunities.OpportunitiesTest.verifyOpportunitiesMenu())</span>
                <span class="method-start">681892 ms</span>
              </div> <!-- configuration-method before -->
              <div class="test-method">
                <span class="method-name">verifyOpportunitiesMenu</span>
                <span class="method-start">684253 ms</span>
              </div> <!-- test-method -->
              <div class="configuration-method after">
                <span class="method-name">tearDown([TestResult name=verifyOpportunitiesMenu status=SUCCESS method=OpportunitiesTest.verifyOpportunities...)</span>
                <span class="method-start">691672 ms</span>
              </div> <!-- configuration-method after -->
            </div> <!-- chronological-class -->
            <div class="chronological-class">
              <div class="chronological-class-name">com.salesforce.tests.Leads.LeadsTest</div> <!-- chronological-class-name -->
              <div class="configuration-method before">
                <span class="method-name">initialSetUp(chrome, public void com.salesforce.tests.Leads.LeadsTest.checkDefaultView())</span>
                <span class="method-start">691782 ms</span>
              </div> <!-- configuration-method before -->
              <div class="test-method">
                <span class="method-name">checkDefaultView</span>
                <span class="method-start">694123 ms</span>
              </div> <!-- test-method -->
              <div class="configuration-method after">
                <span class="method-name">tearDown([TestResult name=checkDefaultView status=SUCCESS method=LeadsTest.checkDefaultView()[pri:0, instance...)</span>
                <span class="method-start">707753 ms</span>
              </div> <!-- configuration-method after -->
              <div class="configuration-method before">
                <span class="method-name">initialSetUp(chrome, public void com.salesforce.tests.Leads.LeadsTest.checkLeadsMenu())</span>
                <span class="method-start">707880 ms</span>
              </div> <!-- configuration-method before -->
              <div class="test-method">
                <span class="method-name">checkLeadsMenu</span>
                <span class="method-start">710403 ms</span>
              </div> <!-- test-method -->
              <div class="configuration-method after">
                <span class="method-name">tearDown([TestResult name=checkLeadsMenu status=SUCCESS method=LeadsTest.checkLeadsMenu()[pri:0, instance:com...)</span>
                <span class="method-start">716533 ms</span>
              </div> <!-- configuration-method after -->
              <div class="configuration-method before">
                <span class="method-name">initialSetUp(chrome, public void com.salesforce.tests.Leads.LeadsTest.checkNewLead())</span>
                <span class="method-start">716645 ms</span>
              </div> <!-- configuration-method before -->
              <div class="test-method">
                <span class="method-name">checkNewLead</span>
                <span class="method-start">719022 ms</span>
              </div> <!-- test-method -->
              <div class="configuration-method after">
                <span class="method-name">tearDown([TestResult name=checkNewLead status=SUCCESS method=LeadsTest.checkNewLead()[pri:0, instance:com.sal...)</span>
                <span class="method-start">727112 ms</span>
              </div> <!-- configuration-method after -->
              <div class="configuration-method before">
                <span class="method-name">initialSetUp(chrome, public void com.salesforce.tests.Leads.LeadsTest.verifyLeadsPage())</span>
                <span class="method-start">727226 ms</span>
              </div> <!-- configuration-method before -->
              <div class="test-method">
                <span class="method-name">verifyLeadsPage</span>
                <span class="method-start">729597 ms</span>
              </div> <!-- test-method -->
              <div class="configuration-method after">
                <span class="method-name">tearDown([TestResult name=verifyLeadsPage status=SUCCESS method=LeadsTest.verifyLeadsPage()[pri:0, instance:c...)</span>
                <span class="method-start">737180 ms</span>
              </div> <!-- configuration-method after -->
            </div> <!-- chronological-class -->
            <div class="chronological-class">
              <div class="chronological-class-name">com.salesforce.tests.Contacts.ContactsTest</div> <!-- chronological-class-name -->
              <div class="configuration-method before">
                <span class="method-name">initialSetUp(chrome, public void com.salesforce.tests.Contacts.ContactsTest.cancelNewView())</span>
                <span class="method-start">737343 ms</span>
              </div> <!-- configuration-method before -->
              <div class="test-method">
                <span class="method-name">cancelNewView</span>
                <span class="method-start">739682 ms</span>
              </div> <!-- test-method -->
              <div class="configuration-method after">
                <span class="method-name">tearDown([TestResult name=cancelNewView status=SUCCESS method=ContactsTest.cancelNewView()[pri:0, instance:co...)</span>
                <span class="method-start">747238 ms</span>
              </div> <!-- configuration-method after -->
              <div class="configuration-method before">
                <span class="method-name">initialSetUp(chrome, public void com.salesforce.tests.Contacts.ContactsTest.checkMyContactsView())</span>
                <span class="method-start">747355 ms</span>
              </div> <!-- configuration-method before -->
              <div class="test-method">
                <img src="failed.png">
                </img>
                <span class="method-name">checkMyContactsView</span>
                <span class="method-start">749682 ms</span>
              </div> <!-- test-method -->
              <div class="configuration-method after">
                <span class="method-name">tearDown([TestResult name=checkMyContactsView status=FAILURE method=ContactsTest.checkMyContactsView()[pri:0,...)</span>
                <span class="method-start">785927 ms</span>
              </div> <!-- configuration-method after -->
              <div class="configuration-method before">
                <span class="method-name">initialSetUp(chrome, public void com.salesforce.tests.Contacts.ContactsTest.checkRecentlyCreatedContact())</span>
                <span class="method-start">786594 ms</span>
              </div> <!-- configuration-method before -->
              <div class="test-method">
                <span class="method-name">checkRecentlyCreatedContact</span>
                <span class="method-start">788990 ms</span>
              </div> <!-- test-method -->
              <div class="configuration-method after">
                <span class="method-name">tearDown([TestResult name=checkRecentlyCreatedContact status=SUCCESS method=ContactsTest.checkRecentlyCreated...)</span>
                <span class="method-start">794737 ms</span>
              </div> <!-- configuration-method after -->
              <div class="configuration-method before">
                <span class="method-name">initialSetUp(chrome, public void com.salesforce.tests.Contacts.ContactsTest.checkSaveAndNewView() throws java.lan...)</span>
                <span class="method-start">794852 ms</span>
              </div> <!-- configuration-method before -->
              <div class="test-method">
                <span class="method-name">checkSaveAndNewView</span>
                <span class="method-start">797117 ms</span>
              </div> <!-- test-method -->
              <div class="configuration-method after">
                <span class="method-name">tearDown([TestResult name=checkSaveAndNewView status=SUCCESS method=ContactsTest.checkSaveAndNewView()[pri:0,...)</span>
                <span class="method-start">806899 ms</span>
              </div> <!-- configuration-method after -->
              <div class="configuration-method before">
                <span class="method-name">initialSetUp(chrome, public void com.salesforce.tests.Contacts.ContactsTest.createNewContact())</span>
                <span class="method-start">807005 ms</span>
              </div> <!-- configuration-method before -->
              <div class="test-method">
                <span class="method-name">createNewContact</span>
                <span class="method-start">809303 ms</span>
              </div> <!-- test-method -->
              <div class="configuration-method after">
                <span class="method-name">tearDown([TestResult name=createNewContact status=SUCCESS method=ContactsTest.createNewContact()[pri:0, insta...)</span>
                <span class="method-start">819084 ms</span>
              </div> <!-- configuration-method after -->
              <div class="configuration-method before">
                <span class="method-name">initialSetUp(chrome, public void com.salesforce.tests.Contacts.ContactsTest.createNewContactView())</span>
                <span class="method-start">819259 ms</span>
              </div> <!-- configuration-method before -->
              <div class="test-method">
                <span class="method-name">createNewContactView</span>
                <span class="method-start">821592 ms</span>
              </div> <!-- test-method -->
              <div class="configuration-method after">
                <span class="method-name">tearDown([TestResult name=createNewContactView status=SUCCESS method=ContactsTest.createNewContactView()[pri:...)</span>
                <span class="method-start">828713 ms</span>
              </div> <!-- configuration-method after -->
              <div class="configuration-method before">
                <span class="method-name">initialSetUp(chrome, public void com.salesforce.tests.Contacts.ContactsTest.newContactViewError())</span>
                <span class="method-start">828875 ms</span>
              </div> <!-- configuration-method before -->
              <div class="test-method">
                <span class="method-name">newContactViewError</span>
                <span class="method-start">831168 ms</span>
              </div> <!-- test-method -->
              <div class="configuration-method after">
                <span class="method-name">tearDown([TestResult name=newContactViewError status=SUCCESS method=ContactsTest.newContactViewError()[pri:0,...)</span>
                <span class="method-start">838357 ms</span>
              </div> <!-- configuration-method after -->
              <div class="configuration-method before">
                <span class="method-name">initialSetUp(chrome, public void com.salesforce.tests.Contacts.ContactsTest.viewContact())</span>
                <span class="method-start">838469 ms</span>
              </div> <!-- configuration-method before -->
              <div class="test-method">
                <span class="method-name">viewContact</span>
                <span class="method-start">840814 ms</span>
              </div> <!-- test-method -->
              <div class="configuration-method after">
                <span class="method-name">tearDown([TestResult name=viewContact status=SUCCESS method=ContactsTest.viewContact()[pri:0, instance:com.sa...)</span>
                <span class="method-start">847937 ms</span>
              </div> <!-- configuration-method after -->
            </div> <!-- chronological-class -->
            <div class="chronological-class">
              <div class="chronological-class-name">com.salesforce.tests.RandomScenarios.RandomScenarioTest</div> <!-- chronological-class-name -->
              <div class="configuration-method before">
                <span class="method-name">initialSetUp(chrome, public void com.salesforce.tests.RandomScenarios.RandomScenarioTest.blockEventInCalendar() t...)</span>
                <span class="method-start">848057 ms</span>
              </div> <!-- configuration-method before -->
              <div class="test-method">
                <img src="failed.png">
                </img>
                <span class="method-name">blockEventInCalendar</span>
                <span class="method-start">850350 ms</span>
              </div> <!-- test-method -->
              <div class="configuration-method after">
                <span class="method-name">tearDown([TestResult name=blockEventInCalendar status=FAILURE method=RandomScenarioTest.blockEventInCalendar(...)</span>
                <span class="method-start">889543 ms</span>
              </div> <!-- configuration-method after -->
              <div class="configuration-method before">
                <span class="method-name">initialSetUp(chrome, public void com.salesforce.tests.RandomScenarios.RandomScenarioTest.checkCalendarWeeklyRecur...)</span>
                <span class="method-start">890341 ms</span>
              </div> <!-- configuration-method before -->
              <div class="test-method">
                <span class="method-name">checkCalendarWeeklyRecurrence</span>
                <span class="method-start">892767 ms</span>
              </div> <!-- test-method -->
              <div class="configuration-method after">
                <span class="method-name">tearDown([TestResult name=checkCalendarWeeklyRecurrence status=SUCCESS method=RandomScenarioTest.checkCalenda...)</span>
                <span class="method-start">903317 ms</span>
              </div> <!-- configuration-method after -->
              <div class="configuration-method before">
                <span class="method-name">initialSetUp(chrome, public void com.salesforce.tests.RandomScenarios.RandomScenarioTest.editedUserName() throws ...)</span>
                <span class="method-start">903442 ms</span>
              </div> <!-- configuration-method before -->
              <div class="test-method">
                <img src="failed.png">
                </img>
                <span class="method-name">editedUserName</span>
                <span class="method-start">905744 ms</span>
              </div> <!-- test-method -->
              <div class="configuration-method after">
                <span class="method-name">tearDown([TestResult name=editedUserName status=FAILURE method=RandomScenarioTest.editedUserName()[pri:0, ins...)</span>
                <span class="method-start">943417 ms</span>
              </div> <!-- configuration-method after -->
              <div class="configuration-method before">
                <span class="method-name">initialSetUp(chrome, public void com.salesforce.tests.RandomScenarios.RandomScenarioTest.verifyFirstAndLastName())</span>
                <span class="method-start">944079 ms</span>
              </div> <!-- configuration-method before -->
              <div class="test-method">
                <span class="method-name">verifyFirstAndLastName</span>
                <span class="method-start">946462 ms</span>
              </div> <!-- test-method -->
              <div class="configuration-method after">
                <span class="method-name">tearDown([TestResult name=verifyFirstAndLastName status=SUCCESS method=RandomScenarioTest.verifyFirstAndLastN...)</span>
                <span class="method-start">953955 ms</span>
              </div> <!-- configuration-method after -->
              <div class="configuration-method before">
                <span class="method-name">initialSetUp(chrome, public void com.salesforce.tests.RandomScenarios.RandomScenarioTest.verifyTabCustomization())</span>
                <span class="method-start">954077 ms</span>
              </div> <!-- configuration-method before -->
              <div class="test-method">
                <span class="method-name">verifyTabCustomization</span>
                <span class="method-start">956364 ms</span>
              </div> <!-- test-method -->
              <div class="configuration-method after">
                <span class="method-name">tearDown([TestResult name=verifyTabCustomization status=SUCCESS method=RandomScenarioTest.verifyTabCustomizat...)</span>
                <span class="method-start">973469 ms</span>
              </div> <!-- configuration-method after -->
            </div> <!-- chronological-class -->
            <div class="chronological-class">
              <div class="chronological-class-name">com.salesforce.tests.Login.LoginTest</div> <!-- chronological-class-name -->
              <div class="configuration-test after">
                <span class="method-name">endUp</span>
                <span class="method-start">973641 ms</span>
              </div> <!-- configuration-test after -->
          </div> <!-- main-panel-content rounded-window-bottom -->
        </div> <!-- panel -->
      </div> <!-- main-panel-root -->
    </div> <!-- wrapper -->
  </body>
<script type="text/javascript" src="testng-reports2.js"></script>
</html>
