<?xml version="1.0" encoding="UTF-8"?>
<!-- Generated by org.testng.reporters.JUnitReportReporter -->
<testsuite hostname="Praveenas-MacBook-Pro.local" failures="0" tests="6" name="com.salesforce.tests.Home.UserMenuDropDownTest" time="108.004" errors="1" timestamp="2022-02-09T16:34:39 PST" skipped="0">
  <testcase classname="com.salesforce.tests.Home.UserMenuDropDownTest" name="MySettingsSetting" time="22.843"/>
  <system-out/>
  <testcase classname="com.salesforce.tests.Home.UserMenuDropDownTest" name="userMenuDropDownCheck" time="8.487"/>
  <system-out/>
  <testcase classname="com.salesforce.tests.Home.UserMenuDropDownTest" name="MyProfileSettingSetting" time="43.423">
    <error message="Expected condition failed: waiting for visibility of [[ChromeDriver: chrome on MAC (e90e29c3312d9be8986641051cdef059)] -&gt; xpath: //h2[@id=&#039;contactInfoTitle&#039;]] (tried for 30 second(s) with 500 milliseconds interval)
Build info: version: &#039;3.141.59&#039;, revision: &#039;e82be7d358&#039;, time: &#039;2018-11-14T08:17:03&#039;
System info: host: &#039;Praveenas-MacBook-Pro.local&#039;, ip: &#039;2601:641:c101:8f10:3494:68bb:417e:4b98%en0&#039;, os.name: &#039;Mac OS X&#039;, os.arch: &#039;x86_64&#039;, os.version: &#039;10.13.6&#039;, java.version: &#039;17.0.2&#039;
Driver info: org.openqa.selenium.chrome.ChromeDriver
Capabilities {acceptInsecureCerts: false, browserName: chrome, browserVersion: 98.0.4758.80, chrome: {chromedriverVersion: 98.0.4758.80 (7f0488e8ba0d8..., userDataDir: /var/folders/6z/txc6fts57ns...}, goog:chromeOptions: {debuggerAddress: localhost:56383}, javascriptEnabled: true, networkConnectionEnabled: false, pageLoadStrategy: normal, platform: MAC, platformName: MAC, proxy: Proxy(), setWindowRect: true, strictFileInteractability: false, timeouts: {implicit: 0, pageLoad: 300000, script: 30000}, unhandledPromptBehavior: dismiss and notify, webauthn:extension:credBlob: true, webauthn:extension:largeBlob: true, webauthn:virtualAuthenticators: true}
Session ID: e90e29c3312d9be8986641051cdef059" type="org.openqa.selenium.TimeoutException">
      <![CDATA[org.openqa.selenium.TimeoutException: Expected condition failed: waiting for visibility of [[ChromeDriver: chrome on MAC (e90e29c3312d9be8986641051cdef059)] -> xpath: //h2[@id='contactInfoTitle']] (tried for 30 second(s) with 500 milliseconds interval)
Build info: version: '3.141.59', revision: 'e82be7d358', time: '2018-11-14T08:17:03'
System info: host: 'Praveenas-MacBook-Pro.local', ip: '2601:641:c101:8f10:3494:68bb:417e:4b98%en0', os.name: 'Mac OS X', os.arch: 'x86_64', os.version: '10.13.6', java.version: '17.0.2'
Driver info: org.openqa.selenium.chrome.ChromeDriver
Capabilities {acceptInsecureCerts: false, browserName: chrome, browserVersion: 98.0.4758.80, chrome: {chromedriverVersion: 98.0.4758.80 (7f0488e8ba0d8..., userDataDir: /var/folders/6z/txc6fts57ns...}, goog:chromeOptions: {debuggerAddress: localhost:56383}, javascriptEnabled: true, networkConnectionEnabled: false, pageLoadStrategy: normal, platform: MAC, platformName: MAC, proxy: Proxy(), setWindowRect: true, strictFileInteractability: false, timeouts: {implicit: 0, pageLoad: 300000, script: 30000}, unhandledPromptBehavior: dismiss and notify, webauthn:extension:credBlob: true, webauthn:extension:largeBlob: true, webauthn:virtualAuthenticators: true}
Session ID: e90e29c3312d9be8986641051cdef059
at org.openqa.selenium.support.ui.WebDriverWait.timeoutException(WebDriverWait.java:95)
at org.openqa.selenium.support.ui.FluentWait.until(FluentWait.java:272)
at com.salesforce.Base.BasePage.waitUntilVisible(BasePage.java:118)
at com.salesforce.Base.BasePage.dialogBoxCheck(BasePage.java:227)
at com.salesforce.pages.UserMenuSettingsPages.EditProfilePage.editProfileDialogBoxCheck(EditProfilePage.java:33)
at com.salesforce.tests.Home.UserMenuDropDownTest.profileLastNameChange(UserMenuDropDownTest.java:90)
at com.salesforce.tests.Home.UserMenuDropDownTest.MyProfileSettingSetting(UserMenuDropDownTest.java:104)
at java.base/jdk.internal.reflect.NativeMethodAccessorImpl.invoke0(Native Method)
at java.base/jdk.internal.reflect.NativeMethodAccessorImpl.invoke(NativeMethodAccessorImpl.java:77)
at java.base/jdk.internal.reflect.DelegatingMethodAccessorImpl.invoke(DelegatingMethodAccessorImpl.java:43)
at java.base/java.lang.reflect.Method.invoke(Method.java:568)
at org.testng.internal.MethodInvocationHelper.invokeMethod(MethodInvocationHelper.java:133)
at org.testng.internal.TestInvoker.invokeMethod(TestInvoker.java:598)
at org.testng.internal.TestInvoker.invokeTestMethod(TestInvoker.java:173)
at org.testng.internal.MethodRunner.runInSequence(MethodRunner.java:46)
at org.testng.internal.TestInvoker$MethodInvocationAgent.invoke(TestInvoker.java:824)
at org.testng.internal.TestInvoker.invokeTestMethods(TestInvoker.java:146)
at org.testng.internal.TestMethodWorker.invokeTestMethods(TestMethodWorker.java:146)
at org.testng.internal.TestMethodWorker.run(TestMethodWorker.java:128)
at java.base/java.util.ArrayList.forEach(ArrayList.java:1511)
at org.testng.TestRunner.privateRun(TestRunner.java:794)
at org.testng.TestRunner.run(TestRunner.java:596)
at org.testng.SuiteRunner.runTest(SuiteRunner.java:377)
at org.testng.SuiteRunner.runSequentially(SuiteRunner.java:371)
at org.testng.SuiteRunner.privateRun(SuiteRunner.java:332)
at org.testng.SuiteRunner.run(SuiteRunner.java:276)
at org.testng.SuiteRunnerWorker.runSuite(SuiteRunnerWorker.java:53)
at org.testng.SuiteRunnerWorker.run(SuiteRunnerWorker.java:96)
at org.testng.TestNG.runSuitesSequentially(TestNG.java:1212)
at org.testng.TestNG.runSuitesLocally(TestNG.java:1134)
at org.testng.TestNG.runSuites(TestNG.java:1063)
at org.testng.TestNG.run(TestNG.java:1031)
at org.testng.remote.AbstractRemoteTestNG.run(AbstractRemoteTestNG.java:115)
at org.testng.remote.RemoteTestNG.initAndRun(RemoteTestNG.java:251)
at org.testng.remote.RemoteTestNG.main(RemoteTestNG.java:77)
]]>
    </error>
  </testcase> <!-- MyProfileSettingSetting -->
  <system-out/>
  <testcase classname="com.salesforce.tests.Home.UserMenuDropDownTest" name="Logout" time="13.243"/>
  <system-out/>
  <testcase classname="com.salesforce.tests.Home.UserMenuDropDownTest" name="DeveloperConsoleSetting" time="10.157"/>
  <system-out/>
  <testcase classname="com.salesforce.tests.Home.UserMenuDropDownTest" name="MyProfileSetting" time="9.851"/>
  <system-out/>
</testsuite> <!-- com.salesforce.tests.Home.UserMenuDropDownTest -->
